Start testing: Sep 10 13:26 CEST
----------------------------------------------------------
1/157 Testing: OutputBank.OutputBank
1/157 Test: OutputBank.OutputBank
Command: "/home/pieter/GitHub/Control-Surface/build/bin/tests" "--gtest_filter=OutputBank.OutputBank" "--gtest_also_run_disabled_tests"
Directory: /home/pieter/GitHub/Control-Surface/build
"OutputBank.OutputBank" start time: Sep 10 13:26 CEST
Output:
----------------------------------------------------------
Note: Google Test filter = OutputBank.OutputBank
[==========] Running 1 test from 1 test case.
[----------] Global test environment set-up.
[----------] 1 test from OutputBank
[ RUN      ] OutputBank.OutputBank
[       OK ] OutputBank.OutputBank (0 ms)
[----------] 1 test from OutputBank (0 ms total)

[----------] Global test environment tear-down
[==========] 1 test from 1 test case ran. (0 ms total)
[  PASSED  ] 1 test.
<end of output>
Test time =   0.00 sec
----------------------------------------------------------
Test Passed.
"OutputBank.OutputBank" end time: Sep 10 13:26 CEST
"OutputBank.OutputBank" time elapsed: 00:00:00
----------------------------------------------------------

2/157 Testing: OutputBank.initialSetting
2/157 Test: OutputBank.initialSetting
Command: "/home/pieter/GitHub/Control-Surface/build/bin/tests" "--gtest_filter=OutputBank.initialSetting" "--gtest_also_run_disabled_tests"
Directory: /home/pieter/GitHub/Control-Surface/build
"OutputBank.initialSetting" start time: Sep 10 13:26 CEST
Output:
----------------------------------------------------------
Note: Google Test filter = OutputBank.initialSetting
[==========] Running 1 test from 1 test case.
[----------] Global test environment set-up.
[----------] 1 test from OutputBank
[ RUN      ] OutputBank.initialSetting
[       OK ] OutputBank.initialSetting (0 ms)
[----------] 1 test from OutputBank (0 ms total)

[----------] Global test environment tear-down
[==========] 1 test from 1 test case ran. (0 ms total)
[  PASSED  ] 1 test.
<end of output>
Test time =   0.00 sec
----------------------------------------------------------
Test Passed.
"OutputBank.initialSetting" end time: Sep 10 13:26 CEST
"OutputBank.initialSetting" time elapsed: 00:00:00
----------------------------------------------------------

3/157 Testing: OutputBank.noTracks
3/157 Test: OutputBank.noTracks
Command: "/home/pieter/GitHub/Control-Surface/build/bin/tests" "--gtest_filter=OutputBank.noTracks" "--gtest_also_run_disabled_tests"
Directory: /home/pieter/GitHub/Control-Surface/build
"OutputBank.noTracks" start time: Sep 10 13:26 CEST
Output:
----------------------------------------------------------
Note: Google Test filter = OutputBank.noTracks
[==========] Running 1 test from 1 test case.
[----------] Global test environment set-up.
[----------] 1 test from OutputBank
[ RUN      ] OutputBank.noTracks
[       OK ] OutputBank.noTracks (0 ms)
[----------] 1 test from OutputBank (0 ms total)

[----------] Global test environment tear-down
[==========] 1 test from 1 test case ran. (0 ms total)
[  PASSED  ] 1 test.
<end of output>
Test time =   0.00 sec
----------------------------------------------------------
Test Passed.
"OutputBank.noTracks" end time: Sep 10 13:26 CEST
"OutputBank.noTracks" time elapsed: 00:00:00
----------------------------------------------------------

4/157 Testing: OutputBank.select
4/157 Test: OutputBank.select
Command: "/home/pieter/GitHub/Control-Surface/build/bin/tests" "--gtest_filter=OutputBank.select" "--gtest_also_run_disabled_tests"
Directory: /home/pieter/GitHub/Control-Surface/build
"OutputBank.select" start time: Sep 10 13:26 CEST
Output:
----------------------------------------------------------
Note: Google Test filter = OutputBank.select
[==========] Running 1 test from 1 test case.
[----------] Global test environment set-up.
[----------] 1 test from OutputBank
[ RUN      ] OutputBank.select
[       OK ] OutputBank.select (0 ms)
[----------] 1 test from OutputBank (0 ms total)

[----------] Global test environment tear-down
[==========] 1 test from 1 test case ran. (0 ms total)
[  PASSED  ] 1 test.
<end of output>
Test time =   0.00 sec
----------------------------------------------------------
Test Passed.
"OutputBank.select" end time: Sep 10 13:26 CEST
"OutputBank.select" time elapsed: 00:00:00
----------------------------------------------------------

5/157 Testing: Bank.Bank
5/157 Test: Bank.Bank
Command: "/home/pieter/GitHub/Control-Surface/build/bin/tests" "--gtest_filter=Bank.Bank" "--gtest_also_run_disabled_tests"
Directory: /home/pieter/GitHub/Control-Surface/build
"Bank.Bank" start time: Sep 10 13:26 CEST
Output:
----------------------------------------------------------
Note: Google Test filter = Bank.Bank
[==========] Running 1 test from 1 test case.
[----------] Global test environment set-up.
[----------] 1 test from Bank
[ RUN      ] Bank.Bank
[       OK ] Bank.Bank (0 ms)
[----------] 1 test from Bank (0 ms total)

[----------] Global test environment tear-down
[==========] 1 test from 1 test case ran. (0 ms total)
[  PASSED  ] 1 test.
<end of output>
Test time =   0.00 sec
----------------------------------------------------------
Test Passed.
"Bank.Bank" end time: Sep 10 13:26 CEST
"Bank.Bank" time elapsed: 00:00:00
----------------------------------------------------------

6/157 Testing: Bank.select
6/157 Test: Bank.select
Command: "/home/pieter/GitHub/Control-Surface/build/bin/tests" "--gtest_filter=Bank.select" "--gtest_also_run_disabled_tests"
Directory: /home/pieter/GitHub/Control-Surface/build
"Bank.select" start time: Sep 10 13:26 CEST
Output:
----------------------------------------------------------
Note: Google Test filter = Bank.select
[==========] Running 1 test from 1 test case.
[----------] Global test environment set-up.
[----------] 1 test from Bank
[ RUN      ] Bank.select
[       OK ] Bank.select (0 ms)
[----------] 1 test from Bank (0 ms total)

[----------] Global test environment tear-down
[==========] 1 test from 1 test case ran. (0 ms total)
[  PASSED  ] 1 test.
<end of output>
Test time =   0.00 sec
----------------------------------------------------------
Test Passed.
"Bank.select" end time: Sep 10 13:26 CEST
"Bank.select" time elapsed: 00:00:00
----------------------------------------------------------

7/157 Testing: Bank.selectOutOfBounds
7/157 Test: Bank.selectOutOfBounds
Command: "/home/pieter/GitHub/Control-Surface/build/bin/tests" "--gtest_filter=Bank.selectOutOfBounds" "--gtest_also_run_disabled_tests"
Directory: /home/pieter/GitHub/Control-Surface/build
"Bank.selectOutOfBounds" start time: Sep 10 13:26 CEST
Output:
----------------------------------------------------------
Note: Google Test filter = Bank.selectOutOfBounds
[==========] Running 1 test from 1 test case.
[----------] Global test environment set-up.
[----------] 1 test from Bank
[ RUN      ] Bank.selectOutOfBounds
[       OK ] Bank.selectOutOfBounds (0 ms)
[----------] 1 test from Bank (0 ms total)

[----------] Global test environment tear-down
[==========] 1 test from 1 test case ran. (0 ms total)
[  PASSED  ] 1 test.
<end of output>
Test time =   0.00 sec
----------------------------------------------------------
Test Passed.
"Bank.selectOutOfBounds" end time: Sep 10 13:26 CEST
"Bank.selectOutOfBounds" time elapsed: 00:00:00
----------------------------------------------------------

8/157 Testing: Bank.onBankSettingChange
8/157 Test: Bank.onBankSettingChange
Command: "/home/pieter/GitHub/Control-Surface/build/bin/tests" "--gtest_filter=Bank.onBankSettingChange" "--gtest_also_run_disabled_tests"
Directory: /home/pieter/GitHub/Control-Surface/build
"Bank.onBankSettingChange" start time: Sep 10 13:26 CEST
Output:
----------------------------------------------------------
Note: Google Test filter = Bank.onBankSettingChange
[==========] Running 1 test from 1 test case.
[----------] Global test environment set-up.
[----------] 1 test from Bank
[ RUN      ] Bank.onBankSettingChange
[       OK ] Bank.onBankSettingChange (0 ms)
[----------] 1 test from Bank (0 ms total)

[----------] Global test environment tear-down
[==========] 1 test from 1 test case ran. (0 ms total)
[  PASSED  ] 1 test.
<end of output>
Test time =   0.00 sec
----------------------------------------------------------
Test Passed.
"Bank.onBankSettingChange" end time: Sep 10 13:26 CEST
"Bank.onBankSettingChange" time elapsed: 00:00:00
----------------------------------------------------------

9/157 Testing: AnalogMultiplex.analogReadNoEnable
9/157 Test: AnalogMultiplex.analogReadNoEnable
Command: "/home/pieter/GitHub/Control-Surface/build/bin/tests" "--gtest_filter=AnalogMultiplex.analogReadNoEnable" "--gtest_also_run_disabled_tests"
Directory: /home/pieter/GitHub/Control-Surface/build
"AnalogMultiplex.analogReadNoEnable" start time: Sep 10 13:26 CEST
Output:
----------------------------------------------------------
Note: Google Test filter = AnalogMultiplex.analogReadNoEnable
[==========] Running 1 test from 1 test case.
[----------] Global test environment set-up.
[----------] 1 test from AnalogMultiplex
[ RUN      ] AnalogMultiplex.analogReadNoEnable
[       OK ] AnalogMultiplex.analogReadNoEnable (1 ms)
[----------] 1 test from AnalogMultiplex (1 ms total)

[----------] Global test environment tear-down
[==========] 1 test from 1 test case ran. (1 ms total)
[  PASSED  ] 1 test.
<end of output>
Test time =   0.00 sec
----------------------------------------------------------
Test Passed.
"AnalogMultiplex.analogReadNoEnable" end time: Sep 10 13:26 CEST
"AnalogMultiplex.analogReadNoEnable" time elapsed: 00:00:00
----------------------------------------------------------

10/157 Testing: AnalogMultiplex.digitalReadNoEnable
10/157 Test: AnalogMultiplex.digitalReadNoEnable
Command: "/home/pieter/GitHub/Control-Surface/build/bin/tests" "--gtest_filter=AnalogMultiplex.digitalReadNoEnable" "--gtest_also_run_disabled_tests"
Directory: /home/pieter/GitHub/Control-Surface/build
"AnalogMultiplex.digitalReadNoEnable" start time: Sep 10 13:26 CEST
Output:
----------------------------------------------------------
Note: Google Test filter = AnalogMultiplex.digitalReadNoEnable
[==========] Running 1 test from 1 test case.
[----------] Global test environment set-up.
[----------] 1 test from AnalogMultiplex
[ RUN      ] AnalogMultiplex.digitalReadNoEnable
[       OK ] AnalogMultiplex.digitalReadNoEnable (0 ms)
[----------] 1 test from AnalogMultiplex (0 ms total)

[----------] Global test environment tear-down
[==========] 1 test from 1 test case ran. (0 ms total)
[  PASSED  ] 1 test.
<end of output>
Test time =   0.00 sec
----------------------------------------------------------
Test Passed.
"AnalogMultiplex.digitalReadNoEnable" end time: Sep 10 13:26 CEST
"AnalogMultiplex.digitalReadNoEnable" time elapsed: 00:00:00
----------------------------------------------------------

11/157 Testing: AnalogMultiplex.analogReadEnable
11/157 Test: AnalogMultiplex.analogReadEnable
Command: "/home/pieter/GitHub/Control-Surface/build/bin/tests" "--gtest_filter=AnalogMultiplex.analogReadEnable" "--gtest_also_run_disabled_tests"
Directory: /home/pieter/GitHub/Control-Surface/build
"AnalogMultiplex.analogReadEnable" start time: Sep 10 13:26 CEST
Output:
----------------------------------------------------------
Note: Google Test filter = AnalogMultiplex.analogReadEnable
[==========] Running 1 test from 1 test case.
[----------] Global test environment set-up.
[----------] 1 test from AnalogMultiplex
[ RUN      ] AnalogMultiplex.analogReadEnable
[       OK ] AnalogMultiplex.analogReadEnable (0 ms)
[----------] 1 test from AnalogMultiplex (0 ms total)

[----------] Global test environment tear-down
[==========] 1 test from 1 test case ran. (0 ms total)
[  PASSED  ] 1 test.
<end of output>
Test time =   0.00 sec
----------------------------------------------------------
Test Passed.
"AnalogMultiplex.analogReadEnable" end time: Sep 10 13:26 CEST
"AnalogMultiplex.analogReadEnable" time elapsed: 00:00:00
----------------------------------------------------------

12/157 Testing: AnalogMultiplex.analogReadEnable3
12/157 Test: AnalogMultiplex.analogReadEnable3
Command: "/home/pieter/GitHub/Control-Surface/build/bin/tests" "--gtest_filter=AnalogMultiplex.analogReadEnable3" "--gtest_also_run_disabled_tests"
Directory: /home/pieter/GitHub/Control-Surface/build
"AnalogMultiplex.analogReadEnable3" start time: Sep 10 13:26 CEST
Output:
----------------------------------------------------------
Note: Google Test filter = AnalogMultiplex.analogReadEnable3
[==========] Running 1 test from 1 test case.
[----------] Global test environment set-up.
[----------] 1 test from AnalogMultiplex
[ RUN      ] AnalogMultiplex.analogReadEnable3
[       OK ] AnalogMultiplex.analogReadEnable3 (0 ms)
[----------] 1 test from AnalogMultiplex (0 ms total)

[----------] Global test environment tear-down
[==========] 1 test from 1 test case ran. (0 ms total)
[  PASSED  ] 1 test.
<end of output>
Test time =   0.00 sec
----------------------------------------------------------
Test Passed.
"AnalogMultiplex.analogReadEnable3" end time: Sep 10 13:26 CEST
"AnalogMultiplex.analogReadEnable3" time elapsed: 00:00:00
----------------------------------------------------------

13/157 Testing: AnalogMultiplex.digitalReadEnable
13/157 Test: AnalogMultiplex.digitalReadEnable
Command: "/home/pieter/GitHub/Control-Surface/build/bin/tests" "--gtest_filter=AnalogMultiplex.digitalReadEnable" "--gtest_also_run_disabled_tests"
Directory: /home/pieter/GitHub/Control-Surface/build
"AnalogMultiplex.digitalReadEnable" start time: Sep 10 13:26 CEST
Output:
----------------------------------------------------------
Note: Google Test filter = AnalogMultiplex.digitalReadEnable
[==========] Running 1 test from 1 test case.
[----------] Global test environment set-up.
[----------] 1 test from AnalogMultiplex
[ RUN      ] AnalogMultiplex.digitalReadEnable
[       OK ] AnalogMultiplex.digitalReadEnable (0 ms)
[----------] 1 test from AnalogMultiplex (0 ms total)

[----------] Global test environment tear-down
[==========] 1 test from 1 test case ran. (0 ms total)
[  PASSED  ] 1 test.
<end of output>
Test time =   0.00 sec
----------------------------------------------------------
Test Passed.
"AnalogMultiplex.digitalReadEnable" end time: Sep 10 13:26 CEST
"AnalogMultiplex.digitalReadEnable" time elapsed: 00:00:00
----------------------------------------------------------

14/157 Testing: AnalogMultiplex.pinMode
14/157 Test: AnalogMultiplex.pinMode
Command: "/home/pieter/GitHub/Control-Surface/build/bin/tests" "--gtest_filter=AnalogMultiplex.pinMode" "--gtest_also_run_disabled_tests"
Directory: /home/pieter/GitHub/Control-Surface/build
"AnalogMultiplex.pinMode" start time: Sep 10 13:26 CEST
Output:
----------------------------------------------------------
Note: Google Test filter = AnalogMultiplex.pinMode
[==========] Running 1 test from 1 test case.
[----------] Global test environment set-up.
[----------] 1 test from AnalogMultiplex
[ RUN      ] AnalogMultiplex.pinMode
[       OK ] AnalogMultiplex.pinMode (0 ms)
[----------] 1 test from AnalogMultiplex (0 ms total)

[----------] Global test environment tear-down
[==========] 1 test from 1 test case ran. (0 ms total)
[  PASSED  ] 1 test.
<end of output>
Test time =   0.00 sec
----------------------------------------------------------
Test Passed.
"AnalogMultiplex.pinMode" end time: Sep 10 13:26 CEST
"AnalogMultiplex.pinMode" time elapsed: 00:00:00
----------------------------------------------------------

15/157 Testing: ExtendedInputOutput.digitalRead
15/157 Test: ExtendedInputOutput.digitalRead
Command: "/home/pieter/GitHub/Control-Surface/build/bin/tests" "--gtest_filter=ExtendedInputOutput.digitalRead" "--gtest_also_run_disabled_tests"
Directory: /home/pieter/GitHub/Control-Surface/build
"ExtendedInputOutput.digitalRead" start time: Sep 10 13:26 CEST
Output:
----------------------------------------------------------
Note: Google Test filter = ExtendedInputOutput.digitalRead
[==========] Running 1 test from 1 test case.
[----------] Global test environment set-up.
[----------] 1 test from ExtendedInputOutput
[ RUN      ] ExtendedInputOutput.digitalRead
[       OK ] ExtendedInputOutput.digitalRead (1 ms)
[----------] 1 test from ExtendedInputOutput (1 ms total)

[----------] Global test environment tear-down
[==========] 1 test from 1 test case ran. (1 ms total)
[  PASSED  ] 1 test.
<end of output>
Test time =   0.00 sec
----------------------------------------------------------
Test Passed.
"ExtendedInputOutput.digitalRead" end time: Sep 10 13:26 CEST
"ExtendedInputOutput.digitalRead" time elapsed: 00:00:00
----------------------------------------------------------

16/157 Testing: ExtendedInputOutput.pinOutOfBoundsGt
16/157 Test: ExtendedInputOutput.pinOutOfBoundsGt
Command: "/home/pieter/GitHub/Control-Surface/build/bin/tests" "--gtest_filter=ExtendedInputOutput.pinOutOfBoundsGt" "--gtest_also_run_disabled_tests"
Directory: /home/pieter/GitHub/Control-Surface/build
"ExtendedInputOutput.pinOutOfBoundsGt" start time: Sep 10 13:26 CEST
Output:
----------------------------------------------------------
Note: Google Test filter = ExtendedInputOutput.pinOutOfBoundsGt
[==========] Running 1 test from 1 test case.
[----------] Global test environment set-up.
[----------] 1 test from ExtendedInputOutput
[ RUN      ] ExtendedInputOutput.pinOutOfBoundsGt
[       OK ] ExtendedInputOutput.pinOutOfBoundsGt (0 ms)
[----------] 1 test from ExtendedInputOutput (0 ms total)

[----------] Global test environment tear-down
[==========] 1 test from 1 test case ran. (0 ms total)
[  PASSED  ] 1 test.
<end of output>
Test time =   0.00 sec
----------------------------------------------------------
Test Passed.
"ExtendedInputOutput.pinOutOfBoundsGt" end time: Sep 10 13:26 CEST
"ExtendedInputOutput.pinOutOfBoundsGt" time elapsed: 00:00:00
----------------------------------------------------------

17/157 Testing: ExtendedInputOutput.pinOutOfBoundsLt
17/157 Test: ExtendedInputOutput.pinOutOfBoundsLt
Command: "/home/pieter/GitHub/Control-Surface/build/bin/tests" "--gtest_filter=ExtendedInputOutput.pinOutOfBoundsLt" "--gtest_also_run_disabled_tests"
Directory: /home/pieter/GitHub/Control-Surface/build
"ExtendedInputOutput.pinOutOfBoundsLt" start time: Sep 10 13:26 CEST
Output:
----------------------------------------------------------
Note: Google Test filter = ExtendedInputOutput.pinOutOfBoundsLt
[==========] Running 1 test from 1 test case.
[----------] Global test environment set-up.
[----------] 1 test from ExtendedInputOutput
[ RUN      ] ExtendedInputOutput.pinOutOfBoundsLt
[       OK ] ExtendedInputOutput.pinOutOfBoundsLt (0 ms)
[----------] 1 test from ExtendedInputOutput (0 ms total)

[----------] Global test environment tear-down
[==========] 1 test from 1 test case ran. (0 ms total)
[  PASSED  ] 1 test.
<end of output>
Test time =   0.00 sec
----------------------------------------------------------
Test Passed.
"ExtendedInputOutput.pinOutOfBoundsLt" end time: Sep 10 13:26 CEST
"ExtendedInputOutput.pinOutOfBoundsLt" time elapsed: 00:00:00
----------------------------------------------------------

18/157 Testing: ExtendedInputOutput.nonExistentPin
18/157 Test: ExtendedInputOutput.nonExistentPin
Command: "/home/pieter/GitHub/Control-Surface/build/bin/tests" "--gtest_filter=ExtendedInputOutput.nonExistentPin" "--gtest_also_run_disabled_tests"
Directory: /home/pieter/GitHub/Control-Surface/build
"ExtendedInputOutput.nonExistentPin" start time: Sep 10 13:26 CEST
Output:
----------------------------------------------------------
Note: Google Test filter = ExtendedInputOutput.nonExistentPin
[==========] Running 1 test from 1 test case.
[----------] Global test environment set-up.
[----------] 1 test from ExtendedInputOutput
[ RUN      ] ExtendedInputOutput.nonExistentPin
[       OK ] ExtendedInputOutput.nonExistentPin (0 ms)
[----------] 1 test from ExtendedInputOutput (0 ms total)

[----------] Global test environment tear-down
[==========] 1 test from 1 test case ran. (1 ms total)
[  PASSED  ] 1 test.
<end of output>
Test time =   0.00 sec
----------------------------------------------------------
Test Passed.
"ExtendedInputOutput.nonExistentPin" end time: Sep 10 13:26 CEST
"ExtendedInputOutput.nonExistentPin" time elapsed: 00:00:00
----------------------------------------------------------

19/157 Testing: ExtendedInputOutput.nonExistentPinOfDeletedElement
19/157 Test: ExtendedInputOutput.nonExistentPinOfDeletedElement
Command: "/home/pieter/GitHub/Control-Surface/build/bin/tests" "--gtest_filter=ExtendedInputOutput.nonExistentPinOfDeletedElement" "--gtest_also_run_disabled_tests"
Directory: /home/pieter/GitHub/Control-Surface/build
"ExtendedInputOutput.nonExistentPinOfDeletedElement" start time: Sep 10 13:26 CEST
Output:
----------------------------------------------------------
Note: Google Test filter = ExtendedInputOutput.nonExistentPinOfDeletedElement
[==========] Running 1 test from 1 test case.
[----------] Global test environment set-up.
[----------] 1 test from ExtendedInputOutput
[ RUN      ] ExtendedInputOutput.nonExistentPinOfDeletedElement
[       OK ] ExtendedInputOutput.nonExistentPinOfDeletedElement (0 ms)
[----------] 1 test from ExtendedInputOutput (0 ms total)

[----------] Global test environment tear-down
[==========] 1 test from 1 test case ran. (0 ms total)
[  PASSED  ] 1 test.
<end of output>
Test time =   0.00 sec
----------------------------------------------------------
Test Passed.
"ExtendedInputOutput.nonExistentPinOfDeletedElement" end time: Sep 10 13:26 CEST
"ExtendedInputOutput.nonExistentPinOfDeletedElement" time elapsed: 00:00:00
----------------------------------------------------------

20/157 Testing: ExtendedInputOutput.outOfPinNumbers
20/157 Test: ExtendedInputOutput.outOfPinNumbers
Command: "/home/pieter/GitHub/Control-Surface/build/bin/tests" "--gtest_filter=ExtendedInputOutput.outOfPinNumbers" "--gtest_also_run_disabled_tests"
Directory: /home/pieter/GitHub/Control-Surface/build
"ExtendedInputOutput.outOfPinNumbers" start time: Sep 10 13:26 CEST
Output:
----------------------------------------------------------
Note: Google Test filter = ExtendedInputOutput.outOfPinNumbers
[==========] Running 1 test from 1 test case.
[----------] Global test environment set-up.
[----------] 1 test from ExtendedInputOutput
[ RUN      ] ExtendedInputOutput.outOfPinNumbers
[       OK ] ExtendedInputOutput.outOfPinNumbers (0 ms)
[----------] 1 test from ExtendedInputOutput (0 ms total)

[----------] Global test environment tear-down
[==========] 1 test from 1 test case ran. (1 ms total)
[  PASSED  ] 1 test.
<end of output>
Test time =   0.00 sec
----------------------------------------------------------
Test Passed.
"ExtendedInputOutput.outOfPinNumbers" end time: Sep 10 13:26 CEST
"ExtendedInputOutput.outOfPinNumbers" time elapsed: 00:00:00
----------------------------------------------------------

21/157 Testing: Button.construct
21/157 Test: Button.construct
Command: "/home/pieter/GitHub/Control-Surface/build/bin/tests" "--gtest_filter=Button.construct" "--gtest_also_run_disabled_tests"
Directory: /home/pieter/GitHub/Control-Surface/build
"Button.construct" start time: Sep 10 13:26 CEST
Output:
----------------------------------------------------------
Note: Google Test filter = Button.construct
[==========] Running 1 test from 1 test case.
[----------] Global test environment set-up.
[----------] 1 test from Button
[ RUN      ] Button.construct
[       OK ] Button.construct (0 ms)
[----------] 1 test from Button (0 ms total)

[----------] Global test environment tear-down
[==========] 1 test from 1 test case ran. (0 ms total)
[  PASSED  ] 1 test.
<end of output>
Test time =   0.00 sec
----------------------------------------------------------
Test Passed.
"Button.construct" end time: Sep 10 13:26 CEST
"Button.construct" time elapsed: 00:00:00
----------------------------------------------------------

22/157 Testing: Button.released
22/157 Test: Button.released
Command: "/home/pieter/GitHub/Control-Surface/build/bin/tests" "--gtest_filter=Button.released" "--gtest_also_run_disabled_tests"
Directory: /home/pieter/GitHub/Control-Surface/build
"Button.released" start time: Sep 10 13:26 CEST
Output:
----------------------------------------------------------
Note: Google Test filter = Button.released
[==========] Running 1 test from 1 test case.
[----------] Global test environment set-up.
[----------] 1 test from Button
[ RUN      ] Button.released
[       OK ] Button.released (0 ms)
[----------] 1 test from Button (0 ms total)

[----------] Global test environment tear-down
[==========] 1 test from 1 test case ran. (0 ms total)
[  PASSED  ] 1 test.
<end of output>
Test time =   0.00 sec
----------------------------------------------------------
Test Passed.
"Button.released" end time: Sep 10 13:26 CEST
"Button.released" time elapsed: 00:00:00
----------------------------------------------------------

23/157 Testing: Button.falling
23/157 Test: Button.falling
Command: "/home/pieter/GitHub/Control-Surface/build/bin/tests" "--gtest_filter=Button.falling" "--gtest_also_run_disabled_tests"
Directory: /home/pieter/GitHub/Control-Surface/build
"Button.falling" start time: Sep 10 13:26 CEST
Output:
----------------------------------------------------------
Note: Google Test filter = Button.falling
[==========] Running 1 test from 1 test case.
[----------] Global test environment set-up.
[----------] 1 test from Button
[ RUN      ] Button.falling
[       OK ] Button.falling (0 ms)
[----------] 1 test from Button (0 ms total)

[----------] Global test environment tear-down
[==========] 1 test from 1 test case ran. (0 ms total)
[  PASSED  ] 1 test.
<end of output>
Test time =   0.00 sec
----------------------------------------------------------
Test Passed.
"Button.falling" end time: Sep 10 13:26 CEST
"Button.falling" time elapsed: 00:00:00
----------------------------------------------------------

24/157 Testing: Button.pressed
24/157 Test: Button.pressed
Command: "/home/pieter/GitHub/Control-Surface/build/bin/tests" "--gtest_filter=Button.pressed" "--gtest_also_run_disabled_tests"
Directory: /home/pieter/GitHub/Control-Surface/build
"Button.pressed" start time: Sep 10 13:26 CEST
Output:
----------------------------------------------------------
Note: Google Test filter = Button.pressed
[==========] Running 1 test from 1 test case.
[----------] Global test environment set-up.
[----------] 1 test from Button
[ RUN      ] Button.pressed
[       OK ] Button.pressed (0 ms)
[----------] 1 test from Button (0 ms total)

[----------] Global test environment tear-down
[==========] 1 test from 1 test case ran. (0 ms total)
[  PASSED  ] 1 test.
<end of output>
Test time =   0.00 sec
----------------------------------------------------------
Test Passed.
"Button.pressed" end time: Sep 10 13:26 CEST
"Button.pressed" time elapsed: 00:00:00
----------------------------------------------------------

25/157 Testing: Button.rising
25/157 Test: Button.rising
Command: "/home/pieter/GitHub/Control-Surface/build/bin/tests" "--gtest_filter=Button.rising" "--gtest_also_run_disabled_tests"
Directory: /home/pieter/GitHub/Control-Surface/build
"Button.rising" start time: Sep 10 13:26 CEST
Output:
----------------------------------------------------------
Note: Google Test filter = Button.rising
[==========] Running 1 test from 1 test case.
[----------] Global test environment set-up.
[----------] 1 test from Button
[ RUN      ] Button.rising
[       OK ] Button.rising (0 ms)
[----------] 1 test from Button (0 ms total)

[----------] Global test environment tear-down
[==========] 1 test from 1 test case ran. (0 ms total)
[  PASSED  ] 1 test.
<end of output>
Test time =   0.00 sec
----------------------------------------------------------
Test Passed.
"Button.rising" end time: Sep 10 13:26 CEST
"Button.rising" time elapsed: 00:00:00
----------------------------------------------------------

26/157 Testing: Button.debouncePressed
26/157 Test: Button.debouncePressed
Command: "/home/pieter/GitHub/Control-Surface/build/bin/tests" "--gtest_filter=Button.debouncePressed" "--gtest_also_run_disabled_tests"
Directory: /home/pieter/GitHub/Control-Surface/build
"Button.debouncePressed" start time: Sep 10 13:26 CEST
Output:
----------------------------------------------------------
Note: Google Test filter = Button.debouncePressed
[==========] Running 1 test from 1 test case.
[----------] Global test environment set-up.
[----------] 1 test from Button
[ RUN      ] Button.debouncePressed
[       OK ] Button.debouncePressed (0 ms)
[----------] 1 test from Button (0 ms total)

[----------] Global test environment tear-down
[==========] 1 test from 1 test case ran. (0 ms total)
[  PASSED  ] 1 test.
<end of output>
Test time =   0.00 sec
----------------------------------------------------------
Test Passed.
"Button.debouncePressed" end time: Sep 10 13:26 CEST
"Button.debouncePressed" time elapsed: 00:00:00
----------------------------------------------------------

27/157 Testing: Button.debounceReleased
27/157 Test: Button.debounceReleased
Command: "/home/pieter/GitHub/Control-Surface/build/bin/tests" "--gtest_filter=Button.debounceReleased" "--gtest_also_run_disabled_tests"
Directory: /home/pieter/GitHub/Control-Surface/build
"Button.debounceReleased" start time: Sep 10 13:26 CEST
Output:
----------------------------------------------------------
Note: Google Test filter = Button.debounceReleased
[==========] Running 1 test from 1 test case.
[----------] Global test environment set-up.
[----------] 1 test from Button
[ RUN      ] Button.debounceReleased
[       OK ] Button.debounceReleased (0 ms)
[----------] 1 test from Button (0 ms total)

[----------] Global test environment tear-down
[==========] 1 test from 1 test case ran. (0 ms total)
[  PASSED  ] 1 test.
<end of output>
Test time =   0.00 sec
----------------------------------------------------------
Test Passed.
"Button.debounceReleased" end time: Sep 10 13:26 CEST
"Button.debounceReleased" time elapsed: 00:00:00
----------------------------------------------------------

28/157 Testing: Array.initializeAndRetrieve
28/157 Test: Array.initializeAndRetrieve
Command: "/home/pieter/GitHub/Control-Surface/build/bin/tests" "--gtest_filter=Array.initializeAndRetrieve" "--gtest_also_run_disabled_tests"
Directory: /home/pieter/GitHub/Control-Surface/build
"Array.initializeAndRetrieve" start time: Sep 10 13:26 CEST
Output:
----------------------------------------------------------
Note: Google Test filter = Array.initializeAndRetrieve
[==========] Running 1 test from 1 test case.
[----------] Global test environment set-up.
[----------] 1 test from Array
[ RUN      ] Array.initializeAndRetrieve
[       OK ] Array.initializeAndRetrieve (0 ms)
[----------] 1 test from Array (0 ms total)

[----------] Global test environment tear-down
[==========] 1 test from 1 test case ran. (1 ms total)
[  PASSED  ] 1 test.
<end of output>
Test time =   0.00 sec
----------------------------------------------------------
Test Passed.
"Array.initializeAndRetrieve" end time: Sep 10 13:26 CEST
"Array.initializeAndRetrieve" time elapsed: 00:00:00
----------------------------------------------------------

29/157 Testing: Array.initializeAndRetrieveConst
29/157 Test: Array.initializeAndRetrieveConst
Command: "/home/pieter/GitHub/Control-Surface/build/bin/tests" "--gtest_filter=Array.initializeAndRetrieveConst" "--gtest_also_run_disabled_tests"
Directory: /home/pieter/GitHub/Control-Surface/build
"Array.initializeAndRetrieveConst" start time: Sep 10 13:26 CEST
Output:
----------------------------------------------------------
Note: Google Test filter = Array.initializeAndRetrieveConst
[==========] Running 1 test from 1 test case.
[----------] Global test environment set-up.
[----------] 1 test from Array
[ RUN      ] Array.initializeAndRetrieveConst
[       OK ] Array.initializeAndRetrieveConst (0 ms)
[----------] 1 test from Array (0 ms total)

[----------] Global test environment tear-down
[==========] 1 test from 1 test case ran. (0 ms total)
[  PASSED  ] 1 test.
<end of output>
Test time =   0.00 sec
----------------------------------------------------------
Test Passed.
"Array.initializeAndRetrieveConst" end time: Sep 10 13:26 CEST
"Array.initializeAndRetrieveConst" time elapsed: 00:00:00
----------------------------------------------------------

30/157 Testing: Array.write
30/157 Test: Array.write
Command: "/home/pieter/GitHub/Control-Surface/build/bin/tests" "--gtest_filter=Array.write" "--gtest_also_run_disabled_tests"
Directory: /home/pieter/GitHub/Control-Surface/build
"Array.write" start time: Sep 10 13:26 CEST
Output:
----------------------------------------------------------
Note: Google Test filter = Array.write
[==========] Running 1 test from 1 test case.
[----------] Global test environment set-up.
[----------] 1 test from Array
[ RUN      ] Array.write
[       OK ] Array.write (0 ms)
[----------] 1 test from Array (0 ms total)

[----------] Global test environment tear-down
[==========] 1 test from 1 test case ran. (0 ms total)
[  PASSED  ] 1 test.
<end of output>
Test time =   0.00 sec
----------------------------------------------------------
Test Passed.
"Array.write" end time: Sep 10 13:26 CEST
"Array.write" time elapsed: 00:00:00
----------------------------------------------------------

31/157 Testing: Array.rangeFor
31/157 Test: Array.rangeFor
Command: "/home/pieter/GitHub/Control-Surface/build/bin/tests" "--gtest_filter=Array.rangeFor" "--gtest_also_run_disabled_tests"
Directory: /home/pieter/GitHub/Control-Surface/build
"Array.rangeFor" start time: Sep 10 13:26 CEST
Output:
----------------------------------------------------------
Note: Google Test filter = Array.rangeFor
[==========] Running 1 test from 1 test case.
[----------] Global test environment set-up.
[----------] 1 test from Array
[ RUN      ] Array.rangeFor
[       OK ] Array.rangeFor (0 ms)
[----------] 1 test from Array (0 ms total)

[----------] Global test environment tear-down
[==========] 1 test from 1 test case ran. (0 ms total)
[  PASSED  ] 1 test.
<end of output>
Test time =   0.00 sec
----------------------------------------------------------
Test Passed.
"Array.rangeFor" end time: Sep 10 13:26 CEST
"Array.rangeFor" time elapsed: 00:00:00
----------------------------------------------------------

32/157 Testing: Array.rangeForConst
32/157 Test: Array.rangeForConst
Command: "/home/pieter/GitHub/Control-Surface/build/bin/tests" "--gtest_filter=Array.rangeForConst" "--gtest_also_run_disabled_tests"
Directory: /home/pieter/GitHub/Control-Surface/build
"Array.rangeForConst" start time: Sep 10 13:26 CEST
Output:
----------------------------------------------------------
Note: Google Test filter = Array.rangeForConst
[==========] Running 1 test from 1 test case.
[----------] Global test environment set-up.
[----------] 1 test from Array
[ RUN      ] Array.rangeForConst
[       OK ] Array.rangeForConst (0 ms)
[----------] 1 test from Array (1 ms total)

[----------] Global test environment tear-down
[==========] 1 test from 1 test case ran. (1 ms total)
[  PASSED  ] 1 test.
<end of output>
Test time =   0.00 sec
----------------------------------------------------------
Test Passed.
"Array.rangeForConst" end time: Sep 10 13:26 CEST
"Array.rangeForConst" time elapsed: 00:00:00
----------------------------------------------------------

33/157 Testing: Array.equality
33/157 Test: Array.equality
Command: "/home/pieter/GitHub/Control-Surface/build/bin/tests" "--gtest_filter=Array.equality" "--gtest_also_run_disabled_tests"
Directory: /home/pieter/GitHub/Control-Surface/build
"Array.equality" start time: Sep 10 13:26 CEST
Output:
----------------------------------------------------------
Note: Google Test filter = Array.equality
[==========] Running 1 test from 1 test case.
[----------] Global test environment set-up.
[----------] 1 test from Array
[ RUN      ] Array.equality
[       OK ] Array.equality (0 ms)
[----------] 1 test from Array (0 ms total)

[----------] Global test environment tear-down
[==========] 1 test from 1 test case ran. (0 ms total)
[  PASSED  ] 1 test.
<end of output>
Test time =   0.00 sec
----------------------------------------------------------
Test Passed.
"Array.equality" end time: Sep 10 13:26 CEST
"Array.equality" time elapsed: 00:00:00
----------------------------------------------------------

34/157 Testing: Array2D.initialize
34/157 Test: Array2D.initialize
Command: "/home/pieter/GitHub/Control-Surface/build/bin/tests" "--gtest_filter=Array2D.initialize" "--gtest_also_run_disabled_tests"
Directory: /home/pieter/GitHub/Control-Surface/build
"Array2D.initialize" start time: Sep 10 13:26 CEST
Output:
----------------------------------------------------------
Note: Google Test filter = Array2D.initialize
[==========] Running 1 test from 1 test case.
[----------] Global test environment set-up.
[----------] 1 test from Array2D
[ RUN      ] Array2D.initialize
[       OK ] Array2D.initialize (0 ms)
[----------] 1 test from Array2D (0 ms total)

[----------] Global test environment tear-down
[==========] 1 test from 1 test case ran. (0 ms total)
[  PASSED  ] 1 test.
<end of output>
Test time =   0.00 sec
----------------------------------------------------------
Test Passed.
"Array2D.initialize" end time: Sep 10 13:26 CEST
"Array2D.initialize" time elapsed: 00:00:00
----------------------------------------------------------

35/157 Testing: generateArray.simple
35/157 Test: generateArray.simple
Command: "/home/pieter/GitHub/Control-Surface/build/bin/tests" "--gtest_filter=generateArray.simple" "--gtest_also_run_disabled_tests"
Directory: /home/pieter/GitHub/Control-Surface/build
"generateArray.simple" start time: Sep 10 13:26 CEST
Output:
----------------------------------------------------------
Note: Google Test filter = generateArray.simple
[==========] Running 1 test from 1 test case.
[----------] Global test environment set-up.
[----------] 1 test from generateArray
[ RUN      ] generateArray.simple
[       OK ] generateArray.simple (0 ms)
[----------] 1 test from generateArray (0 ms total)

[----------] Global test environment tear-down
[==========] 1 test from 1 test case ran. (0 ms total)
[  PASSED  ] 1 test.
<end of output>
Test time =   0.00 sec
----------------------------------------------------------
Test Passed.
"generateArray.simple" end time: Sep 10 13:26 CEST
"generateArray.simple" time elapsed: 00:00:00
----------------------------------------------------------

36/157 Testing: DoublyLinkedList.insertNode
36/157 Test: DoublyLinkedList.insertNode
Command: "/home/pieter/GitHub/Control-Surface/build/bin/tests" "--gtest_filter=DoublyLinkedList.insertNode" "--gtest_also_run_disabled_tests"
Directory: /home/pieter/GitHub/Control-Surface/build
"DoublyLinkedList.insertNode" start time: Sep 10 13:26 CEST
Output:
----------------------------------------------------------
Note: Google Test filter = DoublyLinkedList.insertNode
[==========] Running 1 test from 1 test case.
[----------] Global test environment set-up.
[----------] 1 test from DoublyLinkedList
[ RUN      ] DoublyLinkedList.insertNode
[       OK ] DoublyLinkedList.insertNode (0 ms)
[----------] 1 test from DoublyLinkedList (0 ms total)

[----------] Global test environment tear-down
[==========] 1 test from 1 test case ran. (0 ms total)
[  PASSED  ] 1 test.
<end of output>
Test time =   0.00 sec
----------------------------------------------------------
Test Passed.
"DoublyLinkedList.insertNode" end time: Sep 10 13:26 CEST
"DoublyLinkedList.insertNode" time elapsed: 00:00:00
----------------------------------------------------------

37/157 Testing: DoublyLinkedList.deleteNode
37/157 Test: DoublyLinkedList.deleteNode
Command: "/home/pieter/GitHub/Control-Surface/build/bin/tests" "--gtest_filter=DoublyLinkedList.deleteNode" "--gtest_also_run_disabled_tests"
Directory: /home/pieter/GitHub/Control-Surface/build
"DoublyLinkedList.deleteNode" start time: Sep 10 13:26 CEST
Output:
----------------------------------------------------------
Note: Google Test filter = DoublyLinkedList.deleteNode
[==========] Running 1 test from 1 test case.
[----------] Global test environment set-up.
[----------] 1 test from DoublyLinkedList
[ RUN      ] DoublyLinkedList.deleteNode
[       OK ] DoublyLinkedList.deleteNode (0 ms)
[----------] 1 test from DoublyLinkedList (0 ms total)

[----------] Global test environment tear-down
[==========] 1 test from 1 test case ran. (0 ms total)
[  PASSED  ] 1 test.
<end of output>
Test time =   0.00 sec
----------------------------------------------------------
Test Passed.
"DoublyLinkedList.deleteNode" end time: Sep 10 13:26 CEST
"DoublyLinkedList.deleteNode" time elapsed: 00:00:00
----------------------------------------------------------

38/157 Testing: DoublyLinkedList.deleteFirstNode
38/157 Test: DoublyLinkedList.deleteFirstNode
Command: "/home/pieter/GitHub/Control-Surface/build/bin/tests" "--gtest_filter=DoublyLinkedList.deleteFirstNode" "--gtest_also_run_disabled_tests"
Directory: /home/pieter/GitHub/Control-Surface/build
"DoublyLinkedList.deleteFirstNode" start time: Sep 10 13:26 CEST
Output:
----------------------------------------------------------
Note: Google Test filter = DoublyLinkedList.deleteFirstNode
[==========] Running 1 test from 1 test case.
[----------] Global test environment set-up.
[----------] 1 test from DoublyLinkedList
[ RUN      ] DoublyLinkedList.deleteFirstNode
[       OK ] DoublyLinkedList.deleteFirstNode (0 ms)
[----------] 1 test from DoublyLinkedList (0 ms total)

[----------] Global test environment tear-down
[==========] 1 test from 1 test case ran. (0 ms total)
[  PASSED  ] 1 test.
<end of output>
Test time =   0.00 sec
----------------------------------------------------------
Test Passed.
"DoublyLinkedList.deleteFirstNode" end time: Sep 10 13:26 CEST
"DoublyLinkedList.deleteFirstNode" time elapsed: 00:00:00
----------------------------------------------------------

39/157 Testing: DoublyLinkedList.deleteLastNode
39/157 Test: DoublyLinkedList.deleteLastNode
Command: "/home/pieter/GitHub/Control-Surface/build/bin/tests" "--gtest_filter=DoublyLinkedList.deleteLastNode" "--gtest_also_run_disabled_tests"
Directory: /home/pieter/GitHub/Control-Surface/build
"DoublyLinkedList.deleteLastNode" start time: Sep 10 13:26 CEST
Output:
----------------------------------------------------------
Note: Google Test filter = DoublyLinkedList.deleteLastNode
[==========] Running 1 test from 1 test case.
[----------] Global test environment set-up.
[----------] 1 test from DoublyLinkedList
[ RUN      ] DoublyLinkedList.deleteLastNode
[       OK ] DoublyLinkedList.deleteLastNode (0 ms)
[----------] 1 test from DoublyLinkedList (0 ms total)

[----------] Global test environment tear-down
[==========] 1 test from 1 test case ran. (0 ms total)
[  PASSED  ] 1 test.
<end of output>
Test time =   0.00 sec
----------------------------------------------------------
Test Passed.
"DoublyLinkedList.deleteLastNode" end time: Sep 10 13:26 CEST
"DoublyLinkedList.deleteLastNode" time elapsed: 00:00:00
----------------------------------------------------------

40/157 Testing: DoublyLinkedList.moveDownNode
40/157 Test: DoublyLinkedList.moveDownNode
Command: "/home/pieter/GitHub/Control-Surface/build/bin/tests" "--gtest_filter=DoublyLinkedList.moveDownNode" "--gtest_also_run_disabled_tests"
Directory: /home/pieter/GitHub/Control-Surface/build
"DoublyLinkedList.moveDownNode" start time: Sep 10 13:26 CEST
Output:
----------------------------------------------------------
Note: Google Test filter = DoublyLinkedList.moveDownNode
[==========] Running 1 test from 1 test case.
[----------] Global test environment set-up.
[----------] 1 test from DoublyLinkedList
[ RUN      ] DoublyLinkedList.moveDownNode
[       OK ] DoublyLinkedList.moveDownNode (0 ms)
[----------] 1 test from DoublyLinkedList (0 ms total)

[----------] Global test environment tear-down
[==========] 1 test from 1 test case ran. (0 ms total)
[  PASSED  ] 1 test.
<end of output>
Test time =   0.00 sec
----------------------------------------------------------
Test Passed.
"DoublyLinkedList.moveDownNode" end time: Sep 10 13:26 CEST
"DoublyLinkedList.moveDownNode" time elapsed: 00:00:00
----------------------------------------------------------

41/157 Testing: DoublyLinkedList.moveDownFirstNode
41/157 Test: DoublyLinkedList.moveDownFirstNode
Command: "/home/pieter/GitHub/Control-Surface/build/bin/tests" "--gtest_filter=DoublyLinkedList.moveDownFirstNode" "--gtest_also_run_disabled_tests"
Directory: /home/pieter/GitHub/Control-Surface/build
"DoublyLinkedList.moveDownFirstNode" start time: Sep 10 13:26 CEST
Output:
----------------------------------------------------------
Note: Google Test filter = DoublyLinkedList.moveDownFirstNode
[==========] Running 1 test from 1 test case.
[----------] Global test environment set-up.
[----------] 1 test from DoublyLinkedList
[ RUN      ] DoublyLinkedList.moveDownFirstNode
[       OK ] DoublyLinkedList.moveDownFirstNode (0 ms)
[----------] 1 test from DoublyLinkedList (0 ms total)

[----------] Global test environment tear-down
[==========] 1 test from 1 test case ran. (0 ms total)
[  PASSED  ] 1 test.
<end of output>
Test time =   0.00 sec
----------------------------------------------------------
Test Passed.
"DoublyLinkedList.moveDownFirstNode" end time: Sep 10 13:26 CEST
"DoublyLinkedList.moveDownFirstNode" time elapsed: 00:00:00
----------------------------------------------------------

42/157 Testing: DoublyLinkedList.moveDownSecondNode
42/157 Test: DoublyLinkedList.moveDownSecondNode
Command: "/home/pieter/GitHub/Control-Surface/build/bin/tests" "--gtest_filter=DoublyLinkedList.moveDownSecondNode" "--gtest_also_run_disabled_tests"
Directory: /home/pieter/GitHub/Control-Surface/build
"DoublyLinkedList.moveDownSecondNode" start time: Sep 10 13:26 CEST
Output:
----------------------------------------------------------
Note: Google Test filter = DoublyLinkedList.moveDownSecondNode
[==========] Running 1 test from 1 test case.
[----------] Global test environment set-up.
[----------] 1 test from DoublyLinkedList
[ RUN      ] DoublyLinkedList.moveDownSecondNode
[       OK ] DoublyLinkedList.moveDownSecondNode (0 ms)
[----------] 1 test from DoublyLinkedList (0 ms total)

[----------] Global test environment tear-down
[==========] 1 test from 1 test case ran. (0 ms total)
[  PASSED  ] 1 test.
<end of output>
Test time =   0.00 sec
----------------------------------------------------------
Test Passed.
"DoublyLinkedList.moveDownSecondNode" end time: Sep 10 13:26 CEST
"DoublyLinkedList.moveDownSecondNode" time elapsed: 00:00:00
----------------------------------------------------------

43/157 Testing: DoublyLinkedList.moveDownLastNode
43/157 Test: DoublyLinkedList.moveDownLastNode
Command: "/home/pieter/GitHub/Control-Surface/build/bin/tests" "--gtest_filter=DoublyLinkedList.moveDownLastNode" "--gtest_also_run_disabled_tests"
Directory: /home/pieter/GitHub/Control-Surface/build
"DoublyLinkedList.moveDownLastNode" start time: Sep 10 13:26 CEST
Output:
----------------------------------------------------------
Note: Google Test filter = DoublyLinkedList.moveDownLastNode
[==========] Running 1 test from 1 test case.
[----------] Global test environment set-up.
[----------] 1 test from DoublyLinkedList
[ RUN      ] DoublyLinkedList.moveDownLastNode
[       OK ] DoublyLinkedList.moveDownLastNode (0 ms)
[----------] 1 test from DoublyLinkedList (0 ms total)

[----------] Global test environment tear-down
[==========] 1 test from 1 test case ran. (0 ms total)
[  PASSED  ] 1 test.
<end of output>
Test time =   0.00 sec
----------------------------------------------------------
Test Passed.
"DoublyLinkedList.moveDownLastNode" end time: Sep 10 13:26 CEST
"DoublyLinkedList.moveDownLastNode" time elapsed: 00:00:00
----------------------------------------------------------

44/157 Testing: DoublyLinkedList.moveDownOnlyElement
44/157 Test: DoublyLinkedList.moveDownOnlyElement
Command: "/home/pieter/GitHub/Control-Surface/build/bin/tests" "--gtest_filter=DoublyLinkedList.moveDownOnlyElement" "--gtest_also_run_disabled_tests"
Directory: /home/pieter/GitHub/Control-Surface/build
"DoublyLinkedList.moveDownOnlyElement" start time: Sep 10 13:26 CEST
Output:
----------------------------------------------------------
Note: Google Test filter = DoublyLinkedList.moveDownOnlyElement
[==========] Running 1 test from 1 test case.
[----------] Global test environment set-up.
[----------] 1 test from DoublyLinkedList
[ RUN      ] DoublyLinkedList.moveDownOnlyElement
[       OK ] DoublyLinkedList.moveDownOnlyElement (0 ms)
[----------] 1 test from DoublyLinkedList (0 ms total)

[----------] Global test environment tear-down
[==========] 1 test from 1 test case ran. (0 ms total)
[  PASSED  ] 1 test.
<end of output>
Test time =   0.00 sec
----------------------------------------------------------
Test Passed.
"DoublyLinkedList.moveDownOnlyElement" end time: Sep 10 13:26 CEST
"DoublyLinkedList.moveDownOnlyElement" time elapsed: 00:00:00
----------------------------------------------------------

45/157 Testing: DoublyLinkedList.couldContainInsert
45/157 Test: DoublyLinkedList.couldContainInsert
Command: "/home/pieter/GitHub/Control-Surface/build/bin/tests" "--gtest_filter=DoublyLinkedList.couldContainInsert" "--gtest_also_run_disabled_tests"
Directory: /home/pieter/GitHub/Control-Surface/build
"DoublyLinkedList.couldContainInsert" start time: Sep 10 13:26 CEST
Output:
----------------------------------------------------------
Note: Google Test filter = DoublyLinkedList.couldContainInsert
[==========] Running 1 test from 1 test case.
[----------] Global test environment set-up.
[----------] 1 test from DoublyLinkedList
[ RUN      ] DoublyLinkedList.couldContainInsert
[       OK ] DoublyLinkedList.couldContainInsert (0 ms)
[----------] 1 test from DoublyLinkedList (0 ms total)

[----------] Global test environment tear-down
[==========] 1 test from 1 test case ran. (0 ms total)
[  PASSED  ] 1 test.
<end of output>
Test time =   0.00 sec
----------------------------------------------------------
Test Passed.
"DoublyLinkedList.couldContainInsert" end time: Sep 10 13:26 CEST
"DoublyLinkedList.couldContainInsert" time elapsed: 00:00:00
----------------------------------------------------------

46/157 Testing: DoublyLinkedList.couldContainDeleteFirst
46/157 Test: DoublyLinkedList.couldContainDeleteFirst
Command: "/home/pieter/GitHub/Control-Surface/build/bin/tests" "--gtest_filter=DoublyLinkedList.couldContainDeleteFirst" "--gtest_also_run_disabled_tests"
Directory: /home/pieter/GitHub/Control-Surface/build
"DoublyLinkedList.couldContainDeleteFirst" start time: Sep 10 13:26 CEST
Output:
----------------------------------------------------------
Note: Google Test filter = DoublyLinkedList.couldContainDeleteFirst
[==========] Running 1 test from 1 test case.
[----------] Global test environment set-up.
[----------] 1 test from DoublyLinkedList
[ RUN      ] DoublyLinkedList.couldContainDeleteFirst
[       OK ] DoublyLinkedList.couldContainDeleteFirst (0 ms)
[----------] 1 test from DoublyLinkedList (0 ms total)

[----------] Global test environment tear-down
[==========] 1 test from 1 test case ran. (0 ms total)
[  PASSED  ] 1 test.
<end of output>
Test time =   0.00 sec
----------------------------------------------------------
Test Passed.
"DoublyLinkedList.couldContainDeleteFirst" end time: Sep 10 13:26 CEST
"DoublyLinkedList.couldContainDeleteFirst" time elapsed: 00:00:00
----------------------------------------------------------

47/157 Testing: DoublyLinkedList.couldContainDeleteMiddle
47/157 Test: DoublyLinkedList.couldContainDeleteMiddle
Command: "/home/pieter/GitHub/Control-Surface/build/bin/tests" "--gtest_filter=DoublyLinkedList.couldContainDeleteMiddle" "--gtest_also_run_disabled_tests"
Directory: /home/pieter/GitHub/Control-Surface/build
"DoublyLinkedList.couldContainDeleteMiddle" start time: Sep 10 13:26 CEST
Output:
----------------------------------------------------------
Note: Google Test filter = DoublyLinkedList.couldContainDeleteMiddle
[==========] Running 1 test from 1 test case.
[----------] Global test environment set-up.
[----------] 1 test from DoublyLinkedList
[ RUN      ] DoublyLinkedList.couldContainDeleteMiddle
[       OK ] DoublyLinkedList.couldContainDeleteMiddle (0 ms)
[----------] 1 test from DoublyLinkedList (0 ms total)

[----------] Global test environment tear-down
[==========] 1 test from 1 test case ran. (0 ms total)
[  PASSED  ] 1 test.
<end of output>
Test time =   0.00 sec
----------------------------------------------------------
Test Passed.
"DoublyLinkedList.couldContainDeleteMiddle" end time: Sep 10 13:26 CEST
"DoublyLinkedList.couldContainDeleteMiddle" time elapsed: 00:00:00
----------------------------------------------------------

48/157 Testing: DoublyLinkedList.couldContainDeleteLast
48/157 Test: DoublyLinkedList.couldContainDeleteLast
Command: "/home/pieter/GitHub/Control-Surface/build/bin/tests" "--gtest_filter=DoublyLinkedList.couldContainDeleteLast" "--gtest_also_run_disabled_tests"
Directory: /home/pieter/GitHub/Control-Surface/build
"DoublyLinkedList.couldContainDeleteLast" start time: Sep 10 13:26 CEST
Output:
----------------------------------------------------------
Note: Google Test filter = DoublyLinkedList.couldContainDeleteLast
[==========] Running 1 test from 1 test case.
[----------] Global test environment set-up.
[----------] 1 test from DoublyLinkedList
[ RUN      ] DoublyLinkedList.couldContainDeleteLast
[       OK ] DoublyLinkedList.couldContainDeleteLast (0 ms)
[----------] 1 test from DoublyLinkedList (0 ms total)

[----------] Global test environment tear-down
[==========] 1 test from 1 test case ran. (0 ms total)
[  PASSED  ] 1 test.
<end of output>
Test time =   0.00 sec
----------------------------------------------------------
Test Passed.
"DoublyLinkedList.couldContainDeleteLast" end time: Sep 10 13:26 CEST
"DoublyLinkedList.couldContainDeleteLast" time elapsed: 00:00:00
----------------------------------------------------------

49/157 Testing: DoublyLinkedList.iterator
49/157 Test: DoublyLinkedList.iterator
Command: "/home/pieter/GitHub/Control-Surface/build/bin/tests" "--gtest_filter=DoublyLinkedList.iterator" "--gtest_also_run_disabled_tests"
Directory: /home/pieter/GitHub/Control-Surface/build
"DoublyLinkedList.iterator" start time: Sep 10 13:26 CEST
Output:
----------------------------------------------------------
Note: Google Test filter = DoublyLinkedList.iterator
[==========] Running 1 test from 1 test case.
[----------] Global test environment set-up.
[----------] 1 test from DoublyLinkedList
[ RUN      ] DoublyLinkedList.iterator
[       OK ] DoublyLinkedList.iterator (0 ms)
[----------] 1 test from DoublyLinkedList (0 ms total)

[----------] Global test environment tear-down
[==========] 1 test from 1 test case ran. (0 ms total)
[  PASSED  ] 1 test.
<end of output>
Test time =   0.00 sec
----------------------------------------------------------
Test Passed.
"DoublyLinkedList.iterator" end time: Sep 10 13:26 CEST
"DoublyLinkedList.iterator" time elapsed: 00:00:00
----------------------------------------------------------

50/157 Testing: DoublyLinkedList.const_iterator
50/157 Test: DoublyLinkedList.const_iterator
Command: "/home/pieter/GitHub/Control-Surface/build/bin/tests" "--gtest_filter=DoublyLinkedList.const_iterator" "--gtest_also_run_disabled_tests"
Directory: /home/pieter/GitHub/Control-Surface/build
"DoublyLinkedList.const_iterator" start time: Sep 10 13:26 CEST
Output:
----------------------------------------------------------
Note: Google Test filter = DoublyLinkedList.const_iterator
[==========] Running 1 test from 1 test case.
[----------] Global test environment set-up.
[----------] 1 test from DoublyLinkedList
[ RUN      ] DoublyLinkedList.const_iterator
[       OK ] DoublyLinkedList.const_iterator (0 ms)
[----------] 1 test from DoublyLinkedList (0 ms total)

[----------] Global test environment tear-down
[==========] 1 test from 1 test case ran. (0 ms total)
[  PASSED  ] 1 test.
<end of output>
Test time =   0.00 sec
----------------------------------------------------------
Test Passed.
"DoublyLinkedList.const_iterator" end time: Sep 10 13:26 CEST
"DoublyLinkedList.const_iterator" time elapsed: 00:00:00
----------------------------------------------------------

51/157 Testing: DoublyLinkedList.reverse_iterator
51/157 Test: DoublyLinkedList.reverse_iterator
Command: "/home/pieter/GitHub/Control-Surface/build/bin/tests" "--gtest_filter=DoublyLinkedList.reverse_iterator" "--gtest_also_run_disabled_tests"
Directory: /home/pieter/GitHub/Control-Surface/build
"DoublyLinkedList.reverse_iterator" start time: Sep 10 13:26 CEST
Output:
----------------------------------------------------------
Note: Google Test filter = DoublyLinkedList.reverse_iterator
[==========] Running 1 test from 1 test case.
[----------] Global test environment set-up.
[----------] 1 test from DoublyLinkedList
[ RUN      ] DoublyLinkedList.reverse_iterator
[       OK ] DoublyLinkedList.reverse_iterator (0 ms)
[----------] 1 test from DoublyLinkedList (0 ms total)

[----------] Global test environment tear-down
[==========] 1 test from 1 test case ran. (0 ms total)
[  PASSED  ] 1 test.
<end of output>
Test time =   0.00 sec
----------------------------------------------------------
Test Passed.
"DoublyLinkedList.reverse_iterator" end time: Sep 10 13:26 CEST
"DoublyLinkedList.reverse_iterator" time elapsed: 00:00:00
----------------------------------------------------------

52/157 Testing: DoublyLinkedList.const_reverse_iterator
52/157 Test: DoublyLinkedList.const_reverse_iterator
Command: "/home/pieter/GitHub/Control-Surface/build/bin/tests" "--gtest_filter=DoublyLinkedList.const_reverse_iterator" "--gtest_also_run_disabled_tests"
Directory: /home/pieter/GitHub/Control-Surface/build
"DoublyLinkedList.const_reverse_iterator" start time: Sep 10 13:26 CEST
Output:
----------------------------------------------------------
Note: Google Test filter = DoublyLinkedList.const_reverse_iterator
[==========] Running 1 test from 1 test case.
[----------] Global test environment set-up.
[----------] 1 test from DoublyLinkedList
[ RUN      ] DoublyLinkedList.const_reverse_iterator
[       OK ] DoublyLinkedList.const_reverse_iterator (0 ms)
[----------] 1 test from DoublyLinkedList (0 ms total)

[----------] Global test environment tear-down
[==========] 1 test from 1 test case ran. (0 ms total)
[  PASSED  ] 1 test.
<end of output>
Test time =   0.00 sec
----------------------------------------------------------
Test Passed.
"DoublyLinkedList.const_reverse_iterator" end time: Sep 10 13:26 CEST
"DoublyLinkedList.const_reverse_iterator" time elapsed: 00:00:00
----------------------------------------------------------

53/157 Testing: EMA.overflow
53/157 Test: EMA.overflow
Command: "/home/pieter/GitHub/Control-Surface/build/bin/tests" "--gtest_filter=EMA.overflow" "--gtest_also_run_disabled_tests"
Directory: /home/pieter/GitHub/Control-Surface/build
"EMA.overflow" start time: Sep 10 13:26 CEST
Output:
----------------------------------------------------------
Note: Google Test filter = EMA.overflow
[==========] Running 1 test from 1 test case.
[----------] Global test environment set-up.
[----------] 1 test from EMA
[ RUN      ] EMA.overflow
[       OK ] EMA.overflow (0 ms)
[----------] 1 test from EMA (0 ms total)

[----------] Global test environment tear-down
[==========] 1 test from 1 test case ran. (1 ms total)
[  PASSED  ] 1 test.
<end of output>
Test time =   0.00 sec
----------------------------------------------------------
Test Passed.
"EMA.overflow" end time: Sep 10 13:26 CEST
"EMA.overflow" time elapsed: 00:00:00
----------------------------------------------------------

54/157 Testing: BitArray.construct
54/157 Test: BitArray.construct
Command: "/home/pieter/GitHub/Control-Surface/build/bin/tests" "--gtest_filter=BitArray.construct" "--gtest_also_run_disabled_tests"
Directory: /home/pieter/GitHub/Control-Surface/build
"BitArray.construct" start time: Sep 10 13:26 CEST
Output:
----------------------------------------------------------
Note: Google Test filter = BitArray.construct
[==========] Running 1 test from 1 test case.
[----------] Global test environment set-up.
[----------] 1 test from BitArray
[ RUN      ] BitArray.construct
[       OK ] BitArray.construct (0 ms)
[----------] 1 test from BitArray (0 ms total)

[----------] Global test environment tear-down
[==========] 1 test from 1 test case ran. (1 ms total)
[  PASSED  ] 1 test.
<end of output>
Test time =   0.00 sec
----------------------------------------------------------
Test Passed.
"BitArray.construct" end time: Sep 10 13:26 CEST
"BitArray.construct" time elapsed: 00:00:00
----------------------------------------------------------

55/157 Testing: BitArray.setClearGet
55/157 Test: BitArray.setClearGet
Command: "/home/pieter/GitHub/Control-Surface/build/bin/tests" "--gtest_filter=BitArray.setClearGet" "--gtest_also_run_disabled_tests"
Directory: /home/pieter/GitHub/Control-Surface/build
"BitArray.setClearGet" start time: Sep 10 13:26 CEST
Output:
----------------------------------------------------------
Note: Google Test filter = BitArray.setClearGet
[==========] Running 1 test from 1 test case.
[----------] Global test environment set-up.
[----------] 1 test from BitArray
[ RUN      ] BitArray.setClearGet
[       OK ] BitArray.setClearGet (0 ms)
[----------] 1 test from BitArray (0 ms total)

[----------] Global test environment tear-down
[==========] 1 test from 1 test case ran. (1 ms total)
[  PASSED  ] 1 test.
<end of output>
Test time =   0.00 sec
----------------------------------------------------------
Test Passed.
"BitArray.setClearGet" end time: Sep 10 13:26 CEST
"BitArray.setClearGet" time elapsed: 00:00:00
----------------------------------------------------------

56/157 Testing: MCUTimeDisplay.setFirstLetter
56/157 Test: MCUTimeDisplay.setFirstLetter
Command: "/home/pieter/GitHub/Control-Surface/build/bin/tests" "--gtest_filter=MCUTimeDisplay.setFirstLetter" "--gtest_also_run_disabled_tests"
Directory: /home/pieter/GitHub/Control-Surface/build
"MCUTimeDisplay.setFirstLetter" start time: Sep 10 13:26 CEST
Output:
----------------------------------------------------------
Note: Google Test filter = MCUTimeDisplay.setFirstLetter
[==========] Running 1 test from 1 test case.
[----------] Global test environment set-up.
[----------] 1 test from MCUTimeDisplay
[ RUN      ] MCUTimeDisplay.setFirstLetter
[       OK ] MCUTimeDisplay.setFirstLetter (0 ms)
[----------] 1 test from MCUTimeDisplay (0 ms total)

[----------] Global test environment tear-down
[==========] 1 test from 1 test case ran. (1 ms total)
[  PASSED  ] 1 test.
<end of output>
Test time =   0.00 sec
----------------------------------------------------------
Test Passed.
"MCUTimeDisplay.setFirstLetter" end time: Sep 10 13:26 CEST
"MCUTimeDisplay.setFirstLetter" time elapsed: 00:00:00
----------------------------------------------------------

57/157 Testing: MCUTimeDisplay.getTextFull
57/157 Test: MCUTimeDisplay.getTextFull
Command: "/home/pieter/GitHub/Control-Surface/build/bin/tests" "--gtest_filter=MCUTimeDisplay.getTextFull" "--gtest_also_run_disabled_tests"
Directory: /home/pieter/GitHub/Control-Surface/build
"MCUTimeDisplay.getTextFull" start time: Sep 10 13:26 CEST
Output:
----------------------------------------------------------
Note: Google Test filter = MCUTimeDisplay.getTextFull
[==========] Running 1 test from 1 test case.
[----------] Global test environment set-up.
[----------] 1 test from MCUTimeDisplay
[ RUN      ] MCUTimeDisplay.getTextFull
[       OK ] MCUTimeDisplay.getTextFull (0 ms)
[----------] 1 test from MCUTimeDisplay (0 ms total)

[----------] Global test environment tear-down
[==========] 1 test from 1 test case ran. (0 ms total)
[  PASSED  ] 1 test.
<end of output>
Test time =   0.00 sec
----------------------------------------------------------
Test Passed.
"MCUTimeDisplay.getTextFull" end time: Sep 10 13:26 CEST
"MCUTimeDisplay.getTextFull" time elapsed: 00:00:00
----------------------------------------------------------

58/157 Testing: MCUTimeDisplay.getTextOffset
58/157 Test: MCUTimeDisplay.getTextOffset
Command: "/home/pieter/GitHub/Control-Surface/build/bin/tests" "--gtest_filter=MCUTimeDisplay.getTextOffset" "--gtest_also_run_disabled_tests"
Directory: /home/pieter/GitHub/Control-Surface/build
"MCUTimeDisplay.getTextOffset" start time: Sep 10 13:26 CEST
Output:
----------------------------------------------------------
Note: Google Test filter = MCUTimeDisplay.getTextOffset
[==========] Running 1 test from 1 test case.
[----------] Global test environment set-up.
[----------] 1 test from MCUTimeDisplay
[ RUN      ] MCUTimeDisplay.getTextOffset
[       OK ] MCUTimeDisplay.getTextOffset (0 ms)
[----------] 1 test from MCUTimeDisplay (0 ms total)

[----------] Global test environment tear-down
[==========] 1 test from 1 test case ran. (1 ms total)
[  PASSED  ] 1 test.
<end of output>
Test time =   0.00 sec
----------------------------------------------------------
Test Passed.
"MCUTimeDisplay.getTextOffset" end time: Sep 10 13:26 CEST
"MCUTimeDisplay.getTextOffset" time elapsed: 00:00:00
----------------------------------------------------------

59/157 Testing: MCUTimeDisplay.getTextOffsetLength
59/157 Test: MCUTimeDisplay.getTextOffsetLength
Command: "/home/pieter/GitHub/Control-Surface/build/bin/tests" "--gtest_filter=MCUTimeDisplay.getTextOffsetLength" "--gtest_also_run_disabled_tests"
Directory: /home/pieter/GitHub/Control-Surface/build
"MCUTimeDisplay.getTextOffsetLength" start time: Sep 10 13:26 CEST
Output:
----------------------------------------------------------
Note: Google Test filter = MCUTimeDisplay.getTextOffsetLength
[==========] Running 1 test from 1 test case.
[----------] Global test environment set-up.
[----------] 1 test from MCUTimeDisplay
[ RUN      ] MCUTimeDisplay.getTextOffsetLength
[       OK ] MCUTimeDisplay.getTextOffsetLength (0 ms)
[----------] 1 test from MCUTimeDisplay (0 ms total)

[----------] Global test environment tear-down
[==========] 1 test from 1 test case ran. (1 ms total)
[  PASSED  ] 1 test.
<end of output>
Test time =   0.00 sec
----------------------------------------------------------
Test Passed.
"MCUTimeDisplay.getTextOffsetLength" end time: Sep 10 13:26 CEST
"MCUTimeDisplay.getTextOffsetLength" time elapsed: 00:00:00
----------------------------------------------------------

60/157 Testing: MCUTimeDisplay.getTextOffsetLast
60/157 Test: MCUTimeDisplay.getTextOffsetLast
Command: "/home/pieter/GitHub/Control-Surface/build/bin/tests" "--gtest_filter=MCUTimeDisplay.getTextOffsetLast" "--gtest_also_run_disabled_tests"
Directory: /home/pieter/GitHub/Control-Surface/build
"MCUTimeDisplay.getTextOffsetLast" start time: Sep 10 13:26 CEST
Output:
----------------------------------------------------------
Note: Google Test filter = MCUTimeDisplay.getTextOffsetLast
[==========] Running 1 test from 1 test case.
[----------] Global test environment set-up.
[----------] 1 test from MCUTimeDisplay
[ RUN      ] MCUTimeDisplay.getTextOffsetLast
[       OK ] MCUTimeDisplay.getTextOffsetLast (0 ms)
[----------] 1 test from MCUTimeDisplay (0 ms total)

[----------] Global test environment tear-down
[==========] 1 test from 1 test case ran. (0 ms total)
[  PASSED  ] 1 test.
<end of output>
Test time =   0.00 sec
----------------------------------------------------------
Test Passed.
"MCUTimeDisplay.getTextOffsetLast" end time: Sep 10 13:26 CEST
"MCUTimeDisplay.getTextOffsetLast" time elapsed: 00:00:00
----------------------------------------------------------

61/157 Testing: MCUTimeDisplay.getTextOffsetTooBig
61/157 Test: MCUTimeDisplay.getTextOffsetTooBig
Command: "/home/pieter/GitHub/Control-Surface/build/bin/tests" "--gtest_filter=MCUTimeDisplay.getTextOffsetTooBig" "--gtest_also_run_disabled_tests"
Directory: /home/pieter/GitHub/Control-Surface/build
"MCUTimeDisplay.getTextOffsetTooBig" start time: Sep 10 13:26 CEST
Output:
----------------------------------------------------------
Note: Google Test filter = MCUTimeDisplay.getTextOffsetTooBig
[==========] Running 1 test from 1 test case.
[----------] Global test environment set-up.
[----------] 1 test from MCUTimeDisplay
[ RUN      ] MCUTimeDisplay.getTextOffsetTooBig
[       OK ] MCUTimeDisplay.getTextOffsetTooBig (0 ms)
[----------] 1 test from MCUTimeDisplay (0 ms total)

[----------] Global test environment tear-down
[==========] 1 test from 1 test case ran. (0 ms total)
[  PASSED  ] 1 test.
<end of output>
Test time =   0.00 sec
----------------------------------------------------------
Test Passed.
"MCUTimeDisplay.getTextOffsetTooBig" end time: Sep 10 13:26 CEST
"MCUTimeDisplay.getTextOffsetTooBig" time elapsed: 00:00:00
----------------------------------------------------------

62/157 Testing: MCUTimeDisplay.getTextLengthTooBig
62/157 Test: MCUTimeDisplay.getTextLengthTooBig
Command: "/home/pieter/GitHub/Control-Surface/build/bin/tests" "--gtest_filter=MCUTimeDisplay.getTextLengthTooBig" "--gtest_also_run_disabled_tests"
Directory: /home/pieter/GitHub/Control-Surface/build
"MCUTimeDisplay.getTextLengthTooBig" start time: Sep 10 13:26 CEST
Output:
----------------------------------------------------------
Note: Google Test filter = MCUTimeDisplay.getTextLengthTooBig
[==========] Running 1 test from 1 test case.
[----------] Global test environment set-up.
[----------] 1 test from MCUTimeDisplay
[ RUN      ] MCUTimeDisplay.getTextLengthTooBig
[       OK ] MCUTimeDisplay.getTextLengthTooBig (0 ms)
[----------] 1 test from MCUTimeDisplay (0 ms total)

[----------] Global test environment tear-down
[==========] 1 test from 1 test case ran. (0 ms total)
[  PASSED  ] 1 test.
<end of output>
Test time =   0.00 sec
----------------------------------------------------------
Test Passed.
"MCUTimeDisplay.getTextLengthTooBig" end time: Sep 10 13:26 CEST
"MCUTimeDisplay.getTextLengthTooBig" time elapsed: 00:00:00
----------------------------------------------------------

63/157 Testing: MCUTimeDisplay.getBarsGetBeatsGetFrames1Digit
63/157 Test: MCUTimeDisplay.getBarsGetBeatsGetFrames1Digit
Command: "/home/pieter/GitHub/Control-Surface/build/bin/tests" "--gtest_filter=MCUTimeDisplay.getBarsGetBeatsGetFrames1Digit" "--gtest_also_run_disabled_tests"
Directory: /home/pieter/GitHub/Control-Surface/build
"MCUTimeDisplay.getBarsGetBeatsGetFrames1Digit" start time: Sep 10 13:26 CEST
Output:
----------------------------------------------------------
Note: Google Test filter = MCUTimeDisplay.getBarsGetBeatsGetFrames1Digit
[==========] Running 1 test from 1 test case.
[----------] Global test environment set-up.
[----------] 1 test from MCUTimeDisplay
[ RUN      ] MCUTimeDisplay.getBarsGetBeatsGetFrames1Digit
[       OK ] MCUTimeDisplay.getBarsGetBeatsGetFrames1Digit (0 ms)
[----------] 1 test from MCUTimeDisplay (0 ms total)

[----------] Global test environment tear-down
[==========] 1 test from 1 test case ran. (1 ms total)
[  PASSED  ] 1 test.
<end of output>
Test time =   0.00 sec
----------------------------------------------------------
Test Passed.
"MCUTimeDisplay.getBarsGetBeatsGetFrames1Digit" end time: Sep 10 13:26 CEST
"MCUTimeDisplay.getBarsGetBeatsGetFrames1Digit" time elapsed: 00:00:00
----------------------------------------------------------

64/157 Testing: MCUTimeDisplay.getBarsGetBeatsGetFrames2Digits
64/157 Test: MCUTimeDisplay.getBarsGetBeatsGetFrames2Digits
Command: "/home/pieter/GitHub/Control-Surface/build/bin/tests" "--gtest_filter=MCUTimeDisplay.getBarsGetBeatsGetFrames2Digits" "--gtest_also_run_disabled_tests"
Directory: /home/pieter/GitHub/Control-Surface/build
"MCUTimeDisplay.getBarsGetBeatsGetFrames2Digits" start time: Sep 10 13:26 CEST
Output:
----------------------------------------------------------
Note: Google Test filter = MCUTimeDisplay.getBarsGetBeatsGetFrames2Digits
[==========] Running 1 test from 1 test case.
[----------] Global test environment set-up.
[----------] 1 test from MCUTimeDisplay
[ RUN      ] MCUTimeDisplay.getBarsGetBeatsGetFrames2Digits
[       OK ] MCUTimeDisplay.getBarsGetBeatsGetFrames2Digits (0 ms)
[----------] 1 test from MCUTimeDisplay (0 ms total)

[----------] Global test environment tear-down
[==========] 1 test from 1 test case ran. (0 ms total)
[  PASSED  ] 1 test.
<end of output>
Test time =   0.00 sec
----------------------------------------------------------
Test Passed.
"MCUTimeDisplay.getBarsGetBeatsGetFrames2Digits" end time: Sep 10 13:26 CEST
"MCUTimeDisplay.getBarsGetBeatsGetFrames2Digits" time elapsed: 00:00:00
----------------------------------------------------------

65/157 Testing: MCUTimeDisplay.getBarsGetBeatsGetFrames3Digits
65/157 Test: MCUTimeDisplay.getBarsGetBeatsGetFrames3Digits
Command: "/home/pieter/GitHub/Control-Surface/build/bin/tests" "--gtest_filter=MCUTimeDisplay.getBarsGetBeatsGetFrames3Digits" "--gtest_also_run_disabled_tests"
Directory: /home/pieter/GitHub/Control-Surface/build
"MCUTimeDisplay.getBarsGetBeatsGetFrames3Digits" start time: Sep 10 13:26 CEST
Output:
----------------------------------------------------------
Note: Google Test filter = MCUTimeDisplay.getBarsGetBeatsGetFrames3Digits
[==========] Running 1 test from 1 test case.
[----------] Global test environment set-up.
[----------] 1 test from MCUTimeDisplay
[ RUN      ] MCUTimeDisplay.getBarsGetBeatsGetFrames3Digits
[       OK ] MCUTimeDisplay.getBarsGetBeatsGetFrames3Digits (0 ms)
[----------] 1 test from MCUTimeDisplay (0 ms total)

[----------] Global test environment tear-down
[==========] 1 test from 1 test case ran. (0 ms total)
[  PASSED  ] 1 test.
<end of output>
Test time =   0.00 sec
----------------------------------------------------------
Test Passed.
"MCUTimeDisplay.getBarsGetBeatsGetFrames3Digits" end time: Sep 10 13:26 CEST
"MCUTimeDisplay.getBarsGetBeatsGetFrames3Digits" time elapsed: 00:00:00
----------------------------------------------------------

66/157 Testing: MCUTimeDisplay.getBarsGetBeatsGetFrames4Digits
66/157 Test: MCUTimeDisplay.getBarsGetBeatsGetFrames4Digits
Command: "/home/pieter/GitHub/Control-Surface/build/bin/tests" "--gtest_filter=MCUTimeDisplay.getBarsGetBeatsGetFrames4Digits" "--gtest_also_run_disabled_tests"
Directory: /home/pieter/GitHub/Control-Surface/build
"MCUTimeDisplay.getBarsGetBeatsGetFrames4Digits" start time: Sep 10 13:26 CEST
Output:
----------------------------------------------------------
Note: Google Test filter = MCUTimeDisplay.getBarsGetBeatsGetFrames4Digits
[==========] Running 1 test from 1 test case.
[----------] Global test environment set-up.
[----------] 1 test from MCUTimeDisplay
[ RUN      ] MCUTimeDisplay.getBarsGetBeatsGetFrames4Digits
[       OK ] MCUTimeDisplay.getBarsGetBeatsGetFrames4Digits (0 ms)
[----------] 1 test from MCUTimeDisplay (0 ms total)

[----------] Global test environment tear-down
[==========] 1 test from 1 test case ran. (0 ms total)
[  PASSED  ] 1 test.
<end of output>
Test time =   0.00 sec
----------------------------------------------------------
Test Passed.
"MCUTimeDisplay.getBarsGetBeatsGetFrames4Digits" end time: Sep 10 13:26 CEST
"MCUTimeDisplay.getBarsGetBeatsGetFrames4Digits" time elapsed: 00:00:00
----------------------------------------------------------

67/157 Testing: MCUTimeDisplay.getBarsGetBeatsGetFrames5Digits
67/157 Test: MCUTimeDisplay.getBarsGetBeatsGetFrames5Digits
Command: "/home/pieter/GitHub/Control-Surface/build/bin/tests" "--gtest_filter=MCUTimeDisplay.getBarsGetBeatsGetFrames5Digits" "--gtest_also_run_disabled_tests"
Directory: /home/pieter/GitHub/Control-Surface/build
"MCUTimeDisplay.getBarsGetBeatsGetFrames5Digits" start time: Sep 10 13:26 CEST
Output:
----------------------------------------------------------
Note: Google Test filter = MCUTimeDisplay.getBarsGetBeatsGetFrames5Digits
[==========] Running 1 test from 1 test case.
[----------] Global test environment set-up.
[----------] 1 test from MCUTimeDisplay
[ RUN      ] MCUTimeDisplay.getBarsGetBeatsGetFrames5Digits
[       OK ] MCUTimeDisplay.getBarsGetBeatsGetFrames5Digits (0 ms)
[----------] 1 test from MCUTimeDisplay (0 ms total)

[----------] Global test environment tear-down
[==========] 1 test from 1 test case ran. (0 ms total)
[  PASSED  ] 1 test.
<end of output>
Test time =   0.00 sec
----------------------------------------------------------
Test Passed.
"MCUTimeDisplay.getBarsGetBeatsGetFrames5Digits" end time: Sep 10 13:26 CEST
"MCUTimeDisplay.getBarsGetBeatsGetFrames5Digits" time elapsed: 00:00:00
----------------------------------------------------------

68/157 Testing: MCUTimeDisplay.getBarsGetBeatsGetFramesSpacesOnly
68/157 Test: MCUTimeDisplay.getBarsGetBeatsGetFramesSpacesOnly
Command: "/home/pieter/GitHub/Control-Surface/build/bin/tests" "--gtest_filter=MCUTimeDisplay.getBarsGetBeatsGetFramesSpacesOnly" "--gtest_also_run_disabled_tests"
Directory: /home/pieter/GitHub/Control-Surface/build
"MCUTimeDisplay.getBarsGetBeatsGetFramesSpacesOnly" start time: Sep 10 13:26 CEST
Output:
----------------------------------------------------------
Note: Google Test filter = MCUTimeDisplay.getBarsGetBeatsGetFramesSpacesOnly
[==========] Running 1 test from 1 test case.
[----------] Global test environment set-up.
[----------] 1 test from MCUTimeDisplay
[ RUN      ] MCUTimeDisplay.getBarsGetBeatsGetFramesSpacesOnly
[       OK ] MCUTimeDisplay.getBarsGetBeatsGetFramesSpacesOnly (0 ms)
[----------] 1 test from MCUTimeDisplay (0 ms total)

[----------] Global test environment tear-down
[==========] 1 test from 1 test case ran. (0 ms total)
[  PASSED  ] 1 test.
<end of output>
Test time =   0.00 sec
----------------------------------------------------------
Test Passed.
"MCUTimeDisplay.getBarsGetBeatsGetFramesSpacesOnly" end time: Sep 10 13:26 CEST
"MCUTimeDisplay.getBarsGetBeatsGetFramesSpacesOnly" time elapsed: 00:00:00
----------------------------------------------------------

69/157 Testing: MIDINote.NoteOnNoteOff
69/157 Test: MIDINote.NoteOnNoteOff
Command: "/home/pieter/GitHub/Control-Surface/build/bin/tests" "--gtest_filter=MIDINote.NoteOnNoteOff" "--gtest_also_run_disabled_tests"
Directory: /home/pieter/GitHub/Control-Surface/build
"MIDINote.NoteOnNoteOff" start time: Sep 10 13:26 CEST
Output:
----------------------------------------------------------
Note: Google Test filter = MIDINote.NoteOnNoteOff
[==========] Running 1 test from 1 test case.
[----------] Global test environment set-up.
[----------] 1 test from MIDINote
[ RUN      ] MIDINote.NoteOnNoteOff
[       OK ] MIDINote.NoteOnNoteOff (0 ms)
[----------] 1 test from MIDINote (0 ms total)

[----------] Global test environment tear-down
[==========] 1 test from 1 test case ran. (1 ms total)
[  PASSED  ] 1 test.
<end of output>
Test time =   0.00 sec
----------------------------------------------------------
Test Passed.
"MIDINote.NoteOnNoteOff" end time: Sep 10 13:26 CEST
"MIDINote.NoteOnNoteOff" time elapsed: 00:00:00
----------------------------------------------------------

70/157 Testing: MIDINote.NoteOnNoteOnZeroVelocity
70/157 Test: MIDINote.NoteOnNoteOnZeroVelocity
Command: "/home/pieter/GitHub/Control-Surface/build/bin/tests" "--gtest_filter=MIDINote.NoteOnNoteOnZeroVelocity" "--gtest_also_run_disabled_tests"
Directory: /home/pieter/GitHub/Control-Surface/build
"MIDINote.NoteOnNoteOnZeroVelocity" start time: Sep 10 13:26 CEST
Output:
----------------------------------------------------------
Note: Google Test filter = MIDINote.NoteOnNoteOnZeroVelocity
[...]
----------------------------------------------------------

157/157 Testing: Tests
157/157 Test: Tests
Command: "/home/pieter/GitHub/Control-Surface/build/bin/tests"
Directory: /home/pieter/GitHub/Control-Surface/build
"Tests" start time: Sep 10 13:26 CEST
Output:
----------------------------------------------------------
[==========] Running 156 tests from 38 test cases.
[----------] Global test environment set-up.
[----------] 4 tests from OutputBank
[ RUN      ] OutputBank.OutputBank
[       OK ] OutputBank.OutputBank (0 ms)
[ RUN      ] OutputBank.initialSetting
[       OK ] OutputBank.initialSetting (0 ms)
[ RUN      ] OutputBank.noTracks
[       OK ] OutputBank.noTracks (0 ms)
[ RUN      ] OutputBank.select
[       OK ] OutputBank.select (0 ms)
[----------] 4 tests from OutputBank (0 ms total)

[----------] 4 tests from Bank
[ RUN      ] Bank.Bank
[       OK ] Bank.Bank (0 ms)
[ RUN      ] Bank.select
[       OK ] Bank.select (0 ms)
[ RUN      ] Bank.selectOutOfBounds
[       OK ] Bank.selectOutOfBounds (0 ms)
[ RUN      ] Bank.onBankSettingChange
[       OK ] Bank.onBankSettingChange (0 ms)
[----------] 4 tests from Bank (0 ms total)

[----------] 6 tests from AnalogMultiplex
[ RUN      ] AnalogMultiplex.analogReadNoEnable
[       OK ] AnalogMultiplex.analogReadNoEnable (1 ms)
[ RUN      ] AnalogMultiplex.digitalReadNoEnable
[       OK ] AnalogMultiplex.digitalReadNoEnable (0 ms)
[ RUN      ] AnalogMultiplex.analogReadEnable
[       OK ] AnalogMultiplex.analogReadEnable (0 ms)
[ RUN      ] AnalogMultiplex.analogReadEnable3
[       OK ] AnalogMultiplex.analogReadEnable3 (0 ms)
[ RUN      ] AnalogMultiplex.digitalReadEnable
[       OK ] AnalogMultiplex.digitalReadEnable (0 ms)
[ RUN      ] AnalogMultiplex.pinMode
[       OK ] AnalogMultiplex.pinMode (0 ms)
[----------] 6 tests from AnalogMultiplex (1 ms total)

[----------] 6 tests from ExtendedInputOutput
[ RUN      ] ExtendedInputOutput.digitalRead
[       OK ] ExtendedInputOutput.digitalRead (1 ms)
[ RUN      ] ExtendedInputOutput.pinOutOfBoundsGt
[       OK ] ExtendedInputOutput.pinOutOfBoundsGt (0 ms)
[ RUN      ] ExtendedInputOutput.pinOutOfBoundsLt
[       OK ] ExtendedInputOutput.pinOutOfBoundsLt (0 ms)
[ RUN      ] ExtendedInputOutput.nonExistentPin
[       OK ] ExtendedInputOutput.nonExistentPin (0 ms)
[ RUN      ] ExtendedInputOutput.nonExistentPinOfDeletedElement
[       OK ] ExtendedInputOutput.nonExistentPinOfDeletedElement (0 ms)
[ RUN      ] ExtendedInputOutput.outOfPinNumbers
[       OK ] ExtendedInputOutput.outOfPinNumbers (0 ms)
[----------] 6 tests from ExtendedInputOutput (1 ms total)

[----------] 7 tests from Button
[ RUN      ] Button.construct
[       OK ] Button.construct (0 ms)
[ RUN      ] Button.released
[       OK ] Button.released (0 ms)
[ RUN      ] Button.falling
[       OK ] Button.falling (0 ms)
[ RUN      ] Button.pressed
[       OK ] Button.pressed (0 ms)
[ RUN      ] Button.rising
[       OK ] Button.rising (0 ms)
[ RUN      ] Button.debouncePressed
[       OK ] Button.debouncePressed (0 ms)
[ RUN      ] Button.debounceReleased
[       OK ] Button.debounceReleased (0 ms)
[----------] 7 tests from Button (0 ms total)

[----------] 6 tests from Array
[ RUN      ] Array.initializeAndRetrieve
[       OK ] Array.initializeAndRetrieve (0 ms)
[ RUN      ] Array.initializeAndRetrieveConst
[       OK ] Array.initializeAndRetrieveConst (0 ms)
[ RUN      ] Array.write
[       OK ] Array.write (0 ms)
[ RUN      ] Array.rangeFor
[       OK ] Array.rangeFor (0 ms)
[ RUN      ] Array.rangeForConst
[       OK ] Array.rangeForConst (0 ms)
[ RUN      ] Array.equality
[       OK ] Array.equality (0 ms)
[----------] 6 tests from Array (0 ms total)

[----------] 1 test from Array2D
[ RUN      ] Array2D.initialize
[       OK ] Array2D.initialize (0 ms)
[----------] 1 test from Array2D (0 ms total)

[----------] 1 test from generateArray
[ RUN      ] generateArray.simple
[       OK ] generateArray.simple (0 ms)
[----------] 1 test from generateArray (0 ms total)

[----------] 17 tests from DoublyLinkedList
[ RUN      ] DoublyLinkedList.insertNode
[       OK ] DoublyLinkedList.insertNode (0 ms)
[ RUN      ] DoublyLinkedList.deleteNode
[       OK ] DoublyLinkedList.deleteNode (1 ms)
[ RUN      ] DoublyLinkedList.deleteFirstNode
[       OK ] DoublyLinkedList.deleteFirstNode (0 ms)
[ RUN      ] DoublyLinkedList.deleteLastNode
[       OK ] DoublyLinkedList.deleteLastNode (0 ms)
[ RUN      ] DoublyLinkedList.moveDownNode
[       OK ] DoublyLinkedList.moveDownNode (0 ms)
[ RUN      ] DoublyLinkedList.moveDownFirstNode
[       OK ] DoublyLinkedList.moveDownFirstNode (0 ms)
[ RUN      ] DoublyLinkedList.moveDownSecondNode
[       OK ] DoublyLinkedList.moveDownSecondNode (0 ms)
[ RUN      ] DoublyLinkedList.moveDownLastNode
[       OK ] DoublyLinkedList.moveDownLastNode (0 ms)
[ RUN      ] DoublyLinkedList.moveDownOnlyElement
[       OK ] DoublyLinkedList.moveDownOnlyElement (0 ms)
[ RUN      ] DoublyLinkedList.couldContainInsert
[       OK ] DoublyLinkedList.couldContainInsert (0 ms)
[ RUN      ] DoublyLinkedList.couldContainDeleteFirst
[       OK ] DoublyLinkedList.couldContainDeleteFirst (0 ms)
[ RUN      ] DoublyLinkedList.couldContainDeleteMiddle
[       OK ] DoublyLinkedList.couldContainDeleteMiddle (0 ms)
[ RUN      ] DoublyLinkedList.couldContainDeleteLast
[       OK ] DoublyLinkedList.couldContainDeleteLast (0 ms)
[ RUN      ] DoublyLinkedList.iterator
[       OK ] DoublyLinkedList.iterator (0 ms)
[ RUN      ] DoublyLinkedList.const_iterator
[       OK ] DoublyLinkedList.const_iterator (0 ms)
[ RUN      ] DoublyLinkedList.reverse_iterator
[       OK ] DoublyLinkedList.reverse_iterator (0 ms)
[ RUN      ] DoublyLinkedList.const_reverse_iterator
[       OK ] DoublyLinkedList.const_reverse_iterator (0 ms)
[----------] 17 tests from DoublyLinkedList (1 ms total)

[----------] 1 test from EMA
[ RUN      ] EMA.overflow
[       OK ] EMA.overflow (0 ms)
[----------] 1 test from EMA (0 ms total)

[----------] 2 tests from BitArray
[ RUN      ] BitArray.construct
[       OK ] BitArray.construct (0 ms)
[ RUN      ] BitArray.setClearGet
[       OK ] BitArray.setClearGet (0 ms)
[----------] 2 tests from BitArray (0 ms total)

[----------] 13 tests from MCUTimeDisplay
[ RUN      ] MCUTimeDisplay.setFirstLetter
[       OK ] MCUTimeDisplay.setFirstLetter (0 ms)
[ RUN      ] MCUTimeDisplay.getTextFull
[       OK ] MCUTimeDisplay.getTextFull (0 ms)
[ RUN      ] MCUTimeDisplay.getTextOffset
[       OK ] MCUTimeDisplay.getTextOffset (0 ms)
[ RUN      ] MCUTimeDisplay.getTextOffsetLength
[       OK ] MCUTimeDisplay.getTextOffsetLength (0 ms)
[ RUN      ] MCUTimeDisplay.getTextOffsetLast
[       OK ] MCUTimeDisplay.getTextOffsetLast (0 ms)
[ RUN      ] MCUTimeDisplay.getTextOffsetTooBig
[       OK ] MCUTimeDisplay.getTextOffsetTooBig (0 ms)
[ RUN      ] MCUTimeDisplay.getTextLengthTooBig
[       OK ] MCUTimeDisplay.getTextLengthTooBig (0 ms)
[ RUN      ] MCUTimeDisplay.getBarsGetBeatsGetFrames1Digit
[       OK ] MCUTimeDisplay.getBarsGetBeatsGetFrames1Digit (0 ms)
[ RUN      ] MCUTimeDisplay.getBarsGetBeatsGetFrames2Digits
[       OK ] MCUTimeDisplay.getBarsGetBeatsGetFrames2Digits (0 ms)
[ RUN      ] MCUTimeDisplay.getBarsGetBeatsGetFrames3Digits
[       OK ] MCUTimeDisplay.getBarsGetBeatsGetFrames3Digits (0 ms)
[ RUN      ] MCUTimeDisplay.getBarsGetBeatsGetFrames4Digits
[       OK ] MCUTimeDisplay.getBarsGetBeatsGetFrames4Digits (0 ms)
[ RUN      ] MCUTimeDisplay.getBarsGetBeatsGetFrames5Digits
[       OK ] MCUTimeDisplay.getBarsGetBeatsGetFrames5Digits (0 ms)
[ RUN      ] MCUTimeDisplay.getBarsGetBeatsGetFramesSpacesOnly
[       OK ] MCUTimeDisplay.getBarsGetBeatsGetFramesSpacesOnly (0 ms)
[----------] 13 tests from MCUTimeDisplay (0 ms total)

[----------] 2 tests from MIDINote
[ RUN      ] MIDINote.NoteOnNoteOff
[       OK ] MIDINote.NoteOnNoteOff (0 ms)
[ RUN      ] MIDINote.NoteOnNoteOnZeroVelocity
[       OK ] MIDINote.NoteOnNoteOnZeroVelocity (0 ms)
[----------] 2 tests from MIDINote (0 ms total)

[----------] 1 test from MIDINoteLED
[ RUN      ] MIDINoteLED.NoteOnNoteOff
[       OK ] MIDINoteLED.NoteOnNoteOff (0 ms)
[----------] 1 test from MIDINoteLED (0 ms total)

[----------] 5 tests from MCUVU
[ RUN      ] MCUVU.setValue
[       OK ] MCUVU.setValue (0 ms)
[ RUN      ] MCUVU.setOverload
[       OK ] MCUVU.setOverload (0 ms)
[ RUN      ] MCUVU.clearOverload
[       OK ] MCUVU.clearOverload (0 ms)
[ RUN      ] MCUVU.retainValueAfterOverload
[       OK ] MCUVU.retainValueAfterOverload (0 ms)
[ RUN      ] MCUVU.decay
[       OK ] MCUVU.decay (0 ms)
[----------] 5 tests from MCUVU (0 ms total)

[----------] 3 tests from MCUVUBankable
[ RUN      ] MCUVUBankable.setValueBankChangeAddress
[       OK ] MCUVUBankable.setValueBankChangeAddress (0 ms)
[ RUN      ] MCUVUBankable.setValueBankChangeChannel
[       OK ] MCUVUBankable.setValueBankChangeChannel (0 ms)
[ RUN      ] MCUVUBankable.overloadBankChangeAddress
[       OK ] MCUVUBankable.overloadBankChangeAddress (0 ms)
[----------] 3 tests from MCUVUBankable (0 ms total)

[----------] 1 test from MCUVULEDsBankable
[ RUN      ] MCUVULEDsBankable.displayOnBankChange
[       OK ] MCUVULEDsBankable.displayOnBankChange (0 ms)
[----------] 1 test from MCUVULEDsBankable (0 ms total)

[----------] 10 tests from BluetoothMIDIInterface
[ RUN      ] BluetoothMIDIInterface.initializeBegin
[       OK ] BluetoothMIDIInterface.initializeBegin (0 ms)
[ RUN      ] BluetoothMIDIInterface.receiveChannelMessage
[       OK ] BluetoothMIDIInterface.receiveChannelMessage (0 ms)
[ RUN      ] BluetoothMIDIInterface.receiveMultipleChannelMessage
[       OK ] BluetoothMIDIInterface.receiveMultipleChannelMessage (0 ms)
[ RUN      ] BluetoothMIDIInterface.receiveMultipleChannelMessageRunningStatus
[       OK ] BluetoothMIDIInterface.receiveMultipleChannelMessageRunningStatus (0 ms)
[ RUN      ] BluetoothMIDIInterface.receiveMultipleChannelMessageRunningStatusRealTime
[       OK ] BluetoothMIDIInterface.receiveMultipleChannelMessageRunningStatusRealTime (0 ms)
[ RUN      ] BluetoothMIDIInterface.receiveMultipleTwoByteChannelMessage
[       OK ] BluetoothMIDIInterface.receiveMultipleTwoByteChannelMessage (0 ms)
[ RUN      ] BluetoothMIDIInterface.receiveSysEx
[       OK ] BluetoothMIDIInterface.receiveSysEx (0 ms)
[ RUN      ] BluetoothMIDIInterface.receiveSysEx2
[       OK ] BluetoothMIDIInterface.receiveSysEx2 (1 ms)
[ RUN      ] BluetoothMIDIInterface.receiveSysExSplitAcrossPackets
[       OK ] BluetoothMIDIInterface.receiveSysExSplitAcrossPackets (0 ms)
[ RUN      ] BluetoothMIDIInterface.receiveSysExAndRealTime
[       OK ] BluetoothMIDIInterface.receiveSysExAndRealTime (0 ms)
[----------] 10 tests from BluetoothMIDIInterface (1 ms total)

[----------] 1 test from CCButton
[ RUN      ] CCButton.pressAndRelease
[       OK ] CCButton.pressAndRelease (0 ms)
[----------] 1 test from CCButton (0 ms total)

[----------] 3 tests from CCButtonBankable
[ RUN      ] CCButtonBankable.pressAndRelease
[       OK ] CCButtonBankable.pressAndRelease (0 ms)
[ RUN      ] CCButtonBankable.changeSettingAndPressAndRelease
[       OK ] CCButtonBankable.changeSettingAndPressAndRelease (0 ms)
[ RUN      ] CCButtonBankable.pressAndChangeSettingAndRelease
[       OK ] CCButtonBankable.pressAndChangeSettingAndRelease (0 ms)
[----------] 3 tests from CCButtonBankable (0 ms total)

[----------] 1 test from CCButtons
[ RUN      ] CCButtons.pressAndRelease
[       OK ] CCButtons.pressAndRelease (1 ms)
[----------] 1 test from CCButtons (1 ms total)

[----------] 2 tests from CCButtonsBankable
[ RUN      ] CCButtonsBankable.pressChangeBankAndRelease
[       OK ] CCButtonsBankable.pressChangeBankAndRelease (0 ms)
[ RUN      ] CCButtonsBankable.pressChangeBankAndReleaseAndPress
[       OK ] CCButtonsBankable.pressChangeBankAndReleaseAndPress (0 ms)
[----------] 2 tests from CCButtonsBankable (0 ms total)

[----------] 5 tests from CCRotaryEncoder
[ RUN      ] CCRotaryEncoder.turnOneStep
[       OK ] CCRotaryEncoder.turnOneStep (0 ms)
[ RUN      ] CCRotaryEncoder.turnFourHalfSteps
[       OK ] CCRotaryEncoder.turnFourHalfSteps (0 ms)
[ RUN      ] CCRotaryEncoder.turnOneStepBackwards
[       OK ] CCRotaryEncoder.turnOneStepBackwards (0 ms)
[ RUN      ] CCRotaryEncoder.turnSixteenSteps
[       OK ] CCRotaryEncoder.turnSixteenSteps (0 ms)
[ RUN      ] CCRotaryEncoder.turnSixteenStepsBackwards
[       OK ] CCRotaryEncoder.turnSixteenStepsBackwards (0 ms)
[----------] 5 tests from CCRotaryEncoder (1 ms total)

[----------] 1 test from CCRotaryEncoderBankable
[ RUN      ] CCRotaryEncoderBankable.turnOneStepChangeSettingTurnOneStep
[       OK ] CCRotaryEncoderBankable.turnOneStepChangeSettingTurnOneStep (0 ms)
[----------] 1 test from CCRotaryEncoderBankable (0 ms total)

[----------] 1 test from NoteButton
[ RUN      ] NoteButton.pressAndRelease
[       OK ] NoteButton.pressAndRelease (0 ms)
[----------] 1 test from NoteButton (0 ms total)

[----------] 3 tests from NoteButtonBankable
[ RUN      ] NoteButtonBankable.pressAndRelease
[       OK ] NoteButtonBankable.pressAndRelease (0 ms)
[ RUN      ] NoteButtonBankable.changeSettingAndPressAndRelease
[       OK ] NoteButtonBankable.changeSettingAndPressAndRelease (0 ms)
[ RUN      ] NoteButtonBankable.pressAndChangeSettingAndRelease
[       OK ] NoteButtonBankable.pressAndChangeSettingAndRelease (0 ms)
[----------] 3 tests from NoteButtonBankable (0 ms total)

[----------] 1 test from NoteButtonLatching
[ RUN      ] NoteButtonLatching.pressAndRelease
[       OK ] NoteButtonLatching.pressAndRelease (1 ms)
[----------] 1 test from NoteButtonLatching (1 ms total)

[----------] 3 tests from NoteButtonLatchingBankable
[ RUN      ] NoteButtonLatchingBankable.pressAndRelease
[       OK ] NoteButtonLatchingBankable.pressAndRelease (0 ms)
[ RUN      ] NoteButtonLatchingBankable.changeSettingAndPressAndRelease
[       OK ] NoteButtonLatchingBankable.changeSettingAndPressAndRelease (0 ms)
[ RUN      ] NoteButtonLatchingBankable.pressAndChangeSettingAndRelease
[       OK ] NoteButtonLatchingBankable.pressAndChangeSettingAndRelease (0 ms)
[----------] 3 tests from NoteButtonLatchingBankable (0 ms total)

[----------] 1 test from NoteButtonMatrix
[ RUN      ] NoteButtonMatrix.pressAndRelease
[       OK ] NoteButtonMatrix.pressAndRelease (0 ms)
[----------] 1 test from NoteButtonMatrix (0 ms total)

[----------] 1 test from NoteButtonMatrixBankable
[ RUN      ] NoteButtonMatrixBankable.pressChangeSettingRelease
[       OK ] NoteButtonMatrixBankable.pressChangeSettingRelease (1 ms)
[----------] 1 test from NoteButtonMatrixBankable (1 ms total)

[----------] 13 tests from USBMIDIParser
[ RUN      ] USBMIDIParser.noteOff
[       OK ] USBMIDIParser.noteOff (0 ms)
[ RUN      ] USBMIDIParser.noteOn
[       OK ] USBMIDIParser.noteOn (0 ms)
[ RUN      ] USBMIDIParser.sysEx2Bytes
[       OK ] USBMIDIParser.sysEx2Bytes (0 ms)
[ RUN      ] USBMIDIParser.sysEx3Bytes
[       OK ] USBMIDIParser.sysEx3Bytes (0 ms)
[ RUN      ] USBMIDIParser.sysEx4Bytes
[       OK ] USBMIDIParser.sysEx4Bytes (0 ms)
[ RUN      ] USBMIDIParser.sysEx5Bytes
[       OK ] USBMIDIParser.sysEx5Bytes (0 ms)
[ RUN      ] USBMIDIParser.sysEx6Bytes
[       OK ] USBMIDIParser.sysEx6Bytes (0 ms)
[ RUN      ] USBMIDIParser.sysEx7Bytes
[       OK ] USBMIDIParser.sysEx7Bytes (0 ms)
[ RUN      ] USBMIDIParser.sysEx12Bytes
[       OK ] USBMIDIParser.sysEx12Bytes (0 ms)
[ RUN      ] USBMIDIParser.sysExContinueWithoutStarting
[       OK ] USBMIDIParser.sysExContinueWithoutStarting (0 ms)
[ RUN      ] USBMIDIParser.sysExEndsWithoutStarting1Byte
[       OK ] USBMIDIParser.sysExEndsWithoutStarting1Byte (0 ms)
[ RUN      ] USBMIDIParser.sysExEndsWithoutStarting2Bytes
[       OK ] USBMIDIParser.sysExEndsWithoutStarting2Bytes (0 ms)
[ RUN      ] USBMIDIParser.sysExEndsWithoutStarting3Bytes
[       OK ] USBMIDIParser.sysExEndsWithoutStarting3Bytes (0 ms)
[----------] 13 tests from USBMIDIParser (0 ms total)

[----------] 15 tests from SerialMIDIParser
[ RUN      ] SerialMIDIParser.noteOff
[       OK ] SerialMIDIParser.noteOff (0 ms)
[ RUN      ] SerialMIDIParser.noteOn
[       OK ] SerialMIDIParser.noteOn (0 ms)
[ RUN      ] SerialMIDIParser.noteOnRunningStatus
[       OK ] SerialMIDIParser.noteOnRunningStatus (0 ms)
[ RUN      ] SerialMIDIParser.afterTouch
[       OK ] SerialMIDIParser.afterTouch (0 ms)
[ RUN      ] SerialMIDIParser.controlChange
[       OK ] SerialMIDIParser.controlChange (0 ms)
[ RUN      ] SerialMIDIParser.programChange
[       OK ] SerialMIDIParser.programChange (0 ms)
[ RUN      ] SerialMIDIParser.programChangeRunningStatus
[       OK ] SerialMIDIParser.programChangeRunningStatus (0 ms)
[ RUN      ] SerialMIDIParser.channelPressure
[       OK ] SerialMIDIParser.channelPressure (0 ms)
[ RUN      ] SerialMIDIParser.pitchBend
[       OK ] SerialMIDIParser.pitchBend (0 ms)
[ RUN      ] SerialMIDIParser.sysEx2Bytes
[       OK ] SerialMIDIParser.sysEx2Bytes (0 ms)
[ RUN      ] SerialMIDIParser.sysEx3Bytes
[       OK ] SerialMIDIParser.sysEx3Bytes (0 ms)
[ RUN      ] SerialMIDIParser.sysEx7Bytes
[       OK ] SerialMIDIParser.sysEx7Bytes (0 ms)
[ RUN      ] SerialMIDIParser.sysExEndsWithoutStarting1Byte
[       OK ] SerialMIDIParser.sysExEndsWithoutStarting1Byte (0 ms)
[ RUN      ] SerialMIDIParser.sysExEndsWithoutStarting2Bytes
[       OK ] SerialMIDIParser.sysExEndsWithoutStarting2Bytes (0 ms)
[ RUN      ] SerialMIDIParser.sysExEndsWithoutStarting3Bytes
[       OK ] SerialMIDIParser.sysExEndsWithoutStarting3Bytes (0 ms)
[----------] 15 tests from SerialMIDIParser (0 ms total)

[----------] 5 tests from IncrementDecrementSelector
[ RUN      ] IncrementDecrementSelector.pressIncrementWrap
[       OK ] IncrementDecrementSelector.pressIncrementWrap (0 ms)
[ RUN      ] IncrementDecrementSelector.pressDecrementWrap
[       OK ] IncrementDecrementSelector.pressDecrementWrap (0 ms)
[ RUN      ] IncrementDecrementSelector.reset
[       OK ] IncrementDecrementSelector.reset (0 ms)
[ RUN      ] IncrementDecrementSelector.pressIncrementNoWrap
[       OK ] IncrementDecrementSelector.pressIncrementNoWrap (0 ms)
[ RUN      ] IncrementDecrementSelector.pressDecrementNoWrap
[       OK ] IncrementDecrementSelector.pressDecrementNoWrap (0 ms)
[----------] 5 tests from IncrementDecrementSelector (1 ms total)

[----------] 2 tests from IncrementSelector
[ RUN      ] IncrementSelector.pressWrap
[       OK ] IncrementSelector.pressWrap (0 ms)
[ RUN      ] IncrementSelector.pressNoWrap
[       OK ] IncrementSelector.pressNoWrap (1 ms)
[----------] 2 tests from IncrementSelector (1 ms total)

[----------] 1 test from ManyButtonsSelector
[ RUN      ] ManyButtonsSelector.press
[       OK ] ManyButtonsSelector.press (0 ms)
[----------] 1 test from ManyButtonsSelector (0 ms total)

[----------] 1 test from millis
[ RUN      ] millis.millis
[       OK ] millis.millis (0 ms)
[----------] 1 test from millis (0 ms total)

[----------] 4 tests from Serial
[ RUN      ] Serial.write_byte
[       OK ] Serial.write_byte (0 ms)
[ RUN      ] Serial.write_bytes
[       OK ] Serial.write_bytes (0 ms)
[ RUN      ] Serial.print_string
[       OK ] Serial.print_string (0 ms)
[ RUN      ] Serial.println_string
[       OK ] Serial.println_string (0 ms)
[----------] 4 tests from Serial (0 ms total)

[----------] 2 tests from Error
[ RUN      ] Error.exception
[       OK ] Error.exception (0 ms)
[ RUN      ] Error.exceptionWhatErrorCode
[virtual void Error_exceptionWhatErrorCode_Test::TestBody() @ line 67]:	An error occured
[       OK ] Error.exceptionWhatErrorCode (0 ms)
[----------] 2 tests from Error (0 ms total)

[----------] Global test environment tear-down
[==========] 156 tests from 38 test cases ran. (10 ms total)
[  PASSED  ] 156 tests.
<end of output>
Test time =   0.01 sec
----------------------------------------------------------
Test Passed.
"Tests" end time: Sep 10 13:26 CEST
"Tests" time elapsed: 00:00:00
----------------------------------------------------------

End testing: Sep 10 13:26 CEST
