Start testing: Aug 03 22:26 CEST
----------------------------------------------------------
1/182 Testing: OutputBank.OutputBank
1/182 Test: OutputBank.OutputBank
Command: "/home/pieter/GitHub/Control-Surface/build/bin/tests" "--gtest_filter=OutputBank.OutputBank" "--gtest_also_run_disabled_tests"
Directory: /home/pieter/GitHub/Control-Surface/build
"OutputBank.OutputBank" start time: Aug 03 22:26 CEST
Output:
----------------------------------------------------------
Note: Google Test filter = OutputBank.OutputBank
[==========] Running 1 test from 1 test suite.
[----------] Global test environment set-up.
[----------] 1 test from OutputBank
[ RUN      ] OutputBank.OutputBank
[       OK ] OutputBank.OutputBank (0 ms)
[----------] 1 test from OutputBank (0 ms total)

[----------] Global test environment tear-down
[==========] 1 test from 1 test suite ran. (0 ms total)
[  PASSED  ] 1 test.
<end of output>
Test time =   0.02 sec
----------------------------------------------------------
Test Passed.
"OutputBank.OutputBank" end time: Aug 03 22:26 CEST
"OutputBank.OutputBank" time elapsed: 00:00:00
----------------------------------------------------------

2/182 Testing: OutputBank.initialSetting
2/182 Test: OutputBank.initialSetting
Command: "/home/pieter/GitHub/Control-Surface/build/bin/tests" "--gtest_filter=OutputBank.initialSetting" "--gtest_also_run_disabled_tests"
Directory: /home/pieter/GitHub/Control-Surface/build
"OutputBank.initialSetting" start time: Aug 03 22:26 CEST
Output:
----------------------------------------------------------
Note: Google Test filter = OutputBank.initialSetting
[==========] Running 1 test from 1 test suite.
[----------] Global test environment set-up.
[----------] 1 test from OutputBank
[ RUN      ] OutputBank.initialSetting
[       OK ] OutputBank.initialSetting (0 ms)
[----------] 1 test from OutputBank (0 ms total)

[----------] Global test environment tear-down
[==========] 1 test from 1 test suite ran. (0 ms total)
[  PASSED  ] 1 test.
<end of output>
Test time =   0.01 sec
----------------------------------------------------------
Test Passed.
"OutputBank.initialSetting" end time: Aug 03 22:26 CEST
"OutputBank.initialSetting" time elapsed: 00:00:00
----------------------------------------------------------

3/182 Testing: OutputBank.noTracks
3/182 Test: OutputBank.noTracks
Command: "/home/pieter/GitHub/Control-Surface/build/bin/tests" "--gtest_filter=OutputBank.noTracks" "--gtest_also_run_disabled_tests"
Directory: /home/pieter/GitHub/Control-Surface/build
"OutputBank.noTracks" start time: Aug 03 22:26 CEST
Output:
----------------------------------------------------------
Note: Google Test filter = OutputBank.noTracks
[==========] Running 1 test from 1 test suite.
[----------] Global test environment set-up.
[----------] 1 test from OutputBank
[ RUN      ] OutputBank.noTracks
[       OK ] OutputBank.noTracks (0 ms)
[----------] 1 test from OutputBank (0 ms total)

[----------] Global test environment tear-down
[==========] 1 test from 1 test suite ran. (0 ms total)
[  PASSED  ] 1 test.
<end of output>
Test time =   0.01 sec
----------------------------------------------------------
Test Passed.
"OutputBank.noTracks" end time: Aug 03 22:26 CEST
"OutputBank.noTracks" time elapsed: 00:00:00
----------------------------------------------------------

4/182 Testing: OutputBank.select
4/182 Test: OutputBank.select
Command: "/home/pieter/GitHub/Control-Surface/build/bin/tests" "--gtest_filter=OutputBank.select" "--gtest_also_run_disabled_tests"
Directory: /home/pieter/GitHub/Control-Surface/build
"OutputBank.select" start time: Aug 03 22:26 CEST
Output:
----------------------------------------------------------
Note: Google Test filter = OutputBank.select
[==========] Running 1 test from 1 test suite.
[----------] Global test environment set-up.
[----------] 1 test from OutputBank
[ RUN      ] OutputBank.select
[       OK ] OutputBank.select (0 ms)
[----------] 1 test from OutputBank (0 ms total)

[----------] Global test environment tear-down
[==========] 1 test from 1 test suite ran. (0 ms total)
[  PASSED  ] 1 test.
<end of output>
Test time =   0.01 sec
----------------------------------------------------------
Test Passed.
"OutputBank.select" end time: Aug 03 22:26 CEST
"OutputBank.select" time elapsed: 00:00:00
----------------------------------------------------------

5/182 Testing: Bank.Bank
5/182 Test: Bank.Bank
Command: "/home/pieter/GitHub/Control-Surface/build/bin/tests" "--gtest_filter=Bank.Bank" "--gtest_also_run_disabled_tests"
Directory: /home/pieter/GitHub/Control-Surface/build
"Bank.Bank" start time: Aug 03 22:26 CEST
Output:
----------------------------------------------------------
Note: Google Test filter = Bank.Bank
[==========] Running 1 test from 1 test suite.
[----------] Global test environment set-up.
[----------] 1 test from Bank
[ RUN      ] Bank.Bank
[       OK ] Bank.Bank (0 ms)
[----------] 1 test from Bank (0 ms total)

[----------] Global test environment tear-down
[==========] 1 test from 1 test suite ran. (0 ms total)
[  PASSED  ] 1 test.
<end of output>
Test time =   0.01 sec
----------------------------------------------------------
Test Passed.
"Bank.Bank" end time: Aug 03 22:26 CEST
"Bank.Bank" time elapsed: 00:00:00
----------------------------------------------------------

6/182 Testing: Bank.select
6/182 Test: Bank.select
Command: "/home/pieter/GitHub/Control-Surface/build/bin/tests" "--gtest_filter=Bank.select" "--gtest_also_run_disabled_tests"
Directory: /home/pieter/GitHub/Control-Surface/build
"Bank.select" start time: Aug 03 22:26 CEST
Output:
----------------------------------------------------------
Note: Google Test filter = Bank.select
[==========] Running 1 test from 1 test suite.
[----------] Global test environment set-up.
[----------] 1 test from Bank
[ RUN      ] Bank.select
[       OK ] Bank.select (0 ms)
[----------] 1 test from Bank (0 ms total)

[----------] Global test environment tear-down
[==========] 1 test from 1 test suite ran. (0 ms total)
[  PASSED  ] 1 test.
<end of output>
Test time =   0.01 sec
----------------------------------------------------------
Test Passed.
"Bank.select" end time: Aug 03 22:26 CEST
"Bank.select" time elapsed: 00:00:00
----------------------------------------------------------

7/182 Testing: Bank.selectOutOfBounds
7/182 Test: Bank.selectOutOfBounds
Command: "/home/pieter/GitHub/Control-Surface/build/bin/tests" "--gtest_filter=Bank.selectOutOfBounds" "--gtest_also_run_disabled_tests"
Directory: /home/pieter/GitHub/Control-Surface/build
"Bank.selectOutOfBounds" start time: Aug 03 22:26 CEST
Output:
----------------------------------------------------------
Note: Google Test filter = Bank.selectOutOfBounds
[==========] Running 1 test from 1 test suite.
[----------] Global test environment set-up.
[----------] 1 test from Bank
[ RUN      ] Bank.selectOutOfBounds
[       OK ] Bank.selectOutOfBounds (0 ms)
[----------] 1 test from Bank (0 ms total)

[----------] Global test environment tear-down
[==========] 1 test from 1 test suite ran. (0 ms total)
[  PASSED  ] 1 test.
<end of output>
Test time =   0.01 sec
----------------------------------------------------------
Test Passed.
"Bank.selectOutOfBounds" end time: Aug 03 22:26 CEST
"Bank.selectOutOfBounds" time elapsed: 00:00:00
----------------------------------------------------------

8/182 Testing: Bank.onBankSettingChange
8/182 Test: Bank.onBankSettingChange
Command: "/home/pieter/GitHub/Control-Surface/build/bin/tests" "--gtest_filter=Bank.onBankSettingChange" "--gtest_also_run_disabled_tests"
Directory: /home/pieter/GitHub/Control-Surface/build
"Bank.onBankSettingChange" start time: Aug 03 22:26 CEST
Output:
----------------------------------------------------------
Note: Google Test filter = Bank.onBankSettingChange
[==========] Running 1 test from 1 test suite.
[----------] Global test environment set-up.
[----------] 1 test from Bank
[ RUN      ] Bank.onBankSettingChange
[       OK ] Bank.onBankSettingChange (0 ms)
[----------] 1 test from Bank (0 ms total)

[----------] Global test environment tear-down
[==========] 1 test from 1 test suite ran. (0 ms total)
[  PASSED  ] 1 test.
<end of output>
Test time =   0.01 sec
----------------------------------------------------------
Test Passed.
"Bank.onBankSettingChange" end time: Aug 03 22:26 CEST
"Bank.onBankSettingChange" time elapsed: 00:00:00
----------------------------------------------------------

9/182 Testing: AnalogMultiplex.analogReadNoEnable
9/182 Test: AnalogMultiplex.analogReadNoEnable
Command: "/home/pieter/GitHub/Control-Surface/build/bin/tests" "--gtest_filter=AnalogMultiplex.analogReadNoEnable" "--gtest_also_run_disabled_tests"
Directory: /home/pieter/GitHub/Control-Surface/build
"AnalogMultiplex.analogReadNoEnable" start time: Aug 03 22:26 CEST
Output:
----------------------------------------------------------
Note: Google Test filter = AnalogMultiplex.analogReadNoEnable
[==========] Running 1 test from 1 test suite.
[----------] Global test environment set-up.
[----------] 1 test from AnalogMultiplex
[ RUN      ] AnalogMultiplex.analogReadNoEnable
[       OK ] AnalogMultiplex.analogReadNoEnable (1 ms)
[----------] 1 test from AnalogMultiplex (1 ms total)

[----------] Global test environment tear-down
[==========] 1 test from 1 test suite ran. (1 ms total)
[  PASSED  ] 1 test.
<end of output>
Test time =   0.01 sec
----------------------------------------------------------
Test Passed.
"AnalogMultiplex.analogReadNoEnable" end time: Aug 03 22:26 CEST
"AnalogMultiplex.analogReadNoEnable" time elapsed: 00:00:00
----------------------------------------------------------

10/182 Testing: AnalogMultiplex.digitalReadNoEnable
10/182 Test: AnalogMultiplex.digitalReadNoEnable
Command: "/home/pieter/GitHub/Control-Surface/build/bin/tests" "--gtest_filter=AnalogMultiplex.digitalReadNoEnable" "--gtest_also_run_disabled_tests"
Directory: /home/pieter/GitHub/Control-Surface/build
"AnalogMultiplex.digitalReadNoEnable" start time: Aug 03 22:26 CEST
Output:
----------------------------------------------------------
Note: Google Test filter = AnalogMultiplex.digitalReadNoEnable
[==========] Running 1 test from 1 test suite.
[----------] Global test environment set-up.
[----------] 1 test from AnalogMultiplex
[ RUN      ] AnalogMultiplex.digitalReadNoEnable
[       OK ] AnalogMultiplex.digitalReadNoEnable (0 ms)
[----------] 1 test from AnalogMultiplex (0 ms total)

[----------] Global test environment tear-down
[==========] 1 test from 1 test suite ran. (0 ms total)
[  PASSED  ] 1 test.
<end of output>
Test time =   0.01 sec
----------------------------------------------------------
Test Passed.
"AnalogMultiplex.digitalReadNoEnable" end time: Aug 03 22:26 CEST
"AnalogMultiplex.digitalReadNoEnable" time elapsed: 00:00:00
----------------------------------------------------------

11/182 Testing: AnalogMultiplex.analogReadEnable
11/182 Test: AnalogMultiplex.analogReadEnable
Command: "/home/pieter/GitHub/Control-Surface/build/bin/tests" "--gtest_filter=AnalogMultiplex.analogReadEnable" "--gtest_also_run_disabled_tests"
Directory: /home/pieter/GitHub/Control-Surface/build
"AnalogMultiplex.analogReadEnable" start time: Aug 03 22:26 CEST
Output:
----------------------------------------------------------
Note: Google Test filter = AnalogMultiplex.analogReadEnable
[==========] Running 1 test from 1 test suite.
[----------] Global test environment set-up.
[----------] 1 test from AnalogMultiplex
[ RUN      ] AnalogMultiplex.analogReadEnable
[       OK ] AnalogMultiplex.analogReadEnable (4 ms)
[----------] 1 test from AnalogMultiplex (4 ms total)

[----------] Global test environment tear-down
[==========] 1 test from 1 test suite ran. (4 ms total)
[  PASSED  ] 1 test.
<end of output>
Test time =   0.02 sec
----------------------------------------------------------
Test Passed.
"AnalogMultiplex.analogReadEnable" end time: Aug 03 22:26 CEST
"AnalogMultiplex.analogReadEnable" time elapsed: 00:00:00
----------------------------------------------------------

12/182 Testing: AnalogMultiplex.analogReadEnable3
12/182 Test: AnalogMultiplex.analogReadEnable3
Command: "/home/pieter/GitHub/Control-Surface/build/bin/tests" "--gtest_filter=AnalogMultiplex.analogReadEnable3" "--gtest_also_run_disabled_tests"
Directory: /home/pieter/GitHub/Control-Surface/build
"AnalogMultiplex.analogReadEnable3" start time: Aug 03 22:26 CEST
Output:
----------------------------------------------------------
Note: Google Test filter = AnalogMultiplex.analogReadEnable3
[==========] Running 1 test from 1 test suite.
[----------] Global test environment set-up.
[----------] 1 test from AnalogMultiplex
[ RUN      ] AnalogMultiplex.analogReadEnable3
[       OK ] AnalogMultiplex.analogReadEnable3 (1 ms)
[----------] 1 test from AnalogMultiplex (1 ms total)

[----------] Global test environment tear-down
[==========] 1 test from 1 test suite ran. (1 ms total)
[  PASSED  ] 1 test.
<end of output>
Test time =   0.01 sec
----------------------------------------------------------
Test Passed.
"AnalogMultiplex.analogReadEnable3" end time: Aug 03 22:26 CEST
"AnalogMultiplex.analogReadEnable3" time elapsed: 00:00:00
----------------------------------------------------------

13/182 Testing: AnalogMultiplex.digitalReadEnable
13/182 Test: AnalogMultiplex.digitalReadEnable
Command: "/home/pieter/GitHub/Control-Surface/build/bin/tests" "--gtest_filter=AnalogMultiplex.digitalReadEnable" "--gtest_also_run_disabled_tests"
Directory: /home/pieter/GitHub/Control-Surface/build
"AnalogMultiplex.digitalReadEnable" start time: Aug 03 22:26 CEST
Output:
----------------------------------------------------------
Note: Google Test filter = AnalogMultiplex.digitalReadEnable
[==========] Running 1 test from 1 test suite.
[----------] Global test environment set-up.
[----------] 1 test from AnalogMultiplex
[ RUN      ] AnalogMultiplex.digitalReadEnable
[       OK ] AnalogMultiplex.digitalReadEnable (1 ms)
[----------] 1 test from AnalogMultiplex (1 ms total)

[----------] Global test environment tear-down
[==========] 1 test from 1 test suite ran. (1 ms total)
[  PASSED  ] 1 test.
<end of output>
Test time =   0.02 sec
----------------------------------------------------------
Test Passed.
"AnalogMultiplex.digitalReadEnable" end time: Aug 03 22:26 CEST
"AnalogMultiplex.digitalReadEnable" time elapsed: 00:00:00
----------------------------------------------------------

14/182 Testing: AnalogMultiplex.pinMode
14/182 Test: AnalogMultiplex.pinMode
Command: "/home/pieter/GitHub/Control-Surface/build/bin/tests" "--gtest_filter=AnalogMultiplex.pinMode" "--gtest_also_run_disabled_tests"
Directory: /home/pieter/GitHub/Control-Surface/build
"AnalogMultiplex.pinMode" start time: Aug 03 22:26 CEST
Output:
----------------------------------------------------------
Note: Google Test filter = AnalogMultiplex.pinMode
[==========] Running 1 test from 1 test suite.
[----------] Global test environment set-up.
[----------] 1 test from AnalogMultiplex
[ RUN      ] AnalogMultiplex.pinMode
[       OK ] AnalogMultiplex.pinMode (0 ms)
[----------] 1 test from AnalogMultiplex (0 ms total)

[----------] Global test environment tear-down
[==========] 1 test from 1 test suite ran. (0 ms total)
[  PASSED  ] 1 test.
<end of output>
Test time =   0.02 sec
----------------------------------------------------------
Test Passed.
"AnalogMultiplex.pinMode" end time: Aug 03 22:26 CEST
"AnalogMultiplex.pinMode" time elapsed: 00:00:00
----------------------------------------------------------

15/182 Testing: ExtendedInputOutput.digitalRead
15/182 Test: ExtendedInputOutput.digitalRead
Command: "/home/pieter/GitHub/Control-Surface/build/bin/tests" "--gtest_filter=ExtendedInputOutput.digitalRead" "--gtest_also_run_disabled_tests"
Directory: /home/pieter/GitHub/Control-Surface/build
"ExtendedInputOutput.digitalRead" start time: Aug 03 22:26 CEST
Output:
----------------------------------------------------------
Note: Google Test filter = ExtendedInputOutput.digitalRead
[==========] Running 1 test from 1 test suite.
[----------] Global test environment set-up.
[----------] 1 test from ExtendedInputOutput
[ RUN      ] ExtendedInputOutput.digitalRead
[       OK ] ExtendedInputOutput.digitalRead (0 ms)
[----------] 1 test from ExtendedInputOutput (0 ms total)

[----------] Global test environment tear-down
[==========] 1 test from 1 test suite ran. (0 ms total)
[  PASSED  ] 1 test.
<end of output>
Test time =   0.02 sec
----------------------------------------------------------
Test Passed.
"ExtendedInputOutput.digitalRead" end time: Aug 03 22:26 CEST
"ExtendedInputOutput.digitalRead" time elapsed: 00:00:00
----------------------------------------------------------

16/182 Testing: ExtendedInputOutput.pinOutOfBoundsGt
16/182 Test: ExtendedInputOutput.pinOutOfBoundsGt
Command: "/home/pieter/GitHub/Control-Surface/build/bin/tests" "--gtest_filter=ExtendedInputOutput.pinOutOfBoundsGt" "--gtest_also_run_disabled_tests"
Directory: /home/pieter/GitHub/Control-Surface/build
"ExtendedInputOutput.pinOutOfBoundsGt" start time: Aug 03 22:26 CEST
Output:
----------------------------------------------------------
Note: Google Test filter = ExtendedInputOutput.pinOutOfBoundsGt
[==========] Running 1 test from 1 test suite.
[----------] Global test environment set-up.
[----------] 1 test from ExtendedInputOutput
[ RUN      ] ExtendedInputOutput.pinOutOfBoundsGt
[       OK ] ExtendedInputOutput.pinOutOfBoundsGt (0 ms)
[----------] 1 test from ExtendedInputOutput (0 ms total)

[----------] Global test environment tear-down
[==========] 1 test from 1 test suite ran. (0 ms total)
[  PASSED  ] 1 test.
<end of output>
Test time =   0.01 sec
----------------------------------------------------------
Test Passed.
"ExtendedInputOutput.pinOutOfBoundsGt" end time: Aug 03 22:26 CEST
"ExtendedInputOutput.pinOutOfBoundsGt" time elapsed: 00:00:00
----------------------------------------------------------

17/182 Testing: ExtendedInputOutput.pinOutOfBoundsLt
17/182 Test: ExtendedInputOutput.pinOutOfBoundsLt
Command: "/home/pieter/GitHub/Control-Surface/build/bin/tests" "--gtest_filter=ExtendedInputOutput.pinOutOfBoundsLt" "--gtest_also_run_disabled_tests"
Directory: /home/pieter/GitHub/Control-Surface/build
"ExtendedInputOutput.pinOutOfBoundsLt" start time: Aug 03 22:26 CEST
Output:
----------------------------------------------------------
Note: Google Test filter = ExtendedInputOutput.pinOutOfBoundsLt
[==========] Running 1 test from 1 test suite.
[----------] Global test environment set-up.
[----------] 1 test from ExtendedInputOutput
[ RUN      ] ExtendedInputOutput.pinOutOfBoundsLt
[       OK ] ExtendedInputOutput.pinOutOfBoundsLt (0 ms)
[----------] 1 test from ExtendedInputOutput (0 ms total)

[----------] Global test environment tear-down
[==========] 1 test from 1 test suite ran. (0 ms total)
[  PASSED  ] 1 test.
<end of output>
Test time =   0.01 sec
----------------------------------------------------------
Test Passed.
"ExtendedInputOutput.pinOutOfBoundsLt" end time: Aug 03 22:26 CEST
"ExtendedInputOutput.pinOutOfBoundsLt" time elapsed: 00:00:00
----------------------------------------------------------

18/182 Testing: ExtendedInputOutput.nonExistentPin
18/182 Test: ExtendedInputOutput.nonExistentPin
Command: "/home/pieter/GitHub/Control-Surface/build/bin/tests" "--gtest_filter=ExtendedInputOutput.nonExistentPin" "--gtest_also_run_disabled_tests"
Directory: /home/pieter/GitHub/Control-Surface/build
"ExtendedInputOutput.nonExistentPin" start time: Aug 03 22:26 CEST
Output:
----------------------------------------------------------
Note: Google Test filter = ExtendedInputOutput.nonExistentPin
[==========] Running 1 test from 1 test suite.
[----------] Global test environment set-up.
[----------] 1 test from ExtendedInputOutput
[ RUN      ] ExtendedInputOutput.nonExistentPin
[       OK ] ExtendedInputOutput.nonExistentPin (0 ms)
[----------] 1 test from ExtendedInputOutput (0 ms total)

[----------] Global test environment tear-down
[==========] 1 test from 1 test suite ran. (0 ms total)
[  PASSED  ] 1 test.
<end of output>
Test time =   0.01 sec
----------------------------------------------------------
Test Passed.
"ExtendedInputOutput.nonExistentPin" end time: Aug 03 22:26 CEST
"ExtendedInputOutput.nonExistentPin" time elapsed: 00:00:00
----------------------------------------------------------

19/182 Testing: ExtendedInputOutput.nonExistentPinOfDeletedElement
19/182 Test: ExtendedInputOutput.nonExistentPinOfDeletedElement
Command: "/home/pieter/GitHub/Control-Surface/build/bin/tests" "--gtest_filter=ExtendedInputOutput.nonExistentPinOfDeletedElement" "--gtest_also_run_disabled_tests"
Directory: /home/pieter/GitHub/Control-Surface/build
"ExtendedInputOutput.nonExistentPinOfDeletedElement" start time: Aug 03 22:26 CEST
Output:
----------------------------------------------------------
Note: Google Test filter = ExtendedInputOutput.nonExistentPinOfDeletedElement
[==========] Running 1 test from 1 test suite.
[----------] Global test environment set-up.
[----------] 1 test from ExtendedInputOutput
[ RUN      ] ExtendedInputOutput.nonExistentPinOfDeletedElement
[       OK ] ExtendedInputOutput.nonExistentPinOfDeletedElement (0 ms)
[----------] 1 test from ExtendedInputOutput (0 ms total)

[----------] Global test environment tear-down
[==========] 1 test from 1 test suite ran. (0 ms total)
[  PASSED  ] 1 test.
<end of output>
Test time =   0.01 sec
----------------------------------------------------------
Test Passed.
"ExtendedInputOutput.nonExistentPinOfDeletedElement" end time: Aug 03 22:26 CEST
"ExtendedInputOutput.nonExistentPinOfDeletedElement" time elapsed: 00:00:00
----------------------------------------------------------

20/182 Testing: ExtendedInputOutput.outOfPinNumbers
20/182 Test: ExtendedInputOutput.outOfPinNumbers
Command: "/home/pieter/GitHub/Control-Surface/build/bin/tests" "--gtest_filter=ExtendedInputOutput.outOfPinNumbers" "--gtest_also_run_disabled_tests"
Directory: /home/pieter/GitHub/Control-Surface/build
"ExtendedInputOutput.outOfPinNumbers" start time: Aug 03 22:26 CEST
Output:
----------------------------------------------------------
Note: Google Test filter = ExtendedInputOutput.outOfPinNumbers
[==========] Running 1 test from 1 test suite.
[----------] Global test environment set-up.
[----------] 1 test from ExtendedInputOutput
[ RUN      ] ExtendedInputOutput.outOfPinNumbers
[       OK ] ExtendedInputOutput.outOfPinNumbers (0 ms)
[----------] 1 test from ExtendedInputOutput (0 ms total)

[----------] Global test environment tear-down
[==========] 1 test from 1 test suite ran. (0 ms total)
[  PASSED  ] 1 test.
<end of output>
Test time =   0.02 sec
----------------------------------------------------------
Test Passed.
"ExtendedInputOutput.outOfPinNumbers" end time: Aug 03 22:26 CEST
"ExtendedInputOutput.outOfPinNumbers" time elapsed: 00:00:00
----------------------------------------------------------

21/182 Testing: Button.construct
21/182 Test: Button.construct
Command: "/home/pieter/GitHub/Control-Surface/build/bin/tests" "--gtest_filter=Button.construct" "--gtest_also_run_disabled_tests"
Directory: /home/pieter/GitHub/Control-Surface/build
"Button.construct" start time: Aug 03 22:26 CEST
Output:
----------------------------------------------------------
Note: Google Test filter = Button.construct
[==========] Running 1 test from 1 test suite.
[----------] Global test environment set-up.
[----------] 1 test from Button
[ RUN      ] Button.construct
[       OK ] Button.construct (1 ms)
[----------] 1 test from Button (1 ms total)

[----------] Global test environment tear-down
[==========] 1 test from 1 test suite ran. (1 ms total)
[  PASSED  ] 1 test.
<end of output>
Test time =   0.02 sec
----------------------------------------------------------
Test Passed.
"Button.construct" end time: Aug 03 22:26 CEST
"Button.construct" time elapsed: 00:00:00
----------------------------------------------------------

22/182 Testing: Button.released
22/182 Test: Button.released
Command: "/home/pieter/GitHub/Control-Surface/build/bin/tests" "--gtest_filter=Button.released" "--gtest_also_run_disabled_tests"
Directory: /home/pieter/GitHub/Control-Surface/build
"Button.released" start time: Aug 03 22:26 CEST
Output:
----------------------------------------------------------
Note: Google Test filter = Button.released
[==========] Running 1 test from 1 test suite.
[----------] Global test environment set-up.
[----------] 1 test from Button
[ RUN      ] Button.released
[       OK ] Button.released (1 ms)
[----------] 1 test from Button (1 ms total)

[----------] Global test environment tear-down
[==========] 1 test from 1 test suite ran. (1 ms total)
[  PASSED  ] 1 test.
<end of output>
Test time =   0.02 sec
----------------------------------------------------------
Test Passed.
"Button.released" end time: Aug 03 22:26 CEST
"Button.released" time elapsed: 00:00:00
----------------------------------------------------------

23/182 Testing: Button.falling
23/182 Test: Button.falling
Command: "/home/pieter/GitHub/Control-Surface/build/bin/tests" "--gtest_filter=Button.falling" "--gtest_also_run_disabled_tests"
Directory: /home/pieter/GitHub/Control-Surface/build
"Button.falling" start time: Aug 03 22:26 CEST
Output:
----------------------------------------------------------
Note: Google Test filter = Button.falling
[==========] Running 1 test from 1 test suite.
[----------] Global test environment set-up.
[----------] 1 test from Button
[ RUN      ] Button.falling
[       OK ] Button.falling (0 ms)
[----------] 1 test from Button (0 ms total)

[----------] Global test environment tear-down
[==========] 1 test from 1 test suite ran. (1 ms total)
[  PASSED  ] 1 test.
<end of output>
Test time =   0.02 sec
----------------------------------------------------------
Test Passed.
"Button.falling" end time: Aug 03 22:26 CEST
"Button.falling" time elapsed: 00:00:00
----------------------------------------------------------

24/182 Testing: Button.pressed
24/182 Test: Button.pressed
Command: "/home/pieter/GitHub/Control-Surface/build/bin/tests" "--gtest_filter=Button.pressed" "--gtest_also_run_disabled_tests"
Directory: /home/pieter/GitHub/Control-Surface/build
"Button.pressed" start time: Aug 03 22:26 CEST
Output:
----------------------------------------------------------
Note: Google Test filter = Button.pressed
[==========] Running 1 test from 1 test suite.
[----------] Global test environment set-up.
[----------] 1 test from Button
[ RUN      ] Button.pressed
[       OK ] Button.pressed (0 ms)
[----------] 1 test from Button (0 ms total)

[----------] Global test environment tear-down
[==========] 1 test from 1 test suite ran. (0 ms total)
[  PASSED  ] 1 test.
<end of output>
Test time =   0.02 sec
----------------------------------------------------------
Test Passed.
"Button.pressed" end time: Aug 03 22:26 CEST
"Button.pressed" time elapsed: 00:00:00
----------------------------------------------------------

25/182 Testing: Button.rising
25/182 Test: Button.rising
Command: "/home/pieter/GitHub/Control-Surface/build/bin/tests" "--gtest_filter=Button.rising" "--gtest_also_run_disabled_tests"
Directory: /home/pieter/GitHub/Control-Surface/build
"Button.rising" start time: Aug 03 22:26 CEST
Output:
----------------------------------------------------------
Note: Google Test filter = Button.rising
[==========] Running 1 test from 1 test suite.
[----------] Global test environment set-up.
[----------] 1 test from Button
[ RUN      ] Button.rising
[       OK ] Button.rising (0 ms)
[----------] 1 test from Button (0 ms total)

[----------] Global test environment tear-down
[==========] 1 test from 1 test suite ran. (0 ms total)
[  PASSED  ] 1 test.
<end of output>
Test time =   0.01 sec
----------------------------------------------------------
Test Passed.
"Button.rising" end time: Aug 03 22:26 CEST
"Button.rising" time elapsed: 00:00:00
----------------------------------------------------------

26/182 Testing: Button.debouncePressed
26/182 Test: Button.debouncePressed
Command: "/home/pieter/GitHub/Control-Surface/build/bin/tests" "--gtest_filter=Button.debouncePressed" "--gtest_also_run_disabled_tests"
Directory: /home/pieter/GitHub/Control-Surface/build
"Button.debouncePressed" start time: Aug 03 22:26 CEST
Output:
----------------------------------------------------------
Note: Google Test filter = Button.debouncePressed
[==========] Running 1 test from 1 test suite.
[----------] Global test environment set-up.
[----------] 1 test from Button
[ RUN      ] Button.debouncePressed
[       OK ] Button.debouncePressed (1 ms)
[----------] 1 test from Button (1 ms total)

[----------] Global test environment tear-down
[==========] 1 test from 1 test suite ran. (1 ms total)
[  PASSED  ] 1 test.
<end of output>
Test time =   0.02 sec
----------------------------------------------------------
Test Passed.
"Button.debouncePressed" end time: Aug 03 22:26 CEST
"Button.debouncePressed" time elapsed: 00:00:00
----------------------------------------------------------

27/182 Testing: Button.debounceReleased
27/182 Test: Button.debounceReleased
Command: "/home/pieter/GitHub/Control-Surface/build/bin/tests" "--gtest_filter=Button.debounceReleased" "--gtest_also_run_disabled_tests"
Directory: /home/pieter/GitHub/Control-Surface/build
"Button.debounceReleased" start time: Aug 03 22:26 CEST
Output:
----------------------------------------------------------
Note: Google Test filter = Button.debounceReleased
[==========] Running 1 test from 1 test suite.
[----------] Global test environment set-up.
[----------] 1 test from Button
[ RUN      ] Button.debounceReleased
[       OK ] Button.debounceReleased (0 ms)
[----------] 1 test from Button (0 ms total)

[----------] Global test environment tear-down
[==========] 1 test from 1 test suite ran. (0 ms total)
[  PASSED  ] 1 test.
<end of output>
Test time =   0.02 sec
----------------------------------------------------------
Test Passed.
"Button.debounceReleased" end time: Aug 03 22:26 CEST
"Button.debounceReleased" time elapsed: 00:00:00
----------------------------------------------------------

28/182 Testing: Array.initializeAndRetrieve
28/182 Test: Array.initializeAndRetrieve
Command: "/home/pieter/GitHub/Control-Surface/build/bin/tests" "--gtest_filter=Array.initializeAndRetrieve" "--gtest_also_run_disabled_tests"
Directory: /home/pieter/GitHub/Control-Surface/build
"Array.initializeAndRetrieve" start time: Aug 03 22:26 CEST
Output:
----------------------------------------------------------
Note: Google Test filter = Array.initializeAndRetrieve
[==========] Running 1 test from 1 test suite.
[----------] Global test environment set-up.
[----------] 1 test from Array
[ RUN      ] Array.initializeAndRetrieve
[       OK ] Array.initializeAndRetrieve (0 ms)
[----------] 1 test from Array (0 ms total)

[----------] Global test environment tear-down
[==========] 1 test from 1 test suite ran. (0 ms total)
[  PASSED  ] 1 test.
<end of output>
Test time =   0.02 sec
----------------------------------------------------------
Test Passed.
"Array.initializeAndRetrieve" end time: Aug 03 22:26 CEST
"Array.initializeAndRetrieve" time elapsed: 00:00:00
----------------------------------------------------------

29/182 Testing: Array.initializeAndRetrieveConst
29/182 Test: Array.initializeAndRetrieveConst
Command: "/home/pieter/GitHub/Control-Surface/build/bin/tests" "--gtest_filter=Array.initializeAndRetrieveConst" "--gtest_also_run_disabled_tests"
Directory: /home/pieter/GitHub/Control-Surface/build
"Array.initializeAndRetrieveConst" start time: Aug 03 22:26 CEST
Output:
----------------------------------------------------------
Note: Google Test filter = Array.initializeAndRetrieveConst
[==========] Running 1 test from 1 test suite.
[----------] Global test environment set-up.
[----------] 1 test from Array
[ RUN      ] Array.initializeAndRetrieveConst
[       OK ] Array.initializeAndRetrieveConst (0 ms)
[----------] 1 test from Array (0 ms total)

[----------] Global test environment tear-down
[==========] 1 test from 1 test suite ran. (0 ms total)
[  PASSED  ] 1 test.
<end of output>
Test time =   0.02 sec
----------------------------------------------------------
Test Passed.
"Array.initializeAndRetrieveConst" end time: Aug 03 22:26 CEST
"Array.initializeAndRetrieveConst" time elapsed: 00:00:00
----------------------------------------------------------

30/182 Testing: Array.write
30/182 Test: Array.write
Command: "/home/pieter/GitHub/Control-Surface/build/bin/tests" "--gtest_filter=Array.write" "--gtest_also_run_disabled_tests"
Directory: /home/pieter/GitHub/Control-Surface/build
"Array.write" start time: Aug 03 22:26 CEST
Output:
----------------------------------------------------------
Note: Google Test filter = Array.write
[==========] Running 1 test from 1 test suite.
[----------] Global test environment set-up.
[----------] 1 test from Array
[ RUN      ] Array.write
[       OK ] Array.write (0 ms)
[----------] 1 test from Array (0 ms total)

[----------] Global test environment tear-down
[==========] 1 test from 1 test suite ran. (0 ms total)
[  PASSED  ] 1 test.
<end of output>
Test time =   0.01 sec
----------------------------------------------------------
Test Passed.
"Array.write" end time: Aug 03 22:26 CEST
"Array.write" time elapsed: 00:00:00
----------------------------------------------------------

31/182 Testing: Array.rangeFor
31/182 Test: Array.rangeFor
Command: "/home/pieter/GitHub/Control-Surface/build/bin/tests" "--gtest_filter=Array.rangeFor" "--gtest_also_run_disabled_tests"
Directory: /home/pieter/GitHub/Control-Surface/build
"Array.rangeFor" start time: Aug 03 22:26 CEST
Output:
----------------------------------------------------------
Note: Google Test filter = Array.rangeFor
[==========] Running 1 test from 1 test suite.
[----------] Global test environment set-up.
[----------] 1 test from Array
[ RUN      ] Array.rangeFor
[       OK ] Array.rangeFor (0 ms)
[----------] 1 test from Array (0 ms total)

[----------] Global test environment tear-down
[==========] 1 test from 1 test suite ran. (0 ms total)
[  PASSED  ] 1 test.
<end of output>
Test time =   0.01 sec
----------------------------------------------------------
Test Passed.
"Array.rangeFor" end time: Aug 03 22:26 CEST
"Array.rangeFor" time elapsed: 00:00:00
----------------------------------------------------------

32/182 Testing: Array.rangeForConst
32/182 Test: Array.rangeForConst
Command: "/home/pieter/GitHub/Control-Surface/build/bin/tests" "--gtest_filter=Array.rangeForConst" "--gtest_also_run_disabled_tests"
Directory: /home/pieter/GitHub/Control-Surface/build
"Array.rangeForConst" start time: Aug 03 22:26 CEST
Output:
----------------------------------------------------------
Note: Google Test filter = Array.rangeForConst
[==========] Running 1 test from 1 test suite.
[----------] Global test environment set-up.
[----------] 1 test from Array
[ RUN      ] Array.rangeForConst
[       OK ] Array.rangeForConst (0 ms)
[----------] 1 test from Array (0 ms total)

[----------] Global test environment tear-down
[==========] 1 test from 1 test suite ran. (0 ms total)
[  PASSED  ] 1 test.
<end of output>
Test time =   0.01 sec
----------------------------------------------------------
Test Passed.
"Array.rangeForConst" end time: Aug 03 22:26 CEST
"Array.rangeForConst" time elapsed: 00:00:00
----------------------------------------------------------

33/182 Testing: Array.equality
33/182 Test: Array.equality
Command: "/home/pieter/GitHub/Control-Surface/build/bin/tests" "--gtest_filter=Array.equality" "--gtest_also_run_disabled_tests"
Directory: /home/pieter/GitHub/Control-Surface/build
"Array.equality" start time: Aug 03 22:26 CEST
Output:
----------------------------------------------------------
Note: Google Test filter = Array.equality
[==========] Running 1 test from 1 test suite.
[----------] Global test environment set-up.
[----------] 1 test from Array
[ RUN      ] Array.equality
[       OK ] Array.equality (0 ms)
[----------] 1 test from Array (0 ms total)

[----------] Global test environment tear-down
[==========] 1 test from 1 test suite ran. (0 ms total)
[  PASSED  ] 1 test.
<end of output>
Test time =   0.02 sec
----------------------------------------------------------
Test Passed.
"Array.equality" end time: Aug 03 22:26 CEST
"Array.equality" time elapsed: 00:00:00
----------------------------------------------------------

34/182 Testing: Array2D.initialize
34/182 Test: Array2D.initialize
Command: "/home/pieter/GitHub/Control-Surface/build/bin/tests" "--gtest_filter=Array2D.initialize" "--gtest_also_run_disabled_tests"
Directory: /home/pieter/GitHub/Control-Surface/build
"Array2D.initialize" start time: Aug 03 22:26 CEST
Output:
----------------------------------------------------------
Note: Google Test filter = Array2D.initialize
[==========] Running 1 test from 1 test suite.
[----------] Global test environment set-up.
[----------] 1 test from Array2D
[ RUN      ] Array2D.initialize
[       OK ] Array2D.initialize (0 ms)
[----------] 1 test from Array2D (0 ms total)

[----------] Global test environment tear-down
[==========] 1 test from 1 test suite ran. (0 ms total)
[  PASSED  ] 1 test.
<end of output>
Test time =   0.01 sec
----------------------------------------------------------
Test Passed.
"Array2D.initialize" end time: Aug 03 22:26 CEST
"Array2D.initialize" time elapsed: 00:00:00
----------------------------------------------------------

35/182 Testing: generateIncrementalArray.simple
35/182 Test: generateIncrementalArray.simple
Command: "/home/pieter/GitHub/Control-Surface/build/bin/tests" "--gtest_filter=generateIncrementalArray.simple" "--gtest_also_run_disabled_tests"
Directory: /home/pieter/GitHub/Control-Surface/build
"generateIncrementalArray.simple" start time: Aug 03 22:26 CEST
Output:
----------------------------------------------------------
Note: Google Test filter = generateIncrementalArray.simple
[==========] Running 1 test from 1 test suite.
[----------] Global test environment set-up.
[----------] 1 test from generateIncrementalArray
[ RUN      ] generateIncrementalArray.simple
[       OK ] generateIncrementalArray.simple (0 ms)
[----------] 1 test from generateIncrementalArray (0 ms total)

[----------] Global test environment tear-down
[==========] 1 test from 1 test suite ran. (0 ms total)
[  PASSED  ] 1 test.
<end of output>
Test time =   0.01 sec
----------------------------------------------------------
Test Passed.
"generateIncrementalArray.simple" end time: Aug 03 22:26 CEST
"generateIncrementalArray.simple" time elapsed: 00:00:00
----------------------------------------------------------

36/182 Testing: generateArray.simple
36/182 Test: generateArray.simple
Command: "/home/pieter/GitHub/Control-Surface/build/bin/tests" "--gtest_filter=generateArray.simple" "--gtest_also_run_disabled_tests"
Directory: /home/pieter/GitHub/Control-Surface/build
"generateArray.simple" start time: Aug 03 22:26 CEST
Output:
----------------------------------------------------------
Note: Google Test filter = generateArray.simple
[==========] Running 1 test from 1 test suite.
[----------] Global test environment set-up.
[----------] 1 test from generateArray
[ RUN      ] generateArray.simple
[       OK ] generateArray.simple (0 ms)
[----------] 1 test from generateArray (0 ms total)

[----------] Global test environment tear-down
[==========] 1 test from 1 test suite ran. (0 ms total)
[  PASSED  ] 1 test.
<end of output>
Test time =   0.01 sec
----------------------------------------------------------
Test Passed.
"generateArray.simple" end time: Aug 03 22:26 CEST
"generateArray.simple" time elapsed: 00:00:00
----------------------------------------------------------

37/182 Testing: DoublyLinkedList.appendNode
37/182 Test: DoublyLinkedList.appendNode
Command: "/home/pieter/GitHub/Control-Surface/build/bin/tests" "--gtest_filter=DoublyLinkedList.appendNode" "--gtest_also_run_disabled_tests"
Directory: /home/pieter/GitHub/Control-Surface/build
"DoublyLinkedList.appendNode" start time: Aug 03 22:26 CEST
Output:
----------------------------------------------------------
Note: Google Test filter = DoublyLinkedList.appendNode
[==========] Running 1 test from 1 test suite.
[----------] Global test environment set-up.
[----------] 1 test from DoublyLinkedList
[ RUN      ] DoublyLinkedList.appendNode
[       OK ] DoublyLinkedList.appendNode (1 ms)
[----------] 1 test from DoublyLinkedList (1 ms total)

[----------] Global test environment tear-down
[==========] 1 test from 1 test suite ran. (1 ms total)
[  PASSED  ] 1 test.
<end of output>
Test time =   0.02 sec
----------------------------------------------------------
Test Passed.
"DoublyLinkedList.appendNode" end time: Aug 03 22:26 CEST
"DoublyLinkedList.appendNode" time elapsed: 00:00:00
----------------------------------------------------------

38/182 Testing: DoublyLinkedList.insertNodeBeforeFirst
38/182 Test: DoublyLinkedList.insertNodeBeforeFirst
Command: "/home/pieter/GitHub/Control-Surface/build/bin/tests" "--gtest_filter=DoublyLinkedList.insertNodeBeforeFirst" "--gtest_also_run_disabled_tests"
Directory: /home/pieter/GitHub/Control-Surface/build
"DoublyLinkedList.insertNodeBeforeFirst" start time: Aug 03 22:26 CEST
Output:
----------------------------------------------------------
Note: Google Test filter = DoublyLinkedList.insertNodeBeforeFirst
[==========] Running 1 test from 1 test suite.
[----------] Global test environment set-up.
[----------] 1 test from DoublyLinkedList
[ RUN      ] DoublyLinkedList.insertNodeBeforeFirst
[       OK ] DoublyLinkedList.insertNodeBeforeFirst (0 ms)
[----------] 1 test from DoublyLinkedList (0 ms total)

[----------] Global test environment tear-down
[==========] 1 test from 1 test suite ran. (0 ms total)
[  PASSED  ] 1 test.
<end of output>
Test time =   0.02 sec
----------------------------------------------------------
Test Passed.
"DoublyLinkedList.insertNodeBeforeFirst" end time: Aug 03 22:26 CEST
"DoublyLinkedList.insertNodeBeforeFirst" time elapsed: 00:00:00
----------------------------------------------------------

39/182 Testing: DoublyLinkedList.insertNodeBeforeMiddle
39/182 Test: DoublyLinkedList.insertNodeBeforeMiddle
Command: "/home/pieter/GitHub/Control-Surface/build/bin/tests" "--gtest_filter=DoublyLinkedList.insertNodeBeforeMiddle" "--gtest_also_run_disabled_tests"
Directory: /home/pieter/GitHub/Control-Surface/build
"DoublyLinkedList.insertNodeBeforeMiddle" start time: Aug 03 22:26 CEST
Output:
----------------------------------------------------------
Note: Google Test filter = DoublyLinkedList.insertNodeBeforeMiddle
[==========] Running 1 test from 1 test suite.
[----------] Global test environment set-up.
[----------] 1 test from DoublyLinkedList
[ RUN      ] DoublyLinkedList.insertNodeBeforeMiddle
[       OK ] DoublyLinkedList.insertNodeBeforeMiddle (0 ms)
[----------] 1 test from DoublyLinkedList (0 ms total)

[----------] Global test environment tear-down
[==========] 1 test from 1 test suite ran. (0 ms total)
[  PASSED  ] 1 test.
<end of output>
Test time =   0.02 sec
----------------------------------------------------------
Test Passed.
"DoublyLinkedList.insertNodeBeforeMiddle" end time: Aug 03 22:26 CEST
"DoublyLinkedList.insertNodeBeforeMiddle" time elapsed: 00:00:00
----------------------------------------------------------

40/182 Testing: DoublyLinkedList.insertSorted
40/182 Test: DoublyLinkedList.insertSorted
Command: "/home/pieter/GitHub/Control-Surface/build/bin/tests" "--gtest_filter=DoublyLinkedList.insertSorted" "--gtest_also_run_disabled_tests"
Directory: /home/pieter/GitHub/Control-Surface/build
"DoublyLinkedList.insertSorted" start time: Aug 03 22:26 CEST
Output:
----------------------------------------------------------
Note: Google Test filter = DoublyLinkedList.insertSorted
[==========] Running 1 test from 1 test suite.
[----------] Global test environment set-up.
[----------] 1 test from DoublyLinkedList
[ RUN      ] DoublyLinkedList.insertSorted
[       OK ] DoublyLinkedList.insertSorted (0 ms)
[----------] 1 test from DoublyLinkedList (0 ms total)

[----------] Global test environment tear-down
[==========] 1 test from 1 test suite ran. (0 ms total)
[  PASSED  ] 1 test.
<end of output>
Test time =   0.01 sec
----------------------------------------------------------
Test Passed.
"DoublyLinkedList.insertSorted" end time: Aug 03 22:26 CEST
"DoublyLinkedList.insertSorted" time elapsed: 00:00:00
----------------------------------------------------------

41/182 Testing: DoublyLinkedList.insertSortedDoubles
41/182 Test: DoublyLinkedList.insertSortedDoubles
Command: "/home/pieter/GitHub/Control-Surface/build/bin/tests" "--gtest_filter=DoublyLinkedList.insertSortedDoubles" "--gtest_also_run_disabled_tests"
Directory: /home/pieter/GitHub/Control-Surface/build
"DoublyLinkedList.insertSortedDoubles" start time: Aug 03 22:26 CEST
Output:
----------------------------------------------------------
Note: Google Test filter = DoublyLinkedList.insertSortedDoubles
[==========] Running 1 test from 1 test suite.
[----------] Global test environment set-up.
[----------] 1 test from DoublyLinkedList
[ RUN      ] DoublyLinkedList.insertSortedDoubles
[       OK ] DoublyLinkedList.insertSortedDoubles (0 ms)
[----------] 1 test from DoublyLinkedList (0 ms total)

[----------] Global test environment tear-down
[==========] 1 test from 1 test suite ran. (0 ms total)
[  PASSED  ] 1 test.
<end of output>
Test time =   0.01 sec
----------------------------------------------------------
Test Passed.
"DoublyLinkedList.insertSortedDoubles" end time: Aug 03 22:26 CEST
"DoublyLinkedList.insertSortedDoubles" time elapsed: 00:00:00
----------------------------------------------------------

42/182 Testing: DoublyLinkedList.insertSortedGreaterThan
42/182 Test: DoublyLinkedList.insertSortedGreaterThan
Command: "/home/pieter/GitHub/Control-Surface/build/bin/tests" "--gtest_filter=DoublyLinkedList.insertSortedGreaterThan" "--gtest_also_run_disabled_tests"
Directory: /home/pieter/GitHub/Control-Surface/build
"DoublyLinkedList.insertSortedGreaterThan" start time: Aug 03 22:26 CEST
Output:
----------------------------------------------------------
Note: Google Test filter = DoublyLinkedList.insertSortedGreaterThan
[==========] Running 1 test from 1 test suite.
[----------] Global test environment set-up.
[----------] 1 test from DoublyLinkedList
[ RUN      ] DoublyLinkedList.insertSortedGreaterThan
[       OK ] DoublyLinkedList.insertSortedGreaterThan (0 ms)
[----------] 1 test from DoublyLinkedList (0 ms total)

[----------] Global test environment tear-down
[==========] 1 test from 1 test suite ran. (0 ms total)
[  PASSED  ] 1 test.
<end of output>
Test time =   0.01 sec
----------------------------------------------------------
Test Passed.
"DoublyLinkedList.insertSortedGreaterThan" end time: Aug 03 22:26 CEST
"DoublyLinkedList.insertSortedGreaterThan" time elapsed: 00:00:00
----------------------------------------------------------

43/182 Testing: DoublyLinkedList.deleteNode
43/182 Test: DoublyLinkedList.deleteNode
Command: "/home/pieter/GitHub/Control-Surface/build/bin/tests" "--gtest_filter=DoublyLinkedList.deleteNode" "--gtest_also_run_disabled_tests"
Directory: /home/pieter/GitHub/Control-Surface/build
"DoublyLinkedList.deleteNode" start time: Aug 03 22:26 CEST
Output:
----------------------------------------------------------
Note: Google Test filter = DoublyLinkedList.deleteNode
[==========] Running 1 test from 1 test suite.
[----------] Global test environment set-up.
[----------] 1 test from DoublyLinkedList
[ RUN      ] DoublyLinkedList.deleteNode
[       OK ] DoublyLinkedList.deleteNode (0 ms)
[----------] 1 test from DoublyLinkedList (0 ms total)

[----------] Global test environment tear-down
[==========] 1 test from 1 test suite ran. (0 ms total)
[  PASSED  ] 1 test.
<end of output>
Test time =   0.01 sec
----------------------------------------------------------
Test Passed.
"DoublyLinkedList.deleteNode" end time: Aug 03 22:26 CEST
"DoublyLinkedList.deleteNode" time elapsed: 00:00:00
----------------------------------------------------------

44/182 Testing: DoublyLinkedList.deleteFirstNode
44/182 Test: DoublyLinkedList.deleteFirstNode
Command: "/home/pieter/GitHub/Control-Surface/build/bin/tests" "--gtest_filter=DoublyLinkedList.deleteFirstNode" "--gtest_also_run_disabled_tests"
Directory: /home/pieter/GitHub/Control-Surface/build
"DoublyLinkedList.deleteFirstNode" start time: Aug 03 22:26 CEST
Output:
----------------------------------------------------------
Note: Google Test filter = DoublyLinkedList.deleteFirstNode
[==========] Running 1 test from 1 test suite.
[----------] Global test environment set-up.
[----------] 1 test from DoublyLinkedList
[ RUN      ] DoublyLinkedList.deleteFirstNode
[       OK ] DoublyLinkedList.deleteFirstNode (0 ms)
[----------] 1 test from DoublyLinkedList (0 ms total)

[----------] Global test environment tear-down
[==========] 1 test from 1 test suite ran. (0 ms total)
[  PASSED  ] 1 test.
<end of output>
Test time =   0.01 sec
----------------------------------------------------------
Test Passed.
"DoublyLinkedList.deleteFirstNode" end time: Aug 03 22:26 CEST
"DoublyLinkedList.deleteFirstNode" time elapsed: 00:00:00
----------------------------------------------------------

45/182 Testing: DoublyLinkedList.deleteLastNode
45/182 Test: DoublyLinkedList.deleteLastNode
Command: "/home/pieter/GitHub/Control-Surface/build/bin/tests" "--gtest_filter=DoublyLinkedList.deleteLastNode" "--gtest_also_run_disabled_tests"
Directory: /home/pieter/GitHub/Control-Surface/build
"DoublyLinkedList.deleteLastNode" start time: Aug 03 22:26 CEST
Output:
----------------------------------------------------------
Note: Google Test filter = DoublyLinkedList.deleteLastNode
[==========] Running 1 test from 1 test suite.
[----------] Global test environment set-up.
[----------] 1 test from DoublyLinkedList
[ RUN      ] DoublyLinkedList.deleteLastNode
[       OK ] DoublyLinkedList.deleteLastNode (0 ms)
[----------] 1 test from DoublyLinkedList (0 ms total)

[----------] Global test environment tear-down
[==========] 1 test from 1 test suite ran. (0 ms total)
[  PASSED  ] 1 test.
<end of output>
Test time =   0.01 sec
----------------------------------------------------------
Test Passed.
"DoublyLinkedList.deleteLastNode" end time: Aug 03 22:26 CEST
"DoublyLinkedList.deleteLastNode" time elapsed: 00:00:00
----------------------------------------------------------

46/182 Testing: DoublyLinkedList.moveDownNode
46/182 Test: DoublyLinkedList.moveDownNode
Command: "/home/pieter/GitHub/Control-Surface/build/bin/tests" "--gtest_filter=DoublyLinkedList.moveDownNode" "--gtest_also_run_disabled_tests"
Directory: /home/pieter/GitHub/Control-Surface/build
"DoublyLinkedList.moveDownNode" start time: Aug 03 22:26 CEST
Output:
----------------------------------------------------------
Note: Google Test filter = DoublyLinkedList.moveDownNode
[==========] Running 1 test from 1 test suite.
[----------] Global test environment set-up.
[----------] 1 test from DoublyLinkedList
[ RUN      ] DoublyLinkedList.moveDownNode
[       OK ] DoublyLinkedList.moveDownNode (0 ms)
[----------] 1 test from DoublyLinkedList (0 ms total)

[----------] Global test environment tear-down
[==========] 1 test from 1 test suite ran. (0 ms total)
[  PASSED  ] 1 test.
<end of output>
Test time =   0.01 sec
----------------------------------------------------------
Test Passed.
"DoublyLinkedList.moveDownNode" end time: Aug 03 22:26 CEST
"DoublyLinkedList.moveDownNode" time elapsed: 00:00:00
----------------------------------------------------------

47/182 Testing: DoublyLinkedList.moveDownFirstNode
47/182 Test: DoublyLinkedList.moveDownFirstNode
Command: "/home/pieter/GitHub/Control-Surface/build/bin/tests" "--gtest_filter=DoublyLinkedList.moveDownFirstNode" "--gtest_also_run_disabled_tests"
Directory: /home/pieter/GitHub/Control-Surface/build
"DoublyLinkedList.moveDownFirstNode" start time: Aug 03 22:26 CEST
Output:
----------------------------------------------------------
Note: Google Test filter = DoublyLinkedList.moveDownFirstNode
[==========] Running 1 test from 1 test suite.
[----------] Global test environment set-up.
[----------] 1 test from DoublyLinkedList
[ RUN      ] DoublyLinkedList.moveDownFirstNode
[       OK ] DoublyLinkedList.moveDownFirstNode (0 ms)
[----------] 1 test from DoublyLinkedList (0 ms total)

[----------] Global test environment tear-down
[==========] 1 test from 1 test suite ran. (0 ms total)
[  PASSED  ] 1 test.
<end of output>
Test time =   0.02 sec
----------------------------------------------------------
Test Passed.
"DoublyLinkedList.moveDownFirstNode" end time: Aug 03 22:26 CEST
"DoublyLinkedList.moveDownFirstNode" time elapsed: 00:00:00
----------------------------------------------------------

48/182 Testing: DoublyLinkedList.moveDownSecondNode
48/182 Test: DoublyLinkedList.moveDownSecondNode
Command: "/home/pieter/GitHub/Control-Surface/build/bin/tests" "--gtest_filter=DoublyLinkedList.moveDownSecondNode" "--gtest_also_run_disabled_tests"
Directory: /home/pieter/GitHub/Control-Surface/build
"DoublyLinkedList.moveDownSecondNode" start time: Aug 03 22:26 CEST
Output:
----------------------------------------------------------
Note: Google Test filter = DoublyLinkedList.moveDownSecondNode
[==========] Running 1 test from 1 test suite.
[----------] Global test environment set-up.
[----------] 1 test from DoublyLinkedList
[ RUN      ] DoublyLinkedList.moveDownSecondNode
[       OK ] DoublyLinkedList.moveDownSecondNode (0 ms)
[----------] 1 test from DoublyLinkedList (0 ms total)

[----------] Global test environment tear-down
[==========] 1 test from 1 test suite ran. (0 ms total)
[  PASSED  ] 1 test.
<end of output>
Test time =   0.01 sec
----------------------------------------------------------
Test Passed.
"DoublyLinkedList.moveDownSecondNode" end time: Aug 03 22:26 CEST
"DoublyLinkedList.moveDownSecondNode" time elapsed: 00:00:00
----------------------------------------------------------

49/182 Testing: DoublyLinkedList.moveDownLastNode
49/182 Test: DoublyLinkedList.moveDownLastNode
Command: "/home/pieter/GitHub/Control-Surface/build/bin/tests" "--gtest_filter=DoublyLinkedList.moveDownLastNode" "--gtest_also_run_disabled_tests"
Directory: /home/pieter/GitHub/Control-Surface/build
"DoublyLinkedList.moveDownLastNode" start time: Aug 03 22:26 CEST
Output:
----------------------------------------------------------
Note: Google Test filter = DoublyLinkedList.moveDownLastNode
[==========] Running 1 test from 1 test suite.
[----------] Global test environment set-up.
[----------] 1 test from DoublyLinkedList
[ RUN      ] DoublyLinkedList.moveDownLastNode
[       OK ] DoublyLinkedList.moveDownLastNode (0 ms)
[----------] 1 test from DoublyLinkedList (0 ms total)

[----------] Global test environment tear-down
[==========] 1 test from 1 test suite ran. (0 ms total)
[  PASSED  ] 1 test.
<end of output>
Test time =   0.01 sec
----------------------------------------------------------
Test Passed.
"DoublyLinkedList.moveDownLastNode" end time: Aug 03 22:26 CEST
"DoublyLinkedList.moveDownLastNode" time elapsed: 00:00:00
----------------------------------------------------------

50/182 Testing: DoublyLinkedList.moveDownOnlyElement
50/182 Test: DoublyLinkedList.moveDownOnlyElement
Command: "/home/pieter/GitHub/Control-Surface/build/bin/tests" "--gtest_filter=DoublyLinkedList.moveDownOnlyElement" "--gtest_also_run_disabled_tests"
Directory: /home/pieter/GitHub/Control-Surface/build
"DoublyLinkedList.moveDownOnlyElement" start time: Aug 03 22:26 CEST
Output:
----------------------------------------------------------
Note: Google Test filter = DoublyLinkedList.moveDownOnlyElement
[==========] Running 1 test from 1 test suite.
[----------] Global test environment set-up.
[----------] 1 test from DoublyLinkedList
[ RUN      ] DoublyLinkedList.moveDownOnlyElement
[       OK ] DoublyLinkedList.moveDownOnlyElement (0 ms)
[----------] 1 test from DoublyLinkedList (0 ms total)

[----------] Global test environment tear-down
[==========] 1 test from 1 test suite ran. (0 ms total)
[  PASSED  ] 1 test.
<end of output>
Test time =   0.02 sec
----------------------------------------------------------
Test Passed.
"DoublyLinkedList.moveDownOnlyElement" end time: Aug 03 22:26 CEST
"DoublyLinkedList.moveDownOnlyElement" time elapsed: 00:00:00
----------------------------------------------------------

51/182 Testing: DoublyLinkedList.couldContainInsert
51/182 Test: DoublyLinkedList.couldContainInsert
Command: "/home/pieter/GitHub/Control-Surface/build/bin/tests" "--gtest_filter=DoublyLinkedList.couldContainInsert" "--gtest_also_run_disabled_tests"
Directory: /home/pieter/GitHub/Control-Surface/build
"DoublyLinkedList.couldContainInsert" start time: Aug 03 22:26 CEST
Output:
----------------------------------------------------------
Note: Google Test filter = DoublyLinkedList.couldContainInsert
[==========] Running 1 test from 1 test suite.
[----------] Global test environment set-up.
[----------] 1 test from DoublyLinkedList
[ RUN      ] DoublyLinkedList.couldContainInsert
[       OK ] DoublyLinkedList.couldContainInsert (0 ms)
[----------] 1 test from DoublyLinkedList (0 ms total)

[----------] Global test environment tear-down
[==========] 1 test from 1 test suite ran. (0 ms total)
[  PASSED  ] 1 test.
<end of output>
Test time =   0.01 sec
----------------------------------------------------------
Test Passed.
"DoublyLinkedList.couldContainInsert" end time: Aug 03 22:26 CEST
"DoublyLinkedList.couldContainInsert" time elapsed: 00:00:00
----------------------------------------------------------

52/182 Testing: DoublyLinkedList.couldContainDeleteFirst
52/182 Test: DoublyLinkedList.couldContainDeleteFirst
Command: "/home/pieter/GitHub/Control-Surface/build/bin/tests" "--gtest_filter=DoublyLinkedList.couldContainDeleteFirst" "--gtest_also_run_disabled_tests"
Directory: /home/pieter/GitHub/Control-Surface/build
"DoublyLinkedList.couldContainDeleteFirst" start time: Aug 03 22:26 CEST
Output:
----------------------------------------------------------
Note: Google Test filter = DoublyLinkedList.couldContainDeleteFirst
[==========] Running 1 test from 1 test suite.
[----------] Global test environment set-up.
[----------] 1 test from DoublyLinkedList
[ RUN      ] DoublyLinkedList.couldContainDeleteFirst
[       OK ] DoublyLinkedList.couldContainDeleteFirst (0 ms)
[----------] 1 test from DoublyLinkedList (0 ms total)

[----------] Global test environment tear-down
[==========] 1 test from 1 test suite ran. (0 ms total)
[  PASSED  ] 1 test.
<end of output>
Test time =   0.01 sec
----------------------------------------------------------
Test Passed.
"DoublyLinkedList.couldContainDeleteFirst" end time: Aug 03 22:26 CEST
"DoublyLinkedList.couldContainDeleteFirst" time elapsed: 00:00:00
----------------------------------------------------------

53/182 Testing: DoublyLinkedList.couldContainDeleteMiddle
53/182 Test: DoublyLinkedList.couldContainDeleteMiddle
Command: "/home/pieter/GitHub/Control-Surface/build/bin/tests" "--gtest_filter=DoublyLinkedList.couldContainDeleteMiddle" "--gtest_also_run_disabled_tests"
Directory: /home/pieter/GitHub/Control-Surface/build
"DoublyLinkedList.couldContainDeleteMiddle" start time: Aug 03 22:26 CEST
Output:
----------------------------------------------------------
Note: Google Test filter = DoublyLinkedList.couldContainDeleteMiddle
[==========] Running 1 test from 1 test suite.
[----------] Global test environment set-up.
[----------] 1 test from DoublyLinkedList
[ RUN      ] DoublyLinkedList.couldContainDeleteMiddle
[       OK ] DoublyLinkedList.couldContainDeleteMiddle (0 ms)
[----------] 1 test from DoublyLinkedList (1 ms total)

[----------] Global test environment tear-down
[==========] 1 test from 1 test suite ran. (1 ms total)
[  PASSED  ] 1 test.
<end of output>
Test time =   0.01 sec
----------------------------------------------------------
Test Passed.
"DoublyLinkedList.couldContainDeleteMiddle" end time: Aug 03 22:26 CEST
"DoublyLinkedList.couldContainDeleteMiddle" time elapsed: 00:00:00
----------------------------------------------------------

54/182 Testing: DoublyLinkedList.couldContainDeleteLast
54/182 Test: DoublyLinkedList.couldContainDeleteLast
Command: "/home/pieter/GitHub/Control-Surface/build/bin/tests" "--gtest_filter=DoublyLinkedList.couldContainDeleteLast" "--gtest_also_run_disabled_tests"
Directory: /home/pieter/GitHub/Control-Surface/build
"DoublyLinkedList.couldContainDeleteLast" start time: Aug 03 22:26 CEST
Output:
----------------------------------------------------------
Note: Google Test filter = DoublyLinkedList.couldContainDeleteLast
[==========] Running 1 test from 1 test suite.
[----------] Global test environment set-up.
[----------] 1 test from DoublyLinkedList
[ RUN      ] DoublyLinkedList.couldContainDeleteLast
[       OK ] DoublyLinkedList.couldContainDeleteLast (0 ms)
[----------] 1 test from DoublyLinkedList (0 ms total)

[----------] Global test environment tear-down
[==========] 1 test from 1 test suite ran. (1 ms total)
[  PASSED  ] 1 test.
<end of output>
Test time =   0.01 sec
----------------------------------------------------------
Test Passed.
"DoublyLinkedList.couldContainDeleteLast" end time: Aug 03 22:26 CEST
"DoublyLinkedList.couldContainDeleteLast" time elapsed: 00:00:00
----------------------------------------------------------

55/182 Testing: DoublyLinkedList.iterator
55/182 Test: DoublyLinkedList.iterator
Command: "/home/pieter/GitHub/Control-Surface/build/bin/tests" "--gtest_filter=DoublyLinkedList.iterator" "--gtest_also_run_disabled_tests"
Directory: /home/pieter/GitHub/Control-Surface/build
"DoublyLinkedList.iterator" start time: Aug 03 22:26 CEST
Output:
----------------------------------------------------------
Note: Google Test filter = DoublyLinkedList.iterator
[==========] Running 1 test from 1 test suite.
[----------] Global test environment set-up.
[----------] 1 test from DoublyLinkedList
[ RUN      ] DoublyLinkedList.iterator
[       OK ] DoublyLinkedList.iterator (0 ms)
[----------] 1 test from DoublyLinkedList (0 ms total)

[----------] Global test environment tear-down
[==========] 1 test from 1 test suite ran. (0 ms total)
[  PASSED  ] 1 test.
<end of output>
Test time =   0.01 sec
----------------------------------------------------------
Test Passed.
"DoublyLinkedList.iterator" end time: Aug 03 22:26 CEST
"DoublyLinkedList.iterator" time elapsed: 00:00:00
----------------------------------------------------------

56/182 Testing: DoublyLinkedList.const_iterator
56/182 Test: DoublyLinkedList.const_iterator
Command: "/home/pieter/GitHub/Control-Surface/build/bin/tests" "--gtest_filter=DoublyLinkedList.const_iterator" "--gtest_also_run_disabled_tests"
Directory: /home/pieter/GitHub/Control-Surface/build
"DoublyLinkedList.const_iterator" start time: Aug 03 22:26 CEST
Output:
----------------------------------------------------------
Note: Google Test filter = DoublyLinkedList.const_iterator
[==========] Running 1 test from 1 test suite.
[----------] Global test environment set-up.
[----------] 1 test from DoublyLinkedList
[ RUN      ] DoublyLinkedList.const_iterator
[       OK ] DoublyLinkedList.const_iterator (0 ms)
[----------] 1 test from DoublyLinkedList (1 ms total)

[----------] Global test environment tear-down
[==========] 1 test from 1 test suite ran. (1 ms total)
[  PASSED  ] 1 test.
<end of output>
Test time =   0.01 sec
----------------------------------------------------------
Test Passed.
"DoublyLinkedList.const_iterator" end time: Aug 03 22:26 CEST
"DoublyLinkedList.const_iterator" time elapsed: 00:00:00
----------------------------------------------------------

57/182 Testing: DoublyLinkedList.reverse_iterator
57/182 Test: DoublyLinkedList.reverse_iterator
Command: "/home/pieter/GitHub/Control-Surface/build/bin/tests" "--gtest_filter=DoublyLinkedList.reverse_iterator" "--gtest_also_run_disabled_tests"
Directory: /home/pieter/GitHub/Control-Surface/build
"DoublyLinkedList.reverse_iterator" start time: Aug 03 22:26 CEST
Output:
----------------------------------------------------------
Note: Google Test filter = DoublyLinkedList.reverse_iterator
[==========] Running 1 test from 1 test suite.
[----------] Global test environment set-up.
[----------] 1 test from DoublyLinkedList
[ RUN      ] DoublyLinkedList.reverse_iterator
[       OK ] DoublyLinkedList.reverse_iterator (0 ms)
[----------] 1 test from DoublyLinkedList (0 ms total)

[----------] Global test environment tear-down
[==========] 1 test from 1 test suite ran. (0 ms total)
[  PASSED  ] 1 test.
<end of output>
Test time =   0.01 sec
----------------------------------------------------------
Test Passed.
"DoublyLinkedList.reverse_iterator" end time: Aug 03 22:26 CEST
"DoublyLinkedList.reverse_iterator" time elapsed: 00:00:00
----------------------------------------------------------

58/182 Testing: DoublyLinkedList.const_reverse_iterator
58/182 Test: DoublyLinkedList.const_reverse_iterator
Command: "/home/pieter/GitHub/Control-Surface/build/bin/tests" "--gtest_filter=DoublyLinkedList.const_reverse_iterator" "--gtest_also_run_disabled_tests"
Directory: /home/pieter/GitHub/Control-Surface/build
"DoublyLinkedList.const_reverse_iterator" start time: Aug 03 22:26 CEST
Output:
----------------------------------------------------------
Note: Google Test filter = DoublyLinkedList.const_reverse_iterator
[==========] Running 1 test from 1 test suite.
[----------] Global test environment set-up.
[----------] 1 test from DoublyLinkedList
[ RUN      ] DoublyLinkedList.const_reverse_iterator
[       OK ] DoublyLinkedList.const_reverse_iterator (0 ms)
[----------] 1 test from DoublyLinkedList (0 ms total)

[----------] Global test environment tear-down
[==========] 1 test from 1 test suite ran. (0 ms total)
[  PASSED  ] 1 test.
<end of output>
Test time =   0.02 sec
----------------------------------------------------------
Test Passed.
"DoublyLinkedList.const_reverse_iterator" end time: Aug 03 22:26 CEST
"DoublyLinkedList.const_reverse_iterator" time elapsed: 00:00:00
----------------------------------------------------------

59/182 Testing: EMA.overflow
59/182 Test: EMA.overflow
Command: "/home/pieter/GitHub/Control-Surface/build/bin/tests" "--gtest_filter=EMA.overflow" "--gtest_also_run_disabled_tests"
Directory: /home/pieter/GitHub/Control-Surface/build
"EMA.overflow" start time: Aug 03 22:26 CEST
Output:
----------------------------------------------------------
Note: Google Test filter = EMA.overflow
[==========] Running 1 test from 1 test suite.
[----------] Global test environment set-up.
[----------] 1 test from EMA
[ RUN      ] EMA.overflow
[       OK ] EMA.overflow (0 ms)
[----------] 1 test from EMA (0 ms total)

[----------] Global test environment tear-down
[==========] 1 test from 1 test suite ran. (0 ms total)
[  PASSED  ] 1 test.
<end of output>
Test time =   0.01 sec
----------------------------------------------------------
Test Passed.
"EMA.overflow" end time: Aug 03 22:26 CEST
"EMA.overflow" time elapsed: 00:00:00
----------------------------------------------------------

60/182 Testing: MIDICNChannelAddress.init
60/182 Test: MIDICNChannelAddress.init
Command: "/home/pieter/GitHub/Control-Surface/build/bin/tests" "--gtest_filter=MIDICNChannelAddress.init" "--gtest_also_run_disabled_tests"
Directory: /home/pieter/GitHub/Control-Surface/build
"MIDICNChannelAddress.init" start time: Aug 03 22:26 CEST
Output:
----------------------------------------------------------
Note: Google Test filter = MIDICNChannelAddress.init
[==========] Running 1 test from 1 test suite.
[----------] Global test environment set-up.
[----------] 1 test from MIDICNChannelAddress
[ RUN      ] MIDICNChannelAddress.init
[       OK ] MIDICNChannelAddress.init (0 ms)
[----------] 1 test from MIDICNChannelAddress (0 ms total)

[----------] Global test environment tear-down
[==========] 1 test from 1 test suite ran. (0 ms total)
[  PASSED  ] 1 test.
<end of output>
Test time =   0.02 sec
----------------------------------------------------------
Test Passed.
"MIDICNChannelAddress.init" end time: Aug 03 22:26 CEST
"MIDICNChannelAddress.init" time elapsed: 00:00:00
----------------------------------------------------------

61/182 Testing: MIDICNChannelAddress.invalid
61/182 Test: MIDICNChannelAddress.invalid
Command: "/home/pieter/GitHub/Control-Surface/build/bin/tests" "--gtest_filter=MIDICNChannelAddress.invalid" "--gtest_also_run_disabled_tests"
Directory: /home/pieter/GitHub/Control-Surface/build
"MIDICNChannelAddress.invalid" start time: Aug 03 22:26 CEST
Output:
----------------------------------------------------------
Note: Google Test filter = MIDICNChannelAddress.invalid
[==========] Running 1 test from 1 test suite.
[----------] Global test environment set-up.
[----------] 1 test from MIDICNChannelAddress
[ RUN      ] MIDICNChannelAddress.invalid
[       OK ] MIDICNChannelAddress.invalid (0 ms)
[----------] 1 test from MIDICNChannelAddress (0 ms total)

[----------] Global test environment tear-down
[==========] 1 test from 1 test suite ran. (0 ms total)
[  PASSED  ] 1 test.
<end of output>
Test time =   0.02 sec
----------------------------------------------------------
Test Passed.
"MIDICNChannelAddress.invalid" end time: Aug 03 22:26 CEST
"MIDICNChannelAddress.invalid" time elapsed: 00:00:00
----------------------------------------------------------

62/182 Testing: MIDICNChannelAddress.add
62/182 Test: MIDICNChannelAddress.add
Command: "/home/pieter/GitHub/Control-Surface/build/bin/tests" "--gtest_filter=MIDICNChannelAddress.add" "--gtest_also_run_disabled_tests"
Directory: /home/pieter/GitHub/Control-Surface/build
"MIDICNChannelAddress.add" start time: Aug 03 22:26 CEST
Output:
----------------------------------------------------------
Note: Google Test filter = MIDICNChannelAddress.add
[==========] Running 1 test from 1 test suite.
[----------] Global test environment set-up.
[----------] 1 test from MIDICNChannelAddress
[ RUN      ] MIDICNChannelAddress.add
[       OK ] MIDICNChannelAddress.add (0 ms)
[----------] 1 test from MIDICNChannelAddress (0 ms total)

[----------] Global test environment tear-down
[==========] 1 test from 1 test suite ran. (1 ms total)
[  PASSED  ] 1 test.
<end of output>
Test time =   0.02 sec
----------------------------------------------------------
Test Passed.
"MIDICNChannelAddress.add" end time: Aug 03 22:26 CEST
"MIDICNChannelAddress.add" time elapsed: 00:00:00
----------------------------------------------------------

63/182 Testing: MIDICNChannelAddress.incrAdd
63/182 Test: MIDICNChannelAddress.incrAdd
Command: "/home/pieter/GitHub/Control-Surface/build/bin/tests" "--gtest_filter=MIDICNChannelAddress.incrAdd" "--gtest_also_run_disabled_tests"
Directory: /home/pieter/GitHub/Control-Surface/build
"MIDICNChannelAddress.incrAdd" start time: Aug 03 22:26 CEST
Output:
----------------------------------------------------------
Note: Google Test filter = MIDICNChannelAddress.incrAdd
[==========] Running 1 test from 1 test suite.
[----------] Global test environment set-up.
[----------] 1 test from MIDICNChannelAddress
[ RUN      ] MIDICNChannelAddress.incrAdd
[       OK ] MIDICNChannelAddress.incrAdd (0 ms)
[----------] 1 test from MIDICNChannelAddress (0 ms total)

[----------] Global test environment tear-down
[==========] 1 test from 1 test suite ran. (0 ms total)
[  PASSED  ] 1 test.
<end of output>
Test time =   0.01 sec
----------------------------------------------------------
Test Passed.
"MIDICNChannelAddress.incrAdd" end time: Aug 03 22:26 CEST
"MIDICNChannelAddress.incrAdd" time elapsed: 00:00:00
----------------------------------------------------------

64/182 Testing: MIDICNChannelAddress.addNegativeAddress
64/182 Test: MIDICNChannelAddress.addNegativeAddress
Command: "/home/pieter/GitHub/Control-Surface/build/bin/tests" "--gtest_filter=MIDICNChannelAddress.addNegativeAddress" "--gtest_also_run_disabled_tests"
Directory: /home/pieter/GitHub/Control-Surface/build
"MIDICNChannelAddress.addNegativeAddress" start time: Aug 03 22:26 CEST
Output:
----------------------------------------------------------
Note: Google Test filter = MIDICNChannelAddress.addNegativeAddress
[==========] Running 1 test from 1 test suite.
[----------] Global test environment set-up.
[----------] 1 test from MIDICNChannelAddress
[ RUN      ] MIDICNChannelAddress.addNegativeAddress
[       OK ] MIDICNChannelAddress.addNegativeAddress (0 ms)
[----------] 1 test from MIDICNChannelAddress (0 ms total)

[----------] Global test environment tear-down
[==========] 1 test from 1 test suite ran. (0 ms total)
[  PASSED  ] 1 test.
<end of output>
Test time =   0.01 sec
----------------------------------------------------------
Test Passed.
"MIDICNChannelAddress.addNegativeAddress" end time: Aug 03 22:26 CEST
"MIDICNChannelAddress.addNegativeAddress" time elapsed: 00:00:00
----------------------------------------------------------

65/182 Testing: MIDICNChannelAddress.addNegativeChannel
65/182 Test: MIDICNChannelAddress.addNegativeChannel
Command: "/home/pieter/GitHub/Control-Surface/build/bin/tests" "--gtest_filter=MIDICNChannelAddress.addNegativeChannel" "--gtest_also_run_disabled_tests"
Directory: /home/pieter/GitHub/Control-Surface/build
"MIDICNChannelAddress.addNegativeChannel" start time: Aug 03 22:26 CEST
Output:
----------------------------------------------------------
Note: Google Test filter = MIDICNChannelAddress.addNegativeChannel
[==========] Running 1 test from 1 test suite.
[----------] Global test environment set-up.
[----------] 1 test from MIDICNChannelAddress
[ RUN      ] MIDICNChannelAddress.addNegativeChannel
[       OK ] MIDICNChannelAddress.addNegativeChannel (0 ms)
[----------] 1 test from MIDICNChannelAddress (0 ms total)

[----------] Global test environment tear-down
[==========] 1 test from 1 test suite ran. (0 ms total)
[  PASSED  ] 1 test.
<end of output>
Test time =   0.02 sec
----------------------------------------------------------
Test Passed.
"MIDICNChannelAddress.addNegativeChannel" end time: Aug 03 22:26 CEST
"MIDICNChannelAddress.addNegativeChannel" time elapsed: 00:00:00
----------------------------------------------------------

66/182 Testing: MIDICNChannelAddress.addNegativeCableNumber
66/182 Test: MIDICNChannelAddress.addNegativeCableNumber
Command: "/home/pieter/GitHub/Control-Surface/build/bin/tests" "--gtest_filter=MIDICNChannelAddress.addNegativeCableNumber" "--gtest_also_run_disabled_tests"
Directory: /home/pieter/GitHub/Control-Surface/build
"MIDICNChannelAddress.addNegativeCableNumber" start time: Aug 03 22:26 CEST
Output:
----------------------------------------------------------
Note: Google Test filter = MIDICNChannelAddress.addNegativeCableNumber
[==========] Running 1 test from 1 test suite.
[----------] Global test environment set-up.
[----------] 1 test from MIDICNChannelAddress
[ RUN      ] MIDICNChannelAddress.addNegativeCableNumber
[       OK ] MIDICNChannelAddress.addNegativeCableNumber (0 ms)
[----------] 1 test from MIDICNChannelAddress (0 ms total)

[----------] Global test environment tear-down
[==========] 1 test from 1 test suite ran. (0 ms total)
[  PASSED  ] 1 test.
<end of output>
Test time =   0.01 sec
----------------------------------------------------------
Test Passed.
"MIDICNChannelAddress.addNegativeCableNumber" end time: Aug 03 22:26 CEST
"MIDICNChannelAddress.addNegativeCableNumber" time elapsed: 00:00:00
----------------------------------------------------------

67/182 Testing: MIDICNChannelAddress.addInvalidLHS
67/182 Test: MIDICNChannelAddress.addInvalidLHS
Command: "/home/pieter/GitHub/Control-Surface/build/bin/tests" "--gtest_filter=MIDICNChannelAddress.addInvalidLHS" "--gtest_also_run_disabled_tests"
Directory: /home/pieter/GitHub/Control-Surface/build
"MIDICNChannelAddress.addInvalidLHS" start time: Aug 03 22:26 CEST
Output:
----------------------------------------------------------
Note: Google Test filter = MIDICNChannelAddress.addInvalidLHS
[==========] Running 1 test from 1 test suite.
[----------] Global test environment set-up.
[----------] 1 test from MIDICNChannelAddress
[ RUN      ] MIDICNChannelAddress.addInvalidLHS
[       OK ] MIDICNChannelAddress.addInvalidLHS (0 ms)
[----------] 1 test from MIDICNChannelAddress (0 ms total)

[----------] Global test environment tear-down
[==========] 1 test from 1 test suite ran. (0 ms total)
[  PASSED  ] 1 test.
<end of output>
Test time =   0.01 sec
----------------------------------------------------------
Test Passed.
"MIDICNChannelAddress.addInvalidLHS" end time: Aug 03 22:26 CEST
"MIDICNChannelAddress.addInvalidLHS" time elapsed: 00:00:00
----------------------------------------------------------

68/182 Testing: MIDICNChannelAddress.addInvalidRHS
68/182 Test: MIDICNChannelAddress.addInvalidRHS
Command: "/home/pieter/GitHub/Control-Surface/build/bin/tests" "--gtest_filter=MIDICNChannelAddress.addInvalidRHS" "--gtest_also_run_disabled_tests"
Directory: /home/pieter/GitHub/Control-Surface/build
"MIDICNChannelAddress.addInvalidRHS" start time: Aug 03 22:26 CEST
Output:
----------------------------------------------------------
Note: Google Test filter = MIDICNChannelAddress.addInvalidRHS
[==========] Running 1 test from 1 test suite.
[----------] Global test environment set-up.
[----------] 1 test from MIDICNChannelAddress
[ RUN      ] MIDICNChannelAddress.addInvalidRHS
[       OK ] MIDICNChannelAddress.addInvalidRHS (0 ms)
[----------] 1 test from MIDICNChannelAddress (0 ms total)

[----------] Global test environment tear-down
[==========] 1 test from 1 test suite ran. (1 ms total)
[  PASSED  ] 1 test.
<end of output>
Test time =   0.01 sec
----------------------------------------------------------
Test Passed.
"MIDICNChannelAddress.addInvalidRHS" end time: Aug 03 22:26 CEST
"MIDICNChannelAddress.addInvalidRHS" time elapsed: 00:00:00
----------------------------------------------------------

69/182 Testing: MIDICNChannelAddress.equals
69/182 Test: MIDICNChannelAddress.equals
Command: "/home/pieter/GitHub/Control-Surface/build/bin/tests" "--gtest_filter=MIDICNChannelAddress.equals" "--gtest_also_run_disabled_tests"
Directory: /home/pieter/GitHub/Control-Surface/build
"MIDICNChannelAddress.equals" start time: Aug 03 22:26 CEST
Output:
----------------------------------------------------------
Note: Google Test filter = MIDICNChannelAddress.equals
[==========] Running 1 test from 1 test suite.
[----------] Global test environment set-up.
[----------] 1 test from MIDICNChannelAddress
[ RUN      ] MIDICNChannelAddress.equals
[       OK ] MIDICNChannelAddress.equals (0 ms)
[----------] 1 test from MIDICNChannelAddress (0 ms total)

[----------] Global test environment tear-down
[==========] 1 test from 1 test suite ran. (0 ms total)
[  PASSED  ] 1 test.
<end of output>
Test time =   0.01 sec
----------------------------------------------------------
Test Passed.
"MIDICNChannelAddress.equals" end time: Aug 03 22:26 CEST
"MIDICNChannelAddress.equals" time elapsed: 00:00:00
----------------------------------------------------------

70/182 Testing: uniquePtr.constructDestruct
70/182 Test: uniquePtr.constructDestruct
Command: "/home/pieter/GitHub/Control-Surface/build/bin/tests" "--gtest_filter=uniquePtr.constructDestruct" "--gtest_also_run_disabled_tests"
Directory: /home/pieter/GitHub/Control-Surface/build
"uniquePtr.constructDestruct" start time: Aug 03 22:26 CEST
Output:
[...]
Directory: /home/pieter/GitHub/Control-Surface/build
"SerialMIDIParser.sysExEndsWithoutStarting2Bytes" start time: Aug 03 22:26 CEST
Output:
----------------------------------------------------------
Note: Google Test filter = SerialMIDIParser.sysExEndsWithoutStarting2Bytes
[==========] Running 1 test from 1 test suite.
[----------] Global test environment set-up.
[----------] 1 test from SerialMIDIParser
[ RUN      ] SerialMIDIParser.sysExEndsWithoutStarting2Bytes
[       OK ] SerialMIDIParser.sysExEndsWithoutStarting2Bytes (0 ms)
[----------] 1 test from SerialMIDIParser (0 ms total)

[----------] Global test environment tear-down
[==========] 1 test from 1 test suite ran. (0 ms total)
[  PASSED  ] 1 test.
<end of output>
Test time =   0.01 sec
----------------------------------------------------------
Test Passed.
"SerialMIDIParser.sysExEndsWithoutStarting2Bytes" end time: Aug 03 22:26 CEST
"SerialMIDIParser.sysExEndsWithoutStarting2Bytes" time elapsed: 00:00:00
----------------------------------------------------------

167/182 Testing: SerialMIDIParser.sysExEndsWithoutStarting3Bytes
167/182 Test: SerialMIDIParser.sysExEndsWithoutStarting3Bytes
Command: "/home/pieter/GitHub/Control-Surface/build/bin/tests" "--gtest_filter=SerialMIDIParser.sysExEndsWithoutStarting3Bytes" "--gtest_also_run_disabled_tests"
Directory: /home/pieter/GitHub/Control-Surface/build
"SerialMIDIParser.sysExEndsWithoutStarting3Bytes" start time: Aug 03 22:26 CEST
Output:
----------------------------------------------------------
Note: Google Test filter = SerialMIDIParser.sysExEndsWithoutStarting3Bytes
[==========] Running 1 test from 1 test suite.
[----------] Global test environment set-up.
[----------] 1 test from SerialMIDIParser
[ RUN      ] SerialMIDIParser.sysExEndsWithoutStarting3Bytes
[       OK ] SerialMIDIParser.sysExEndsWithoutStarting3Bytes (0 ms)
[----------] 1 test from SerialMIDIParser (0 ms total)

[----------] Global test environment tear-down
[==========] 1 test from 1 test suite ran. (1 ms total)
[  PASSED  ] 1 test.
<end of output>
Test time =   0.01 sec
----------------------------------------------------------
Test Passed.
"SerialMIDIParser.sysExEndsWithoutStarting3Bytes" end time: Aug 03 22:26 CEST
"SerialMIDIParser.sysExEndsWithoutStarting3Bytes" time elapsed: 00:00:00
----------------------------------------------------------

168/182 Testing: IncrementDecrementSelector.pressIncrementWrap
168/182 Test: IncrementDecrementSelector.pressIncrementWrap
Command: "/home/pieter/GitHub/Control-Surface/build/bin/tests" "--gtest_filter=IncrementDecrementSelector.pressIncrementWrap" "--gtest_also_run_disabled_tests"
Directory: /home/pieter/GitHub/Control-Surface/build
"IncrementDecrementSelector.pressIncrementWrap" start time: Aug 03 22:26 CEST
Output:
----------------------------------------------------------
Note: Google Test filter = IncrementDecrementSelector.pressIncrementWrap
[==========] Running 1 test from 1 test suite.
[----------] Global test environment set-up.
[----------] 1 test from IncrementDecrementSelector
[ RUN      ] IncrementDecrementSelector.pressIncrementWrap
[       OK ] IncrementDecrementSelector.pressIncrementWrap (1 ms)
[----------] 1 test from IncrementDecrementSelector (1 ms total)

[----------] Global test environment tear-down
[==========] 1 test from 1 test suite ran. (1 ms total)
[  PASSED  ] 1 test.
<end of output>
Test time =   0.01 sec
----------------------------------------------------------
Test Passed.
"IncrementDecrementSelector.pressIncrementWrap" end time: Aug 03 22:26 CEST
"IncrementDecrementSelector.pressIncrementWrap" time elapsed: 00:00:00
----------------------------------------------------------

169/182 Testing: IncrementDecrementSelector.pressDecrementWrap
169/182 Test: IncrementDecrementSelector.pressDecrementWrap
Command: "/home/pieter/GitHub/Control-Surface/build/bin/tests" "--gtest_filter=IncrementDecrementSelector.pressDecrementWrap" "--gtest_also_run_disabled_tests"
Directory: /home/pieter/GitHub/Control-Surface/build
"IncrementDecrementSelector.pressDecrementWrap" start time: Aug 03 22:26 CEST
Output:
----------------------------------------------------------
Note: Google Test filter = IncrementDecrementSelector.pressDecrementWrap
[==========] Running 1 test from 1 test suite.
[----------] Global test environment set-up.
[----------] 1 test from IncrementDecrementSelector
[ RUN      ] IncrementDecrementSelector.pressDecrementWrap
[       OK ] IncrementDecrementSelector.pressDecrementWrap (0 ms)
[----------] 1 test from IncrementDecrementSelector (0 ms total)

[----------] Global test environment tear-down
[==========] 1 test from 1 test suite ran. (1 ms total)
[  PASSED  ] 1 test.
<end of output>
Test time =   0.02 sec
----------------------------------------------------------
Test Passed.
"IncrementDecrementSelector.pressDecrementWrap" end time: Aug 03 22:26 CEST
"IncrementDecrementSelector.pressDecrementWrap" time elapsed: 00:00:00
----------------------------------------------------------

170/182 Testing: IncrementDecrementSelector.reset
170/182 Test: IncrementDecrementSelector.reset
Command: "/home/pieter/GitHub/Control-Surface/build/bin/tests" "--gtest_filter=IncrementDecrementSelector.reset" "--gtest_also_run_disabled_tests"
Directory: /home/pieter/GitHub/Control-Surface/build
"IncrementDecrementSelector.reset" start time: Aug 03 22:26 CEST
Output:
----------------------------------------------------------
Note: Google Test filter = IncrementDecrementSelector.reset
[==========] Running 1 test from 1 test suite.
[----------] Global test environment set-up.
[----------] 1 test from IncrementDecrementSelector
[ RUN      ] IncrementDecrementSelector.reset
[       OK ] IncrementDecrementSelector.reset (0 ms)
[----------] 1 test from IncrementDecrementSelector (0 ms total)

[----------] Global test environment tear-down
[==========] 1 test from 1 test suite ran. (0 ms total)
[  PASSED  ] 1 test.
<end of output>
Test time =   0.02 sec
----------------------------------------------------------
Test Passed.
"IncrementDecrementSelector.reset" end time: Aug 03 22:26 CEST
"IncrementDecrementSelector.reset" time elapsed: 00:00:00
----------------------------------------------------------

171/182 Testing: IncrementDecrementSelector.pressIncrementNoWrap
171/182 Test: IncrementDecrementSelector.pressIncrementNoWrap
Command: "/home/pieter/GitHub/Control-Surface/build/bin/tests" "--gtest_filter=IncrementDecrementSelector.pressIncrementNoWrap" "--gtest_also_run_disabled_tests"
Directory: /home/pieter/GitHub/Control-Surface/build
"IncrementDecrementSelector.pressIncrementNoWrap" start time: Aug 03 22:26 CEST
Output:
----------------------------------------------------------
Note: Google Test filter = IncrementDecrementSelector.pressIncrementNoWrap
[==========] Running 1 test from 1 test suite.
[----------] Global test environment set-up.
[----------] 1 test from IncrementDecrementSelector
[ RUN      ] IncrementDecrementSelector.pressIncrementNoWrap
[       OK ] IncrementDecrementSelector.pressIncrementNoWrap (0 ms)
[----------] 1 test from IncrementDecrementSelector (0 ms total)

[----------] Global test environment tear-down
[==========] 1 test from 1 test suite ran. (0 ms total)
[  PASSED  ] 1 test.
<end of output>
Test time =   0.02 sec
----------------------------------------------------------
Test Passed.
"IncrementDecrementSelector.pressIncrementNoWrap" end time: Aug 03 22:26 CEST
"IncrementDecrementSelector.pressIncrementNoWrap" time elapsed: 00:00:00
----------------------------------------------------------

172/182 Testing: IncrementDecrementSelector.pressDecrementNoWrap
172/182 Test: IncrementDecrementSelector.pressDecrementNoWrap
Command: "/home/pieter/GitHub/Control-Surface/build/bin/tests" "--gtest_filter=IncrementDecrementSelector.pressDecrementNoWrap" "--gtest_also_run_disabled_tests"
Directory: /home/pieter/GitHub/Control-Surface/build
"IncrementDecrementSelector.pressDecrementNoWrap" start time: Aug 03 22:26 CEST
Output:
----------------------------------------------------------
Note: Google Test filter = IncrementDecrementSelector.pressDecrementNoWrap
[==========] Running 1 test from 1 test suite.
[----------] Global test environment set-up.
[----------] 1 test from IncrementDecrementSelector
[ RUN      ] IncrementDecrementSelector.pressDecrementNoWrap
[       OK ] IncrementDecrementSelector.pressDecrementNoWrap (1 ms)
[----------] 1 test from IncrementDecrementSelector (1 ms total)

[----------] Global test environment tear-down
[==========] 1 test from 1 test suite ran. (1 ms total)
[  PASSED  ] 1 test.
<end of output>
Test time =   0.01 sec
----------------------------------------------------------
Test Passed.
"IncrementDecrementSelector.pressDecrementNoWrap" end time: Aug 03 22:26 CEST
"IncrementDecrementSelector.pressDecrementNoWrap" time elapsed: 00:00:00
----------------------------------------------------------

173/182 Testing: IncrementSelector.pressWrap
173/182 Test: IncrementSelector.pressWrap
Command: "/home/pieter/GitHub/Control-Surface/build/bin/tests" "--gtest_filter=IncrementSelector.pressWrap" "--gtest_also_run_disabled_tests"
Directory: /home/pieter/GitHub/Control-Surface/build
"IncrementSelector.pressWrap" start time: Aug 03 22:26 CEST
Output:
----------------------------------------------------------
Note: Google Test filter = IncrementSelector.pressWrap
[==========] Running 1 test from 1 test suite.
[----------] Global test environment set-up.
[----------] 1 test from IncrementSelector
[ RUN      ] IncrementSelector.pressWrap
[       OK ] IncrementSelector.pressWrap (1 ms)
[----------] 1 test from IncrementSelector (1 ms total)

[----------] Global test environment tear-down
[==========] 1 test from 1 test suite ran. (1 ms total)
[  PASSED  ] 1 test.
<end of output>
Test time =   0.02 sec
----------------------------------------------------------
Test Passed.
"IncrementSelector.pressWrap" end time: Aug 03 22:26 CEST
"IncrementSelector.pressWrap" time elapsed: 00:00:00
----------------------------------------------------------

174/182 Testing: IncrementSelector.pressNoWrap
174/182 Test: IncrementSelector.pressNoWrap
Command: "/home/pieter/GitHub/Control-Surface/build/bin/tests" "--gtest_filter=IncrementSelector.pressNoWrap" "--gtest_also_run_disabled_tests"
Directory: /home/pieter/GitHub/Control-Surface/build
"IncrementSelector.pressNoWrap" start time: Aug 03 22:26 CEST
Output:
----------------------------------------------------------
Note: Google Test filter = IncrementSelector.pressNoWrap
[==========] Running 1 test from 1 test suite.
[----------] Global test environment set-up.
[----------] 1 test from IncrementSelector
[ RUN      ] IncrementSelector.pressNoWrap
[       OK ] IncrementSelector.pressNoWrap (1 ms)
[----------] 1 test from IncrementSelector (1 ms total)

[----------] Global test environment tear-down
[==========] 1 test from 1 test suite ran. (1 ms total)
[  PASSED  ] 1 test.
<end of output>
Test time =   0.02 sec
----------------------------------------------------------
Test Passed.
"IncrementSelector.pressNoWrap" end time: Aug 03 22:26 CEST
"IncrementSelector.pressNoWrap" time elapsed: 00:00:00
----------------------------------------------------------

175/182 Testing: ManyButtonsSelector.press
175/182 Test: ManyButtonsSelector.press
Command: "/home/pieter/GitHub/Control-Surface/build/bin/tests" "--gtest_filter=ManyButtonsSelector.press" "--gtest_also_run_disabled_tests"
Directory: /home/pieter/GitHub/Control-Surface/build
"ManyButtonsSelector.press" start time: Aug 03 22:26 CEST
Output:
----------------------------------------------------------
Note: Google Test filter = ManyButtonsSelector.press
[==========] Running 1 test from 1 test suite.
[----------] Global test environment set-up.
[----------] 1 test from ManyButtonsSelector
[ RUN      ] ManyButtonsSelector.press
[       OK ] ManyButtonsSelector.press (1 ms)
[----------] 1 test from ManyButtonsSelector (1 ms total)

[----------] Global test environment tear-down
[==========] 1 test from 1 test suite ran. (1 ms total)
[  PASSED  ] 1 test.
<end of output>
Test time =   0.01 sec
----------------------------------------------------------
Test Passed.
"ManyButtonsSelector.press" end time: Aug 03 22:26 CEST
"ManyButtonsSelector.press" time elapsed: 00:00:00
----------------------------------------------------------

176/182 Testing: millis.millis
176/182 Test: millis.millis
Command: "/home/pieter/GitHub/Control-Surface/build/bin/tests" "--gtest_filter=millis.millis" "--gtest_also_run_disabled_tests"
Directory: /home/pieter/GitHub/Control-Surface/build
"millis.millis" start time: Aug 03 22:26 CEST
Output:
----------------------------------------------------------
Note: Google Test filter = millis.millis
[==========] Running 1 test from 1 test suite.
[----------] Global test environment set-up.
[----------] 1 test from millis
[ RUN      ] millis.millis
[       OK ] millis.millis (0 ms)
[----------] 1 test from millis (0 ms total)

[----------] Global test environment tear-down
[==========] 1 test from 1 test suite ran. (0 ms total)
[  PASSED  ] 1 test.
<end of output>
Test time =   0.01 sec
----------------------------------------------------------
Test Passed.
"millis.millis" end time: Aug 03 22:26 CEST
"millis.millis" time elapsed: 00:00:00
----------------------------------------------------------

177/182 Testing: Serial.write_byte
177/182 Test: Serial.write_byte
Command: "/home/pieter/GitHub/Control-Surface/build/bin/tests" "--gtest_filter=Serial.write_byte" "--gtest_also_run_disabled_tests"
Directory: /home/pieter/GitHub/Control-Surface/build
"Serial.write_byte" start time: Aug 03 22:26 CEST
Output:
----------------------------------------------------------
Note: Google Test filter = Serial.write_byte
[==========] Running 1 test from 1 test suite.
[----------] Global test environment set-up.
[----------] 1 test from Serial
[ RUN      ] Serial.write_byte
[       OK ] Serial.write_byte (0 ms)
[----------] 1 test from Serial (0 ms total)

[----------] Global test environment tear-down
[==========] 1 test from 1 test suite ran. (0 ms total)
[  PASSED  ] 1 test.
<end of output>
Test time =   0.02 sec
----------------------------------------------------------
Test Passed.
"Serial.write_byte" end time: Aug 03 22:26 CEST
"Serial.write_byte" time elapsed: 00:00:00
----------------------------------------------------------

178/182 Testing: Serial.write_bytes
178/182 Test: Serial.write_bytes
Command: "/home/pieter/GitHub/Control-Surface/build/bin/tests" "--gtest_filter=Serial.write_bytes" "--gtest_also_run_disabled_tests"
Directory: /home/pieter/GitHub/Control-Surface/build
"Serial.write_bytes" start time: Aug 03 22:26 CEST
Output:
----------------------------------------------------------
Note: Google Test filter = Serial.write_bytes
[==========] Running 1 test from 1 test suite.
[----------] Global test environment set-up.
[----------] 1 test from Serial
[ RUN      ] Serial.write_bytes
[       OK ] Serial.write_bytes (0 ms)
[----------] 1 test from Serial (0 ms total)

[----------] Global test environment tear-down
[==========] 1 test from 1 test suite ran. (0 ms total)
[  PASSED  ] 1 test.
<end of output>
Test time =   0.02 sec
----------------------------------------------------------
Test Passed.
"Serial.write_bytes" end time: Aug 03 22:26 CEST
"Serial.write_bytes" time elapsed: 00:00:00
----------------------------------------------------------

179/182 Testing: Serial.print_string
179/182 Test: Serial.print_string
Command: "/home/pieter/GitHub/Control-Surface/build/bin/tests" "--gtest_filter=Serial.print_string" "--gtest_also_run_disabled_tests"
Directory: /home/pieter/GitHub/Control-Surface/build
"Serial.print_string" start time: Aug 03 22:26 CEST
Output:
----------------------------------------------------------
Note: Google Test filter = Serial.print_string
[==========] Running 1 test from 1 test suite.
[----------] Global test environment set-up.
[----------] 1 test from Serial
[ RUN      ] Serial.print_string
[       OK ] Serial.print_string (0 ms)
[----------] 1 test from Serial (0 ms total)

[----------] Global test environment tear-down
[==========] 1 test from 1 test suite ran. (0 ms total)
[  PASSED  ] 1 test.
<end of output>
Test time =   0.01 sec
----------------------------------------------------------
Test Passed.
"Serial.print_string" end time: Aug 03 22:26 CEST
"Serial.print_string" time elapsed: 00:00:00
----------------------------------------------------------

180/182 Testing: Serial.println_string
180/182 Test: Serial.println_string
Command: "/home/pieter/GitHub/Control-Surface/build/bin/tests" "--gtest_filter=Serial.println_string" "--gtest_also_run_disabled_tests"
Directory: /home/pieter/GitHub/Control-Surface/build
"Serial.println_string" start time: Aug 03 22:26 CEST
Output:
----------------------------------------------------------
Note: Google Test filter = Serial.println_string
[==========] Running 1 test from 1 test suite.
[----------] Global test environment set-up.
[----------] 1 test from Serial
[ RUN      ] Serial.println_string
[       OK ] Serial.println_string (0 ms)
[----------] 1 test from Serial (0 ms total)

[----------] Global test environment tear-down
[==========] 1 test from 1 test suite ran. (1 ms total)
[  PASSED  ] 1 test.
<end of output>
Test time =   0.02 sec
----------------------------------------------------------
Test Passed.
"Serial.println_string" end time: Aug 03 22:26 CEST
"Serial.println_string" time elapsed: 00:00:00
----------------------------------------------------------

181/182 Testing: Error.exception
181/182 Test: Error.exception
Command: "/home/pieter/GitHub/Control-Surface/build/bin/tests" "--gtest_filter=Error.exception" "--gtest_also_run_disabled_tests"
Directory: /home/pieter/GitHub/Control-Surface/build
"Error.exception" start time: Aug 03 22:26 CEST
Output:
----------------------------------------------------------
Note: Google Test filter = Error.exception
[==========] Running 1 test from 1 test suite.
[----------] Global test environment set-up.
[----------] 1 test from Error
[ RUN      ] Error.exception
[       OK ] Error.exception (0 ms)
[----------] 1 test from Error (0 ms total)

[----------] Global test environment tear-down
[==========] 1 test from 1 test suite ran. (0 ms total)
[  PASSED  ] 1 test.
<end of output>
Test time =   0.01 sec
----------------------------------------------------------
Test Passed.
"Error.exception" end time: Aug 03 22:26 CEST
"Error.exception" time elapsed: 00:00:00
----------------------------------------------------------

182/182 Testing: Error.exceptionWhatErrorCode
182/182 Test: Error.exceptionWhatErrorCode
Command: "/home/pieter/GitHub/Control-Surface/build/bin/tests" "--gtest_filter=Error.exceptionWhatErrorCode" "--gtest_also_run_disabled_tests"
Directory: /home/pieter/GitHub/Control-Surface/build
"Error.exceptionWhatErrorCode" start time: Aug 03 22:26 CEST
Output:
----------------------------------------------------------
Note: Google Test filter = Error.exceptionWhatErrorCode
[==========] Running 1 test from 1 test suite.
[----------] Global test environment set-up.
[----------] 1 test from Error
[ RUN      ] Error.exceptionWhatErrorCode
[virtual void Error_exceptionWhatErrorCode_Test::TestBody() @ line 67]:	An error occured
[       OK ] Error.exceptionWhatErrorCode (0 ms)
[----------] 1 test from Error (0 ms total)

[----------] Global test environment tear-down
[==========] 1 test from 1 test suite ran. (0 ms total)
[  PASSED  ] 1 test.
<end of output>
Test time =   0.01 sec
----------------------------------------------------------
Test Passed.
"Error.exceptionWhatErrorCode" end time: Aug 03 22:26 CEST
"Error.exceptionWhatErrorCode" time elapsed: 00:00:00
----------------------------------------------------------

End testing: Aug 03 22:26 CEST
